Log file open, 06/10/17 20:01:41
LogInit:Display: Running engine for game: asp
LogPlatformFile: Not using cached read wrapper
LogInit:Display: RandInit(1676630420) SRandInit(1676630420).
LogTaskGraph: Started task graph with 5 named threads and 8 total threads with 1 sets of task threads.
LogStats: Stats thread started at 0.088570
LogInit: Using libcurl 7.47.1
LogInit:  - built for x86_64-pc-win32
LogInit:  - supports SSL with OpenSSL/1.0.2g
LogInit:  - supports HTTP deflate (compression) using libz 1.2.8
LogInit:  - other features:
LogInit:      CURL_VERSION_SSL
LogInit:      CURL_VERSION_LIBZ
LogInit:      CURL_VERSION_IPV6
LogInit:      CURL_VERSION_ASYNCHDNS
LogInit:      CURL_VERSION_LARGEFILE
LogInit:      CURL_VERSION_IDN
LogInit:  CurlRequestOptions (configurable via config and command line):
LogInit:  - bVerifyPeer = false  - Libcurl will NOT verify peer certificate
LogInit:  - bUseHttpProxy = false  - Libcurl will NOT use HTTP proxy
LogInit:  - bDontReuseConnections = false  - Libcurl will reuse connections
LogInit:  - CertBundlePath = nullptr  - Libcurl will use whatever was configured at build time.
LogInit: Build: ++UE4+Release-4.15-CL-3450819
LogInit: Engine Version: 4.15.3-3450819+++UE4+Release-4.15
LogInit: Compatible Engine Version: 4.15.0-3299760+++UE4+Release-4.15
LogInit: Net CL: 3299760
LogDevObjectVersion: Number of dev versions registered: 14
LogDevObjectVersion:   Dev-Blueprints (B0D832E4-1F89-4F0D-ACCF-7EB736FD4AA2): 8
LogDevObjectVersion:   Dev-Build (E1C64328-A22C-4D53-A36C-8E866417BD8C): 0
LogDevObjectVersion:   Dev-Core (375EC13C-06E4-48FB-B500-84F0262A717E): 2
LogDevObjectVersion:   Dev-Editor (E4B068ED-F494-42E9-A231-DA0B2E46BB41): 14
LogDevObjectVersion:   Dev-Framework (CFFC743F-43B0-4480-9391-14DF171D2073): 22
LogDevObjectVersion:   Dev-Mobile (B02B49B5-BB20-44E9-A304-32B752E40360): 0
LogDevObjectVersion:   Dev-Networking (A4E4105C-59A1-49B5-A7C5-40C4547EDFEE): 0
LogDevObjectVersion:   Dev-Online (39C831C9-5AE6-47DC-9A44-9C173E1C8E7C): 0
LogDevObjectVersion:   Dev-Physics (78F01B33-EBEA-4F98-B9B4-84EACCB95AA2): 0
LogDevObjectVersion:   Dev-Platform (6631380F-2D4D-43E0-8009-CF276956A95A): 0
LogDevObjectVersion:   Dev-Rendering (12F88B9F-8875-4AFC-A67C-D90C383ABD29): 12
LogDevObjectVersion:   Dev-Sequencer (7B5AE74C-D270-4C10-A958-57980B212A5A): 3
LogDevObjectVersion:   Dev-VR (D7296918-1DD6-4BDD-9DE2-64A83CC13884): 0
LogDevObjectVersion:   Dev-LoadTimes (C2A15278-BFE7-4AFE-6C17-90FF531DF755): 1
LogInit: Compiled (64-bit): May 21 2017 11:02:34
LogInit: Compiled with Visual C++: 19.00.23026.00
LogInit: Build Configuration: Development
LogInit: Branch Name: ++UE4+Release-4.15
LogInit: Command line: -EpicPortal 
LogInit: Base directory: D:/Programs/Epic Games/UE_4.15/Engine/Binaries/Win64/
LogInit: Installed Engine Build: 1
LogInit: Presizing for max 8388607 objects, including 0 objects not considered by GC, pre-allocating 0 bytes for permanent pool.
LogInit: Object subsystem initialized
[2017.06.11-03.01.42:689][  0]LogInit: Selected Device Profile: [Windows]
[2017.06.11-03.01.42:689][  0]LogInit: Applying CVar settings loaded from the selected device profile: [Windows]
[2017.06.11-03.01.42:704][  0]LogInit: Computer: SOYLENTGREEN
[2017.06.11-03.01.42:704][  0]LogInit: User: RayHaleblian
[2017.06.11-03.01.42:704][  0]LogInit: CPU Page size=65536, Cores=4
[2017.06.11-03.01.42:704][  0]LogInit: High frequency timer resolution =2.605757 MHz
[2017.06.11-03.01.42:705][  0]LogMemory: Memory total: Physical=12.0GB (12GB approx)
[2017.06.11-03.01.42:705][  0]LogMemory: Platform Memory Stats for Windows
[2017.06.11-03.01.42:705][  0]LogMemory: Process Physical Memory: 262.74 MB used, 262.74 MB peak
[2017.06.11-03.01.42:705][  0]LogMemory: Process Virtual Memory: 262.65 MB used, 262.65 MB peak
[2017.06.11-03.01.42:705][  0]LogMemory: Physical Memory: 5815.49 MB used,  6463.57 MB free, 12279.06 MB total
[2017.06.11-03.01.42:705][  0]LogMemory: Virtual Memory: 644.09 MB used,  6463.57 MB free, 134217728.00 MB total
[2017.06.11-03.01.42:810][  0]LogTextLocalizationManager: No specific translations for ('en-US') exist, so ('en') translations will be used.
[2017.06.11-03.01.43:901][  0]LogD3D11RHI: D3D11 adapters:
[2017.06.11-03.01.43:943][  0]LogD3D11RHI:    0. 'NVIDIA GeForce GTX 960' (Feature Level 11_0)
[2017.06.11-03.01.43:943][  0]LogD3D11RHI:       2016/0/6139 MB DedicatedVideo/DedicatedSystem/SharedSystem, Outputs:1, VendorId:0x10de
[2017.06.11-03.01.43:945][  0]LogD3D11RHI:    1. 'Microsoft Basic Render Driver' (Feature Level 11_0)
[2017.06.11-03.01.43:945][  0]LogD3D11RHI:       0/0/6139 MB DedicatedVideo/DedicatedSystem/SharedSystem, Outputs:0, VendorId:0x1414
[2017.06.11-03.01.43:945][  0]LogD3D11RHI: Chosen D3D11 Adapter: 0
[2017.06.11-03.01.43:949][  0]LogD3D11RHI: Creating new Direct3DDevice
[2017.06.11-03.01.43:949][  0]LogD3D11RHI:     GPU DeviceId: 0x1401 (for the marketing name, search the web for "GPU Device Id")
[2017.06.11-03.01.43:949][  0]LogWindows: EnumDisplayDevices:
[2017.06.11-03.01.43:949][  0]LogWindows:    0. 'NVIDIA GeForce GTX 960' (P:1 D:1)
[2017.06.11-03.01.43:950][  0]LogWindows:    1. 'NVIDIA GeForce GTX 960' (P:0 D:0)
[2017.06.11-03.01.43:950][  0]LogWindows:    2. 'NVIDIA GeForce GTX 960' (P:0 D:0)
[2017.06.11-03.01.43:950][  0]LogWindows:    3. 'NVIDIA GeForce GTX 960' (P:0 D:0)
[2017.06.11-03.01.43:950][  0]LogWindows: DebugString: FoundDriverCount:4 
[2017.06.11-03.01.43:950][  0]LogD3D11RHI:     Adapter Name: NVIDIA GeForce GTX 960
[2017.06.11-03.01.43:950][  0]LogD3D11RHI:   Driver Version: 382.33 (internal:22.21.13.8233, unified:382.33)
[2017.06.11-03.01.43:950][  0]LogD3D11RHI:      Driver Date: 5-17-2017
[2017.06.11-03.01.43:950][  0]LogRHI: Texture pool is 1361 MB (70% of 1945 MB)
[2017.06.11-03.01.43:976][  0]LogD3D11RHI: Async texture creation enabled
[2017.06.11-03.01.43:989][  0]LogD3D11RHI: GPU Timing Frequency: 1000.000000 (Debug: 2 1)
[2017.06.11-03.01.44:033][  0]LogShaderCompilers: Guid format shader working directory is 7 characters bigger than the processId version (../../../../../../Documents/Unreal Projects/asp/Intermediate/Shaders/WorkingDirectory/5104/).
[2017.06.11-03.01.44:033][  0]LogShaderCompilers: Cleaned the shader compiler working directory 'C:/Users/Ray Haleblian/AppData/Local/Temp/UnrealShaderWorkingDir/6BA638F14AA44375BB2631A4123E6A15/'.
[2017.06.11-03.01.44:033][  0]LogShaderCompilers:Display: Using Local Shader Compiler.
[2017.06.11-03.01.45:670][  0]LogTemp:Display: Loaded TP AllDesktopTargetPlatform
[2017.06.11-03.01.45:753][  0]LogTemp:Display: Loaded TP MacClientTargetPlatform
[2017.06.11-03.01.45:833][  0]LogTemp:Display: Loaded TP MacNoEditorTargetPlatform
[2017.06.11-03.01.45:915][  0]LogTemp:Display: Loaded TP MacServerTargetPlatform
[2017.06.11-03.01.45:995][  0]LogTemp:Display: Loaded TP MacTargetPlatform
[2017.06.11-03.01.46:072][  0]LogTemp:Display: Loaded TP WindowsClientTargetPlatform
[2017.06.11-03.01.46:155][  0]LogTemp:Display: Loaded TP WindowsNoEditorTargetPlatform
[2017.06.11-03.01.46:234][  0]LogTemp:Display: Loaded TP WindowsServerTargetPlatform
[2017.06.11-03.01.46:294][  0]LogTemp:Display: Loaded TP WindowsTargetPlatform
[2017.06.11-03.01.46:373][  0]LogTemp:Display: Loaded TP AndroidTargetPlatform
[2017.06.11-03.01.46:455][  0]LogTemp:Display: Loaded TP Android_ASTCTargetPlatform
[2017.06.11-03.01.46:536][  0]LogTemp:Display: Loaded TP Android_ATCTargetPlatform
[2017.06.11-03.01.46:619][  0]LogTemp:Display: Loaded TP Android_DXTTargetPlatform
[2017.06.11-03.01.46:699][  0]LogTemp:Display: Loaded TP Android_ETC1TargetPlatform
[2017.06.11-03.01.46:778][  0]LogTemp:Display: Loaded TP Android_ETC2TargetPlatform
[2017.06.11-03.01.46:938][  0]LogTemp:Display: Loaded TP Android_MultiTargetPlatform
[2017.06.11-03.01.46:938][  0]LogTemp:Display: Loaded TP Android_PVRTCTargetPlatform
[2017.06.11-03.01.46:989][  0]LogTemp:Display: Loaded TP HTML5TargetPlatform
[2017.06.11-03.01.47:115][  0]LogTemp:Display: Loaded TP IOSTargetPlatform
[2017.06.11-03.01.47:172][  0]LogTemp:Display: Loaded TP TVOSTargetPlatform
[2017.06.11-03.01.47:254][  0]LogTemp:Display: Loaded TP LinuxClientTargetPlatform
[2017.06.11-03.01.47:334][  0]LogTemp:Display: Loaded TP LinuxNoEditorTargetPlatform
[2017.06.11-03.01.47:425][  0]LogTemp:Display: Loaded TP LinuxServerTargetPlatform
[2017.06.11-03.01.47:506][  0]LogTemp:Display: Loaded TP LinuxTargetPlatform
[2017.06.11-03.01.47:507][  0]LogTargetPlatformManager:Display: Building Assets For Windows
[2017.06.11-03.01.48:101][  0]LogDerivedDataCache:Display: Max Cache Size: 512 MB
[2017.06.11-03.01.48:198][  0]LogDerivedDataCache: Loaded boot cache 0.10s 61MB C:/Users/Ray Haleblian/AppData/Local/UnrealEngine/4.15/DerivedDataCache/Boot.ddc.
[2017.06.11-03.01.48:198][  0]LogDerivedDataCache:Display: Loaded Boot cache: C:/Users/Ray Haleblian/AppData/Local/UnrealEngine/4.15/DerivedDataCache/Boot.ddc
[2017.06.11-03.01.48:198][  0]LogDerivedDataCache: FDerivedDataBackendGraph:  Pak pak cache file ../../../../../../Documents/Unreal Projects/asp/DerivedDataCache/DDC.ddp not found, will not use a pak cache.
[2017.06.11-03.01.48:198][  0]LogDerivedDataCache: Unable to find inner node Pak for hierarchical cache Hierarchy.
[2017.06.11-03.01.48:198][  0]LogDerivedDataCache: FDerivedDataBackendGraph:  CompressedPak pak cache file ../../../../../../Documents/Unreal Projects/asp/DerivedDataCache/Compressed.ddp not found, will not use a pak cache.
[2017.06.11-03.01.48:198][  0]LogDerivedDataCache: Unable to find inner node CompressedPak for hierarchical cache Hierarchy.
[2017.06.11-03.01.48:227][  0]LogDerivedDataCache:Display: Pak cache opened for reading ../../../Engine/DerivedDataCache/Compressed.ddp.
[2017.06.11-03.01.48:240][  0]LogDerivedDataCache: Using Local data cache path C:/Users/Ray Haleblian/AppData/Local/UnrealEngine/Common/DerivedDataCache: Writable
[2017.06.11-03.01.48:253][  0]LogSlate: Using Freetype 2.6.0
[2017.06.11-03.01.48:254][  0]LogSlate: SlateFontCache - WITH_FREETYPE: 1, WITH_HARFBUZZ: 1
[2017.06.11-03.01.48:254][  0]LogSlate: SlateFontCache - WITH_FREETYPE: 1, WITH_HARFBUZZ: 1
[2017.06.11-03.01.48:732][  0]LogInit: Selected Device Profile: [Windows]
[2017.06.11-03.01.48:738][  0]LogContentStreaming: Texture pool size is 0.00 MB
[2017.06.11-03.01.49:071][  0]LogMeshUtilities: Using QuadricMeshReduction for automatic static mesh reduction
[2017.06.11-03.01.49:132][  0]LogSimplygon: Simplygon DLL not present - disabling.
[2017.06.11-03.01.49:203][  0]LogMeshUtilities: Using SimplygonSwarm for distributed automatic mesh merging
[2017.06.11-03.01.49:203][  0]LogMeshUtilities: No automatic skeletal mesh reduction module available
[2017.06.11-03.01.49:203][  0]LogMeshUtilities: No automatic mesh merging module available
[2017.06.11-03.01.49:965][  0]LogNetVersion: GetLocalNetworkVersion: CL: 3299760, ProjectName: asp, ProjectVersion: , EngineNetworkVersion: 2, GameNetworkVersion: 0, NetworkChecksum: 2995040226
[2017.06.11-03.01.50:021][  0]LogAssetRegistry: FAssetRegistry took 0.0216 seconds to start up
[2017.06.11-03.01.50:102][  0]LogPackageLocalizationCache: Processed 4 localized package path(s) for 2 prioritized culture(s) in 0.053568 seconds
[2017.06.11-03.01.50:110][  0]LogUObjectArray: 32493 objects as part of root set at end of initial load.
[2017.06.11-03.01.50:110][  0]LogUObjectAllocator: 7077032 out of 0 bytes used by permanent object pool.
[2017.06.11-03.01.50:110][  0]LogUObjectArray: CloseDisregardForGC: 0/0 objects in disregard for GC pool
[2017.06.11-03.01.50:189][  0]LogInit: WinSock: version 1.1 (2.2), MaxSocks=32767, MaxUdp=65467
[2017.06.11-03.01.52:646][  0]LogTcpMessaging: Initializing TcpMessaging bridge
[2017.06.11-03.01.52:740][  0]LogUdpMessaging: Initializing bridge on interface 0.0.0.0:0 to multicast group 230.0.0.1:6666.
[2017.06.11-03.01.53:460][  0]LogMaterial: Uniform references updated for custom material expression Custom.
[2017.06.11-03.01.54:017][  0]SourceControl: Info Source control is disabled
[2017.06.11-03.01.54:085][  0]SourceControl: Info Source control is disabled
[2017.06.11-03.01.54:166][  0]SourceControl: Info Source control is disabled
[2017.06.11-03.01.54:241][  0]SourceControl: Info Source control is disabled
[2017.06.11-03.01.55:743][  0]LogHoudiniEngine: Starting the Houdini Engine module.
[2017.06.11-03.01.55:744][  0]LogHoudiniEngine: Loaded libHAPIL.dll from HFS environment path D:/Programs/Side Effects Software/Houdini 16.0.557/bin
[2017.06.11-03.01.55:744][  0]LogLinker:Warning: Asset '../../../Engine/Plugins/Runtime/HoudiniEngine/Content/houdini_logo.uasset' has been saved with empty engine version. The asset will be loaded but may be incompatible.
[2017.06.11-03.01.55:747][  0]LogLinker:Warning: Asset '../../../Engine/Plugins/Runtime/HoudiniEngine/Content/houdini_default_material.uasset' has been saved with empty engine version. The asset will be loaded but may be incompatible.
[2017.06.11-03.01.55:754][  0]LogLinker:Warning: Asset '../../../Engine/Plugins/Runtime/HoudiniEngine/Content/houdini_bgeo_import.uasset' has been saved with empty engine version. The asset will be loaded but may be incompatible.
[2017.06.11-03.01.57:036][  0]LogHoudiniEngine: Successfully intialized the Houdini Engine API module.
[2017.06.11-03.01.57:687][  0]LogEngine: Initializing Engine...
[2017.06.11-03.02.00:208][  0]LogHMD: SteamVR initialized.  Driver: lighthouse  Display: LHR-78285A3A
[2017.06.11-03.02.00:399][  0]LogStats: UGameplayTagsManager::ConstructGameplayTagTree: Construct from data asset -  0.000 s
[2017.06.11-03.02.00:399][  0]LogStats: UGameplayTagsManager::ConstructGameplayTagTree: GameplayTagTreeChangedEvent.Broadcast -  0.000 s
[2017.06.11-03.02.00:585][  0]LogAIModule: Creating AISystem for world Untitled
[2017.06.11-03.02.00:611][  0]LogInit: XAudio2 using 'HTC-VIVE-0 (NVIDIA High Definition Audio)' : 2 channels at 48 kHz using 16 bits per sample (channel mask 0x3)
[2017.06.11-03.02.00:638][  0]LogInit: FAudioDevice initialized.
[2017.06.11-03.02.00:695][  0]LogDerivedDataCache: Saved boot cache 0.06s 61MB C:/Users/Ray Haleblian/AppData/Local/UnrealEngine/4.15/DerivedDataCache/Boot.ddc.
[2017.06.11-03.02.00:710][  0]LogInit: Texture streaming: Enabled
[2017.06.11-03.02.00:857][  0]LogEngineSessionManager: EngineSessionManager initialized
[2017.06.11-03.02.01:041][  0]LogInit: Transaction tracking system initialized
[2017.06.11-03.02.01:762][  0]BlueprintLog: New page: Editor Load
[2017.06.11-03.02.03:433][  0]LocalizationService: Info Localization service is disabled
[2017.06.11-03.02.04:901][  0]LogConsoleResponse:Display: 
[2017.06.11-03.02.05:201][  0]LogCook:Display: Max memory allowance for cook 16384mb min free memory 0mb
[2017.06.11-03.02.05:201][  0]LogCook:Display: Mobile HDR setting 1
[2017.06.11-03.02.05:959][  0]LogFileCache: Scanning file cache for directory 'D:/Documents/Unreal Projects/asp/Content/' took 0.03s
[2017.06.11-03.02.06:533][  0]LogHoudiniEngineEditor: Starting the Houdini Engine Editor module.
[2017.06.11-03.02.07:285][  0]SourceControl: Info Source control is disabled
[2017.06.11-03.02.07:286][  0]Cmd: MAP LOAD FILE="../../../Engine/Content/Maps/Templates/Template_Default.umap" TEMPLATE=1 SHOWPROGRESS=1 FEATURELEVEL=3
[2017.06.11-03.02.07:286][  0]LightingResults: New page: Lighting Build
[2017.06.11-03.02.07:364][  0]MapCheck: New page: Map Check
[2017.06.11-03.02.07:364][  0]LightingResults: New page: Lighting Build
[2017.06.11-03.02.07:939][  0]LogAIModule: Creating AISystem for world Untitled_1
[2017.06.11-03.02.07:978][  0]LogActorComponent: RegisterComponentWithWorld: (/Temp/Untitled_1.Untitled_1:PersistentLevel.WorldSettings_1.StaticMeshComponent0) Trying to register component with IsPendingKill() == true. Aborting.
[2017.06.11-03.02.07:985][  0]LogEditorServer: Finished looking for orphan Actors (0.000 secs)
[2017.06.11-03.02.07:994][  0]Cmd: MAP CHECKDEP NOCLEARLOG
[2017.06.11-03.02.08:081][  0]MapCheck: Info Map check complete: 0 Error(s), 0 Warning(s), took 86.786ms to complete.
[2017.06.11-03.02.08:081][  0]LogFileHelpers: Loading map 'Template_Default' took 0.796
[2017.06.11-03.02.08:175][  0]LogWindowsTextInputMethodSystem:Display: IME system now deactivated.
[2017.06.11-03.02.08:175][  0]LogWindowsTextInputMethodSystem:Display: IME system now deactivated.
[2017.06.11-03.02.09:067][  0]LogCollectionManager: Loaded 0 collections in 0.001418 seconds
[2017.06.11-03.02.09:574][  0]LogFileCache: Scanning file cache for directory 'D:/Documents/Unreal Projects/asp/Saved/Collections/' took 0.01s
[2017.06.11-03.02.09:575][  0]LogFileCache: Scanning file cache for directory 'D:/Documents/Unreal Projects/asp/Content/Developers/RayHaleblian/Collections/' took 0.01s
[2017.06.11-03.02.09:575][  0]LogFileCache: Scanning file cache for directory 'D:/Documents/Unreal Projects/asp/Content/Collections/' took 0.01s
[2017.06.11-03.02.09:575][  0]LogCollectionManager: Rebuilt the GUID cache for 0 collections in 0.000002 seconds
[2017.06.11-03.02.09:607][  0]LogContentBrowser: Native class hierarchy populated in 0.0230 seconds. Added 2290 classes and 465 folders.
[2017.06.11-03.02.09:752][  0]LogContentBrowser: Native class hierarchy updated for 'WidgetCarousel' in 0.0009 seconds. Added 0 classes and 0 folders.
[2017.06.11-03.02.11:243][  0]LogContentBrowser: Native class hierarchy updated for 'AddContentDialog' in 0.0010 seconds. Added 0 classes and 0 folders.
[2017.06.11-03.02.11:495][  0]LogContentBrowser: Native class hierarchy updated for 'SceneOutliner' in 0.0010 seconds. Added 1 classes and 2 folders.
[2017.06.11-03.02.12:515][  0]LogCrashTracker: Crashtracker disabled due to settings.
[2017.06.11-03.02.12:676][  0]LogUObjectGlobals:Warning: Failed to find object 'Class None.'
[2017.06.11-03.02.12:841][  0]LogContentBrowser: Native class hierarchy updated for 'HierarchicalLODOutliner' in 0.0013 seconds. Added 1 classes and 2 folders.
[2017.06.11-03.02.12:842][  0]LogLoad: (Engine Initialization) Total time: 33.05 seconds
[2017.06.11-03.02.12:842][  0]LogLoad: (Engine Initialization) Total Blueprint compile time: 0.16 seconds
[2017.06.11-03.02.12:842][  0]LogExternalProfiler: No external profilers were discovered.  External profiling features will not be available.
[2017.06.11-03.02.12:852][  0]LogOcInput: OculusInput pre-init called
[2017.06.11-03.02.12:917][  0]LogContentStreaming: Texture pool size now 1000 MB
[2017.06.11-03.02.12:919][  0]LogSlate: Took 0.000404 seconds to synchronously load lazily loaded font '../../../Engine/Content/Slate/Fonts/Roboto-Regular.ttf' (155K)
[2017.06.11-03.02.12:924][  0]LogSlate: Took 0.000410 seconds to synchronously load lazily loaded font '../../../Engine/Content/Slate/Fonts/Roboto-Bold.ttf' (160K)
[2017.06.11-03.02.13:045][  0]LogSlate: Took 0.048189 seconds to synchronously load lazily loaded font '../../../Engine/Content/Editor/Slate/Fonts/FontAwesome.ttf' (139K)
[2017.06.11-03.02.13:979][  0]LogRenderer: Reallocating scene render targets to support 1208x576 NumSamples 1 (Frame:2).
[2017.06.11-03.02.14:905][  1]LogSlate: Took 0.047025 seconds to synchronously load lazily loaded font '../../../Engine/Content/Slate/Fonts/Roboto-Light.ttf' (159K)
[2017.06.11-03.02.16:142][108]LogAssetRegistry: Asset discovery search completed in 26.1428 seconds
[2017.06.11-03.02.16:142][108]LogCollectionManager: Rebuilt the object cache for 0 collections in 0.000010 seconds (found 0 objects)
[2017.06.11-03.02.16:142][108]LogCollectionManager: Fixed up redirectors for 0 collections in 0.000031 seconds (updated 0 objects)
[2017.06.11-03.02.32:310][663]LogSlate: Took 0.000412 seconds to synchronously load lazily loaded font '../../../Engine/Content/Slate/Fonts/Roboto-Light.ttf' (159K)
[2017.06.11-03.02.32:725][663]LogAnimationCompression: Building Anim DDC data for AnimSequence /Game/AnimStarterPack/Death_1.Death_1
[2017.06.11-03.02.32:752][663]LogAIModule: Creating AISystem for world Death_1
[2017.06.11-03.02.32:874][663]Cmd: MAP LOAD FILE="../../../../../../Documents/Unreal Projects/asp/Content/Death_1.umap" TEMPLATE=0 SHOWPROGRESS=1 FEATURELEVEL=3
[2017.06.11-03.02.32:874][663]LightingResults: New page: Lighting Build
[2017.06.11-03.02.32:877][663]LoadErrors: New page: Loading map: Death_1.umap
[2017.06.11-03.02.32:883][663]MapCheck: New page: Map Check
[2017.06.11-03.02.32:883][663]LightingResults: New page: Lighting Build
[2017.06.11-03.02.32:983][663]LogEditorServer: Finished looking for orphan Actors (0.000 secs)
[2017.06.11-03.02.33:032][663]Cmd: MAP CHECKDEP NOCLEARLOG
[2017.06.11-03.02.33:126][663]MapCheck: Info Map check complete: 0 Error(s), 0 Warning(s), took 93.174ms to complete.
[2017.06.11-03.02.33:126][663]LogFileHelpers: Loading map 'Death_1' took 0.253
[2017.06.11-03.02.37:553][ 89]LogRenderer: Reallocating scene render targets to support 1208x596 NumSamples 1 (Frame:1820).
[2017.06.11-03.02.37:607][ 90]LogRenderer: Reallocating scene render targets to support 1208x644 NumSamples 1 (Frame:1822).
[2017.06.11-03.02.37:660][ 91]LogRenderer: Reallocating scene render targets to support 1208x664 NumSamples 1 (Frame:1824).
[2017.06.11-03.02.37:991][114]LogRenderer: Reallocating scene render targets to support 1208x676 NumSamples 1 (Frame:1830).
[2017.06.11-03.02.38:045][115]LogRenderer: Reallocating scene render targets to support 1208x688 NumSamples 1 (Frame:1832).
[2017.06.11-03.02.38:103][116]LogRenderer: Reallocating scene render targets to support 1208x692 NumSamples 1 (Frame:1834).
[2017.06.11-03.02.38:302][124]LogRenderer: Reallocating scene render targets to support 1208x704 NumSamples 1 (Frame:1840).
[2017.06.11-03.02.38:351][125]LogRenderer: Reallocating scene render targets to support 1208x708 NumSamples 1 (Frame:1842).
[2017.06.11-03.02.38:402][126]LogRenderer: Reallocating scene render targets to support 1208x712 NumSamples 1 (Frame:1844).
[2017.06.11-03.02.38:470][127]LogRenderer: Reallocating scene render targets to support 1208x724 NumSamples 1 (Frame:1846).
[2017.06.11-03.02.41:758][451]LogTemp: Repeting last play command: Selected Viewport
[2017.06.11-03.02.41:767][451]LogPlayLevel: PlayLevel: No blueprints needed recompiling
[2017.06.11-03.02.41:823][451]PIE: New page: PIE session: Death_1 (Jun 10, 2017, 1:02:41 PM)
[2017.06.11-03.02.41:824][451]LogPlayLevel: Creating play world package: /Game/UEDPIE_0_Death_1
[2017.06.11-03.02.41:854][451]LogPlayLevel: PIE: StaticDuplicateObject took: (0.029934s)
[2017.06.11-03.02.41:855][451]LogAIModule: Creating AISystem for world Death_1
[2017.06.11-03.02.41:855][451]LogPlayLevel: PIE: World Init took: (0.000964s)
[2017.06.11-03.02.41:855][451]LogPlayLevel: PIE: Created PIE world by copying editor world from /Game/Death_1.Death_1 to /Game/UEDPIE_0_Death_1.Death_1 (0.031424s)
[2017.06.11-03.02.41:905][451]LogInit: XAudio2 using 'HTC-VIVE-0 (NVIDIA High Definition Audio)' : 2 channels at 48 kHz using 16 bits per sample (channel mask 0x3)
[2017.06.11-03.02.41:916][451]LogInit: FAudioDevice initialized.
[2017.06.11-03.02.42:054][451]LogLoad: Game class is 'GameModeBase'
[2017.06.11-03.02.42:084][451]LogWorld: Bringing World /Game/UEDPIE_0_Death_1.Death_1 up for play (max tick rate 0) at 2017.06.10-20.02.42
[2017.06.11-03.02.42:085][451]LogWorld: Bringing up level for play took: 0.002243
[2017.06.11-03.02.42:284][451]LogContentBrowser: Native class hierarchy updated for 'MovieSceneCapture' in 0.0011 seconds. Added 11 classes and 0 folders.
[2017.06.11-03.02.42:328][451]PIE: Info Play in editor start time for /Game/UEDPIE_0_Death_1 0.619
[2017.06.11-03.02.42:443][452]LogRenderer: Reallocating scene render targets to support 1692x988 NumSamples 1 (Frame:1993).
[2017.06.11-03.02.55:314][541]LogWindowsTextInputMethodSystem:Display: IME system now deactivated.
[2017.06.11-03.02.55:315][541]LogWindowsTextInputMethodSystem:Display: IME system now deactivated.
[2017.06.11-03.02.55:631][542]Cmd: QUIT_EDITOR
[2017.06.11-03.02.56:447][542]LogExit: Preparing to exit.
[2017.06.11-03.02.56:935][542]LogDirectoryWatcher: A directory notification for 'D:/Documents/Unreal Projects/asp/Content/' was aborted.
[2017.06.11-03.02.56:963][542]LogHoudiniEngine: HAPI Synchronous Deletion of  Started. HoudiniAsset = 0x0, 
[2017.06.11-03.02.56:968][542]LogExit: Editor shut down
[2017.06.11-03.02.56:969][542]LogExit: Transaction tracking system shut down
[2017.06.11-03.02.57:064][542]LogObj: Freed 0b from 0 cluster array pools.
[2017.06.11-03.02.57:064][542]LogExit: Object subsystem successfully closed.
[2017.06.11-03.02.57:247][542]LogD3D11RHI: Shutdown
[2017.06.11-03.02.57:247][542]LogD3D11RHI: CleanupD3DDevice
[2017.06.11-03.02.57:421][542]LogD3D11RHI: ~FD3D11DynamicRHI
[2017.06.11-03.02.57:455][542]LogModuleManager: Shutting down and abandoning module MovieSceneCapture (512)
[2017.06.11-03.02.57:455][542]LogModuleManager: Shutting down and abandoning module HierarchicalLODOutliner (510)
[2017.06.11-03.02.57:455][542]LogModuleManager: Shutting down and abandoning module CrashTracker (508)
[2017.06.11-03.02.57:455][542]LogModuleManager: Shutting down and abandoning module SceneOutliner (506)
[2017.06.11-03.02.57:455][542]LogModuleManager: Shutting down and abandoning module AddContentDialog (504)
[2017.06.11-03.02.57:455][542]LogDirectoryWatcher: A directory notification for 'D:/Programs/Epic Games/UE_4.15/FeaturePacks/' was aborted.
[2017.06.11-03.02.57:457][542]LogModuleManager: Shutting down and abandoning module WidgetCarousel (503)
[2017.06.11-03.02.57:457][542]LogModuleManager: Shutting down and abandoning module EditorWidgets (500)
[2017.06.11-03.02.57:457][542]LogModuleManager: Shutting down and abandoning module CollectionManager (498)
[2017.06.11-03.02.57:457][542]LogDirectoryWatcher: A directory notification for 'D:/Documents/Unreal Projects/asp/Content/Collections/' was aborted.
[2017.06.11-03.02.57:457][542]LogDirectoryWatcher: A directory notification for 'D:/Documents/Unreal Projects/asp/Content/Developers/RayHaleblian/Collections/' was aborted.
[2017.06.11-03.02.57:457][542]LogDirectoryWatcher: A directory notification for 'D:/Documents/Unreal Projects/asp/Saved/Collections/' was aborted.
[2017.06.11-03.02.57:457][542]LogModuleManager: Shutting down and abandoning module StatsViewer (496)
[2017.06.11-03.02.57:458][542]LogModuleManager: Shutting down and abandoning module FoliageEdit (494)
[2017.06.11-03.02.57:458][542]LogModuleManager: Shutting down and abandoning module LandscapeEditor (492)
[2017.06.11-03.02.57:458][542]LogModuleManager: Shutting down and abandoning module SceneDepthPickerMode (490)
[2017.06.11-03.02.57:458][542]LogModuleManager: Shutting down and abandoning module ActorPickerMode (488)
[2017.06.11-03.02.57:458][542]LogModuleManager: Shutting down and abandoning module GeometryMode (486)
[2017.06.11-03.02.57:458][542]LogModuleManager: Shutting down and abandoning module TextureAlignMode (484)
[2017.06.11-03.02.57:458][542]LogModuleManager: Shutting down and abandoning module BspMode (482)
[2017.06.11-03.02.57:458][542]LogModuleManager: Shutting down and abandoning module HardwareSurvey (480)
[2017.06.11-03.02.57:458][542]LogModuleManager: Shutting down and abandoning module SequenceRecorderSections (478)
[2017.06.11-03.02.57:458][542]LogModuleManager: Shutting down and abandoning module AutomationWorker (476)
[2017.06.11-03.02.57:458][542]LogModuleManager: Shutting down and abandoning module HoudiniEngineEditor (474)
[2017.06.11-03.02.57:458][542]LogHoudiniEngineEditor: Shutting down the Houdini Engine Editor module.
[2017.06.11-03.02.57:458][542]LogModuleManager: Shutting down and abandoning module MatineeToLevelSequence (472)
[2017.06.11-03.02.57:458][542]LogModuleManager: Shutting down and abandoning module LevelSequenceEditor (470)
[2017.06.11-03.02.57:458][542]LogModuleManager: Shutting down and abandoning module PlacementMode (469)
[2017.06.11-03.02.57:458][542]LogModuleManager: Shutting down and abandoning module WmfMediaFactory (466)
[2017.06.11-03.02.57:458][542]LogModuleManager: Shutting down and abandoning module WmfMediaEditor (464)
[2017.06.11-03.02.57:458][542]LogModuleManager: Shutting down and abandoning module MfMediaFactory (462)
[2017.06.11-03.02.57:458][542]LogModuleManager: Shutting down and abandoning module MfMediaEditor (460)
[2017.06.11-03.02.57:458][542]LogModuleManager: Shutting down and abandoning module AvfMediaFactory (458)
[2017.06.11-03.02.57:458][542]LogModuleManager: Shutting down and abandoning module AvfMediaEditor (456)
[2017.06.11-03.02.57:458][542]LogModuleManager: Shutting down and abandoning module AndroidMediaFactory (454)
[2017.06.11-03.02.57:458][542]LogModuleManager: Shutting down and abandoning module Media (453)
[2017.06.11-03.02.57:458][542]LogModuleManager: Shutting down and abandoning module AndroidMediaEditor (450)
[2017.06.11-03.02.57:458][542]LogModuleManager: Shutting down and abandoning module CharacterAI (448)
[2017.06.11-03.02.57:458][542]LogModuleManager: Shutting down and abandoning module AudioCapture (446)
[2017.06.11-03.02.57:459][542]LogModuleManager: Shutting down and abandoning module SequenceRecorder (445)
[2017.06.11-03.02.57:459][542]LogModuleManager: Shutting down and abandoning module SmartSnapping (442)
[2017.06.11-03.02.57:459][542]LogModuleManager: Shutting down and abandoning module SessionServices (440)
[2017.06.11-03.02.57:459][542]LogModuleManager: Shutting down and abandoning module ViewportSnapping (438)
[2017.06.11-03.02.57:459][542]LogModuleManager: Shutting down and abandoning module ViewportInteraction (436)
[2017.06.11-03.02.57:459][542]LogModuleManager: Shutting down and abandoning module LogVisualizer (434)
[2017.06.11-03.02.57:459][542]LogModuleManager: Shutting down and abandoning module IntroTutorials (432)
[2017.06.11-03.02.57:459][542]LogModuleManager: Shutting down and abandoning module GameProjectGeneration (431)
[2017.06.11-03.02.57:459][542]LogModuleManager: Shutting down and abandoning module EditorLiveStreaming (428)
[2017.06.11-03.02.57:459][542]LogModuleManager: Shutting down and abandoning module IOSPlatformEditor (426)
[2017.06.11-03.02.57:459][542]LogModuleManager: Shutting down and abandoning module HTML5PlatformEditor (424)
[2017.06.11-03.02.57:459][542]LogModuleManager: Shutting down and abandoning module AndroidPlatformEditor (422)
[2017.06.11-03.02.57:459][542]LogModuleManager: Shutting down and abandoning module AndroidDeviceDetection (421)
[2017.06.11-03.02.58:270][542]LogModuleManager: Shutting down and abandoning module IOSRuntimeSettings (418)
[2017.06.11-03.02.58:270][542]LogModuleManager: Shutting down and abandoning module AndroidRuntimeSettings (416)
[2017.06.11-03.02.58:270][542]LogModuleManager: Shutting down and abandoning module InputBindingEditor (414)
[2017.06.11-03.02.58:270][542]LogModuleManager: Shutting down and abandoning module NiagaraEditor (412)
[2017.06.11-03.02.58:270][542]LogModuleManager: Shutting down and abandoning module MergeActors (410)
[2017.06.11-03.02.58:270][542]LogModuleManager: Shutting down and abandoning module SizeMap (408)
[2017.06.11-03.02.58:270][542]LogModuleManager: Shutting down and abandoning module TreeMap (406)
[2017.06.11-03.02.58:270][542]LogModuleManager: Shutting down and abandoning module ReferenceViewer (404)
[2017.06.11-03.02.58:270][542]LogModuleManager: Shutting down and abandoning module LocalizationDashboard (402)
[2017.06.11-03.02.58:270][542]LogModuleManager: Shutting down and abandoning module LocalizationService (401)
[2017.06.11-03.02.58:270][542]LogModuleManager: Shutting down and abandoning module HardwareTargeting (398)
[2017.06.11-03.02.58:270][542]LogModuleManager: Shutting down and abandoning module DeviceProfileEditor (396)
[2017.06.11-03.02.58:270][542]LogModuleManager: Shutting down and abandoning module UndoHistory (394)
[2017.06.11-03.02.58:270][542]LogModuleManager: Shutting down and abandoning module UserFeedback (392)
[2017.06.11-03.02.58:270][542]LogModuleManager: Shutting down and abandoning module XmlParser (390)
[2017.06.11-03.02.58:270][542]LogModuleManager: Shutting down and abandoning module Blutility (388)
[2017.06.11-03.02.58:270][542]LogModuleManager: Shutting down and abandoning module ProjectSettingsViewer (386)
[2017.06.11-03.02.58:270][542]LogModuleManager: Shutting down and abandoning module ProjectTargetPlatformEditor (385)
[2017.06.11-03.02.58:271][542]LogModuleManager: Shutting down and abandoning module EditorSettingsViewer (382)
[2017.06.11-03.02.58:271][542]LogModuleManager: Shutting down and abandoning module SettingsEditor (380)
[2017.06.11-03.02.58:271][542]LogModuleManager: Shutting down and abandoning module ProjectLauncher (378)
[2017.06.11-03.02.58:271][542]LogModuleManager: Shutting down and abandoning module SessionFrontend (376)
[2017.06.11-03.02.58:271][542]LogModuleManager: Shutting down and abandoning module ProfilerClient (374)
[2017.06.11-03.02.58:271][542]LogModuleManager: Shutting down and abandoning module DeviceManager (372)
[2017.06.11-03.02.58:271][542]LogModuleManager: Shutting down and abandoning module TargetDeviceServices (371)
[2017.06.11-03.02.58:315][542]LogModuleManager: Shutting down and abandoning module AutomationController (368)
[2017.06.11-03.02.58:315][542]LogModuleManager: Shutting down and abandoning module AutomationWindow (366)
[2017.06.11-03.02.58:315][542]LogModuleManager: Shutting down and abandoning module Layers (364)
[2017.06.11-03.02.58:315][542]LogModuleManager: Shutting down and abandoning module ComponentVisualizers (362)
[2017.06.11-03.02.58:315][542]LogModuleManager: Shutting down and abandoning module DetailCustomizations (360)
[2017.06.11-03.02.58:315][542]LogModuleManager: Shutting down and abandoning module PackagesDialog (358)
[2017.06.11-03.02.58:315][542]LogModuleManager: Shutting down and abandoning module Persona (356)
[2017.06.11-03.02.58:315][542]LogModuleManager: Shutting down and abandoning module AnimGraph (355)
[2017.06.11-03.02.58:315][542]LogModuleManager: Shutting down and abandoning module Kismet (352)
[2017.06.11-03.02.58:316][542]LogModuleManager: Shutting down and abandoning module GraphEditor (350)
[2017.06.11-03.02.58:316][542]LogModuleManager: Shutting down and abandoning module ClassViewer (348)
[2017.06.11-03.02.58:316][542]LogModuleManager: Shutting down and abandoning module Toolbox (346)
[2017.06.11-03.02.58:316][542]LogModuleManager: Shutting down and abandoning module ModuleUI (344)
[2017.06.11-03.02.58:316][542]LogModuleManager: Shutting down and abandoning module MovieSceneTools (342)
[2017.06.11-03.02.58:316][542]LogModuleManager: Shutting down and abandoning module OutputLog (340)
[2017.06.11-03.02.58:316][542]LogModuleManager: Shutting down and abandoning module GammaUI (338)
[2017.06.11-03.02.58:316][542]LogModuleManager: Shutting down and abandoning module Documentation (336)
[2017.06.11-03.02.58:316][542]LogModuleManager: Shutting down and abandoning module Niagara (334)
[2017.06.11-03.02.58:316][542]LogModuleManager: Shutting down and abandoning module StreamingPauseRendering (332)
[2017.06.11-03.02.58:316][542]LogModuleManager: Shutting down and abandoning module AnalyticsET (330)
[2017.06.11-03.02.58:316][542]LogModuleManager: Shutting down and abandoning module PortalServices (328)
[2017.06.11-03.02.58:316][542]LogModuleManager: Shutting down and abandoning module PortalRpc (326)
[2017.06.11-03.02.58:316][542]LogModuleManager: Shutting down and abandoning module MessagingRpc (324)
[2017.06.11-03.02.58:316][542]LogModuleManager: Shutting down and abandoning module AIModule (322)
[2017.06.11-03.02.58:316][542]LogModuleManager: Shutting down and abandoning module GameplayDebugger (321)
[2017.06.11-03.02.58:316][542]LogModuleManager: Shutting down and abandoning module AITestSuite (319)
[2017.06.11-03.02.58:316][542]LogModuleManager: Shutting down and abandoning module ProfilerService (316)
[2017.06.11-03.02.58:390][542]LogModuleManager: Shutting down and abandoning module TaskGraph (314)
[2017.06.11-03.02.58:390][542]LogModuleManager: Shutting down and abandoning module SteamVRController (312)
[2017.06.11-03.02.58:390][542]LogModuleManager: Shutting down and abandoning module SteamVR (310)
[2017.06.11-03.02.58:390][542]LogModuleManager: Shutting down and abandoning module ProceduralMeshComponentEditor (308)
[2017.06.11-03.02.58:390][542]LogModuleManager: Shutting down and abandoning module ProceduralMeshComponent (306)
[2017.06.11-03.02.58:390][542]LogModuleManager: Shutting down and abandoning module OculusLibrary (304)
[2017.06.11-03.02.58:390][542]LogModuleManager: Shutting down and abandoning module OculusInput (302)
[2017.06.11-03.02.58:390][542]LogModuleManager: Shutting down and abandoning module MobilePatchingUtils (300)
[2017.06.11-03.02.58:390][542]LogModuleManager: Shutting down and abandoning module HoudiniEngineRuntime (298)
[2017.06.11-03.02.58:390][542]LogHoudiniEngine: Shutting down the Houdini Engine module.
[2017.06.11-03.02.58:392][542]LogModuleManager: Shutting down and abandoning module FabricImporters (296)
[2017.06.11-03.02.58:392][542]LogModuleManager: Shutting down and abandoning module FabricCore (294)
[2017.06.11-03.02.58:393][542]LogModuleManager: Shutting down and abandoning module FabricUI (292)
[2017.06.11-03.02.58:393][542]LogModuleManager: Shutting down and abandoning module CustomMeshComponent (290)
[2017.06.11-03.02.58:393][542]LogModuleManager: Shutting down and abandoning module CableComponent (288)
[2017.06.11-03.02.58:393][542]LogModuleManager: Shutting down and abandoning module ArchVisCharacter (286)
[2017.06.11-03.02.58:393][542]LogModuleManager: Shutting down and abandoning module MediaPlayerEditor (282)
[2017.06.11-03.02.58:393][542]LogModuleManager: Shutting down and abandoning module HTML5Networking (280)
[2017.06.11-03.02.58:393][542]LogModuleManager: Shutting down and abandoning module AlembicImporter (278)
[2017.06.11-03.02.58:393][542]LogModuleManager: Shutting down and abandoning module AlembicLibrary (277)
[2017.06.11-03.02.58:393][542]LogModuleManager: Shutting down and abandoning module GeometryCache (276)
[2017.06.11-03.02.58:393][542]LogModuleManager: Shutting down and abandoning module GeometryCacheEd (275)
[2017.06.11-03.02.58:393][542]LogModuleManager: Shutting down and abandoning module SuperSearchEditor (270)
[2017.06.11-03.02.58:393][542]LogModuleManager: Shutting down and abandoning module SuperSearch (269)
[2017.06.11-03.02.58:393][542]LogModuleManager: Shutting down and abandoning module SpeedTreeImporter (266)
[2017.06.11-03.02.58:393][542]LogModuleManager: Shutting down and abandoning module PluginBrowser (264)
[2017.06.11-03.02.58:393][542]LogModuleManager: Shutting down and abandoning module MobileLauncherProfileWizard (262)
[2017.06.11-03.02.58:393][542]LogModuleManager: Shutting down and abandoning module EpicSurvey (260)
[2017.06.11-03.02.58:393][542]LogModuleManager: Shutting down and abandoning module VisualStudioSourceCodeAccess (258)
[2017.06.11-03.02.58:393][542]LogModuleManager: Shutting down and abandoning module DesktopPlatform (257)
[2017.06.11-03.02.58:393][542]LogModuleManager: Shutting down and abandoning module UObjectPlugin (254)
[2017.06.11-03.02.58:393][542]LogModuleManager: Shutting down and abandoning module SubversionSourceControl (252)
[2017.06.11-03.02.58:393][542]LogModuleManager: Shutting down and abandoning module PerforceSourceControl (250)
[2017.06.11-03.02.58:393][542]LogModuleManager: Shutting down and abandoning module GitSourceControl (248)
[2017.06.11-03.02.58:393][542]LogModuleManager: Shutting down and abandoning module SourceControl (247)
[2017.06.11-03.02.58:393][542]LogModuleManager: Shutting down and abandoning module LightPropagationVolumeEditor (244)
[2017.06.11-03.02.58:393][542]LogModuleManager: Shutting down and abandoning module PaperTiledImporter (242)
[2017.06.11-03.02.58:393][542]LogModuleManager: Shutting down and abandoning module PaperSpriteSheetImporter (240)
[2017.06.11-03.02.58:393][542]LogModuleManager: Shutting down and abandoning module Paper2DEditor (238)
[2017.06.11-03.02.58:393][542]LogModuleManager: Shutting down and abandoning module MeshPaint (237)
[2017.06.11-03.02.58:394][542]LogModuleManager: Shutting down and abandoning module LevelEditor (235)
[2017.06.11-03.02.58:397][542]LogModuleManager: Shutting down and abandoning module PixelInspectorModule (234)
[2017.06.11-03.02.58:397][542]LogModuleManager: Shutting down and abandoning module MainFrame (232)
[2017.06.11-03.02.58:397][542]LogModuleManager: Shutting down and abandoning module HotReload (231)
[2017.06.11-03.02.58:398][542]LogModuleManager: Shutting down and abandoning module ContentBrowser (227)
[2017.06.11-03.02.58:401][542]LogModuleManager: Shutting down and abandoning module PhysXVehiclesEditor (224)
[2017.06.11-03.02.58:401][542]LogModuleManager: Shutting down and abandoning module PhysXVehicles (222)
[2017.06.11-03.02.58:401][542]LogModuleManager: Shutting down and abandoning module LocationServicesBPLibrary (220)
[2017.06.11-03.02.58:401][542]LogModuleManager: Shutting down and abandoning module FabricCppRuntime (218)
[2017.06.11-03.02.58:401][542]LogModuleManager: Shutting down and abandoning module UdpMessaging (216)
[2017.06.11-03.02.58:501][542]LogModuleManager: Shutting down and abandoning module TcpMessaging (214)
[2017.06.11-03.02.58:603][542]LogModuleManager: Shutting down and abandoning module GameplayTagsEditor (212)
[2017.06.11-03.02.58:603][542]LogModuleManager: Shutting down and abandoning module FacialAnimationEditor (210)
[2017.06.11-03.02.58:603][542]LogModuleManager: Shutting down and abandoning module FacialAnimation (208)
[2017.06.11-03.02.58:603][542]LogModuleManager: Shutting down and abandoning module LightPropagationVolumeRuntime (206)
[2017.06.11-03.02.58:603][542]LogModuleManager: Shutting down and abandoning module Paper2D (204)
[2017.06.11-03.02.58:603][542]LogModuleManager: Shutting down and abandoning module WindowsMoviePlayer (202)
[2017.06.11-03.02.58:603][542]LogModuleManager: Shutting down and abandoning module WmfMedia (200)
[2017.06.11-03.02.58:603][542]LogModuleManager: Shutting down and abandoning module MfMedia (198)
[2017.06.11-03.02.58:603][542]LogModuleManager: Shutting down and abandoning module MediaAssets (196)
[2017.06.11-03.02.58:603][542]LogModuleManager: Shutting down and abandoning module GameLiveStreaming (194)
[2017.06.11-03.02.58:603][542]LogModuleManager: Shutting down and abandoning module VREditor (192)
[2017.06.11-03.02.58:603][542]LogModuleManager: Shutting down and abandoning module GameplayTasksEditor (190)
[2017.06.11-03.02.58:603][542]LogModuleManager: Shutting down and abandoning module BehaviorTreeEditor (188)
[2017.06.11-03.02.58:603][542]LogModuleManager: Shutting down and abandoning module FunctionalTesting (186)
[2017.06.11-03.02.58:603][542]LogModuleManager: Shutting down and abandoning module CollisionAnalyzer (184)
[2017.06.11-03.02.58:603][542]LogModuleManager: Shutting down and abandoning module UMG (182)
[2017.06.11-03.02.58:603][542]LogModuleManager: Shutting down and abandoning module UMGEditor (181)
[2017.06.11-03.02.58:603][542]LogModuleManager: Shutting down and abandoning module Sequencer (180)
[2017.06.11-03.02.58:603][542]LogModuleManager: Shutting down and abandoning module AssetTools (178)
[2017.06.11-03.02.58:603][542]LogModuleManager: Shutting down and abandoning module MessageLog (177)
[2017.06.11-03.02.58:604][542]LogModuleManager: Shutting down and abandoning module WorkspaceMenuStructure (176)
[2017.06.11-03.02.58:604][542]LogModuleManager: Shutting down and abandoning module SlateReflector (170)
[2017.06.11-03.02.58:604][542]LogModuleManager: Shutting down and abandoning module Slate (168)
[2017.06.11-03.02.58:604][542]LogModuleManager: Shutting down and abandoning module EditorStyle (166)
[2017.06.11-03.02.58:606][542]LogModuleManager: Shutting down and abandoning module SourceCodeAccess (164)
[2017.06.11-03.02.58:606][542]LogModuleManager: Shutting down and abandoning module HeadMountedDisplay (162)
[2017.06.11-03.02.58:606][542]LogModuleManager: Shutting down and abandoning module XAudio2 (160)
[2017.06.11-03.02.58:606][542]LogModuleManager: Shutting down and abandoning module Networking (158)
[2017.06.11-03.02.58:606][542]LogModuleManager: Shutting down and abandoning module Core (154)
[2017.06.11-03.02.58:607][542]LogModuleManager: Shutting down and abandoning module AssetRegistry (152)
[2017.06.11-03.02.58:696][542]LogDirectoryWatcher: A directory notification for '../../../Engine/Content/' was aborted.
[2017.06.11-03.02.58:697][542]LogDirectoryWatcher: A directory notification for '../../../../../../Documents/Unreal Projects/asp/Content/' was aborted.
[2017.06.11-03.02.58:697][542]LogDirectoryWatcher: A directory notification for '../../../Engine/Plugins/2D/Paper2D/Content/' was aborted.
[2017.06.11-03.02.58:697][542]LogDirectoryWatcher: A directory notification for '../../../Engine/Plugins/Runtime/HoudiniEngine/Content/' was aborted.
[2017.06.11-03.02.58:697][542]LogModuleManager: Shutting down and abandoning module DirectoryWatcher (151)
[2017.06.11-03.02.58:698][542]LogModuleManager: Shutting down and abandoning module KismetCompiler (148)
[2017.06.11-03.02.58:698][542]LogModuleManager: Shutting down and abandoning module PhysXFormats (146)
[2017.06.11-03.02.58:698][542]LogModuleManager: Shutting down and abandoning module MeshUtilities (144)
[2017.06.11-03.02.58:698][542]LogModuleManager: Shutting down and abandoning module SimplygonSwarm (143)
[2017.06.11-03.02.58:698][542]LogModuleManager: Shutting down and abandoning module SimplygonMeshReduction (141)
[2017.06.11-03.02.58:698][542]LogModuleManager: Shutting down and abandoning module QuadricMeshReduction (139)
[2017.06.11-03.02.58:698][542]LogModuleManager: Shutting down and abandoning module PropertyEditor (137)
[2017.06.11-03.02.58:698][542]LogModuleManager: Shutting down and abandoning module DerivedDataCache (134)
[2017.06.11-03.02.59:039][542]LogDerivedDataCache: Shutdown
[2017.06.11-03.02.59:039][542]LogModuleManager: Shutting down and abandoning module TargetPlatform (132)
[2017.06.11-03.02.59:039][542]LogModuleManager: Shutting down and abandoning module VulkanShaderFormat (131)
[2017.06.11-03.02.59:039][542]LogModuleManager: Shutting down and abandoning module ShaderFormatOpenGL (129)
[2017.06.11-03.02.59:039][542]LogModuleManager: Shutting down and abandoning module ShaderFormatD3D (127)
[2017.06.11-03.02.59:039][542]LogModuleManager: Shutting down and abandoning module MetalShaderFormat (125)
[2017.06.11-03.02.59:039][542]LogModuleManager: Shutting down and abandoning module TextureFormatUncompressed (123)
[2017.06.11-03.02.59:039][542]LogModuleManager: Shutting down and abandoning module TextureFormatPVR (121)
[2017.06.11-03.02.59:039][542]LogModuleManager: Shutting down and abandoning module TextureFormatDXT (119)
[2017.06.11-03.02.59:039][542]LogModuleManager: Shutting down and abandoning module TextureFormatIntelISPCTexComp (117)
[2017.06.11-03.02.59:039][542]LogModuleManager: Shutting down and abandoning module TextureFormatASTC (115)
[2017.06.11-03.02.59:039][542]LogModuleManager: Shutting down and abandoning module ImageWrapper (114)
[2017.06.11-03.02.59:039][542]LogModuleManager: Shutting down and abandoning module TextureFormatAndroid (111)
[2017.06.11-03.02.59:039][542]LogModuleManager: Shutting down and abandoning module AudioFormatOpus (109)
[2017.06.11-03.02.59:039][542]LogModuleManager: Shutting down and abandoning module AudioFormatOgg (107)
[2017.06.11-03.02.59:039][542]LogModuleManager: Shutting down and abandoning module AudioFormatADPCM (105)
[2017.06.11-03.02.59:039][542]LogModuleManager: Shutting down and abandoning module LinuxTargetPlatform (103)
[2017.06.11-03.02.59:039][542]LogModuleManager: Shutting down and abandoning module LinuxServerTargetPlatform (101)
[2017.06.11-03.02.59:039][542]LogModuleManager: Shutting down and abandoning module LinuxNoEditorTargetPlatform (99)
[2017.06.11-03.02.59:039][542]LogModuleManager: Shutting down and abandoning module LinuxClientTargetPlatform (97)
[2017.06.11-03.02.59:039][542]LogModuleManager: Shutting down and abandoning module TVOSTargetPlatform (95)
[2017.06.11-03.02.59:039][542]LogModuleManager: Shutting down and abandoning module Messaging (93)
[2017.06.11-03.02.59:039][542]LogModuleManager: Shutting down and abandoning module IOSTargetPlatform (91)
[2017.06.11-03.02.59:039][542]LogModuleManager: Shutting down and abandoning module HTML5TargetPlatform (89)
[2017.06.11-03.02.59:039][542]LogModuleManager: Shutting down and abandoning module Android_PVRTCTargetPlatform (87)
[2017.06.11-03.02.59:039][542]LogModuleManager: Shutting down and abandoning module Android_MultiTargetPlatform (85)
[2017.06.11-03.02.59:039][542]LogModuleManager: Shutting down and abandoning module Android_ETC2TargetPlatform (83)
[2017.06.11-03.02.59:039][542]LogModuleManager: Shutting down and abandoning module Android_ETC1TargetPlatform (81)
[2017.06.11-03.02.59:039][542]LogModuleManager: Shutting down and abandoning module Android_DXTTargetPlatform (79)
[2017.06.11-03.02.59:039][542]LogModuleManager: Shutting down and abandoning module Android_ATCTargetPlatform (77)
[2017.06.11-03.02.59:039][542]LogModuleManager: Shutting down and abandoning module Android_ASTCTargetPlatform (75)
[2017.06.11-03.02.59:039][542]LogModuleManager: Shutting down and abandoning module AndroidTargetPlatform (73)
[2017.06.11-03.02.59:039][542]LogModuleManager: Shutting down and abandoning module WindowsTargetPlatform (71)
[2017.06.11-03.02.59:039][542]LogModuleManager: Shutting down and abandoning module WindowsServerTargetPlatform (69)
[2017.06.11-03.02.59:039][542]LogModuleManager: Shutting down and abandoning module WindowsNoEditorTargetPlatform (67)
[2017.06.11-03.02.59:039][542]LogModuleManager: Shutting down and abandoning module WindowsClientTargetPlatform (65)
[2017.06.11-03.02.59:039][542]LogModuleManager: Shutting down and abandoning module MacTargetPlatform (63)
[2017.06.11-03.02.59:039][542]LogModuleManager: Shutting down and abandoning module MacServerTargetPlatform (61)
[2017.06.11-03.02.59:039][542]LogModuleManager: Shutting down and abandoning module MacNoEditorTargetPlatform (59)
[2017.06.11-03.02.59:039][542]LogModuleManager: Shutting down and abandoning module MacClientTargetPlatform (57)
[2017.06.11-03.02.59:039][542]LogModuleManager: Shutting down and abandoning module AllDesktopTargetPlatform (55)
[2017.06.11-03.02.59:039][542]LogModuleManager: Shutting down and abandoning module InputCore (52)
[2017.06.11-03.02.59:039][542]LogModuleManager: Shutting down and abandoning module Settings (50)
[2017.06.11-03.02.59:039][542]LogModuleManager: Shutting down and abandoning module OculusRift (48)
[2017.06.11-03.02.59:039][542]LogModuleManager: Shutting down and abandoning module GearVR (46)
[2017.06.11-03.02.59:039][542]LogModuleManager: Shutting down and abandoning module ExampleDeviceProfileSelector (44)
[2017.06.11-03.02.59:039][542]LogModuleManager: Shutting down and abandoning module OnlineBlueprintSupport (42)
[2017.06.11-03.02.59:039][542]LogModuleManager: Shutting down and abandoning module OnlineSubsystem (38)
[2017.06.11-03.02.59:039][542]LogOnline:Display: Unloading online subsystem: NULL
[2017.06.11-03.02.59:039][542]LogModuleManager: Shutting down and abandoning module XMPP (37)
[2017.06.11-03.02.59:040][542]LogModuleManager: Shutting down and abandoning module HTTP (35)
[2017.06.11-03.02.59:040][542]LogHttp:Display: Http module shutting down, but needs to wait on 1 outstanding Http requests:
[2017.06.11-03.02.59:040][542]LogHttp:Display: 	verb=[POST] url=[https://datarouter.ol.epicgames.com/datarouter/api/v1/public/data?SessionID=%7B49C9050A-4A08-5DB2-D81B-588AC5DE02BC%7D&AppID=UEEditor.Rocket.Release&AppVersion=4.15.3-3450819%2B%2B%2BUE4%2BRelease-4.15&UserID=cb165c0141654fd15f069ebffb93bce1%7C4d046dc6070d4d409d33fb4ecc42f9fe%7C241ff6bc-7b0f-455d-8cfb-cf3cbaf038db&AppEnvironment=datacollector-binary&UploadType=eteventstream] status=Processing
[2017.06.11-03.02.59:051][542]LogModuleManager: Shutting down and abandoning module SSL (34)
[2017.06.11-03.02.59:053][542]LogModuleManager: Shutting down and abandoning module AudioEditor (30)
[2017.06.11-03.02.59:053][542]LogModuleManager: Shutting down and abandoning module TextureCompressor (28)
[2017.06.11-03.02.59:053][542]LogModuleManager: Shutting down and abandoning module ShaderCore (26)
[2017.06.11-03.02.59:053][542]LogModuleManager: Shutting down and abandoning module Landscape (24)
[2017.06.11-03.02.59:053][542]LogModuleManager: Shutting down and abandoning module SlateRHIRenderer (22)
[2017.06.11-03.02.59:055][542]LogModuleManager: Shutting down and abandoning module OpenGLDrv (20)
[2017.06.11-03.02.59:055][542]LogModuleManager: Shutting down and abandoning module D3D11RHI (18)
[2017.06.11-03.02.59:055][542]LogModuleManager: Shutting down and abandoning module AnimGraphRuntime (16)
[2017.06.11-03.02.59:055][542]LogModuleManager: Shutting down and abandoning module Renderer (14)
[2017.06.11-03.02.59:055][542]LogModuleManager: Shutting down and abandoning module Engine (12)
[2017.06.11-03.02.59:055][542]LogModuleManager: Shutting down and abandoning module CoreUObject (10)
[2017.06.11-03.02.59:055][542]LogModuleManager: Shutting down and abandoning module NetworkFile (8)
[2017.06.11-03.02.59:055][542]LogModuleManager: Shutting down and abandoning module StreamingFile (6)
[2017.06.11-03.02.59:055][542]LogModuleManager: Shutting down and abandoning module SandboxFile (4)
[2017.06.11-03.02.59:055][542]LogModuleManager: Shutting down and abandoning module PakFile (2)
[2017.06.11-03.02.59:059][542]LogExit: Exiting.
[2017.06.11-03.02.59:077][542]Log file closed, 06/10/17 20:02:59
