Log file open, 07/14/17 18:49:44
LogInit:Display: Running engine for game: asp
LogPlatformFile: Not using cached read wrapper
LogInit:Display: RandInit(181524790) SRandInit(181524790).
LogTaskGraph: Started task graph with 5 named threads and 8 total threads with 1 sets of task threads.
LogStats: Stats thread started at 0.106134
LogInit: Using libcurl 7.47.1
LogInit:  - built for x86_64-pc-win32
LogInit:  - supports SSL with OpenSSL/1.0.2g
LogInit:  - supports HTTP deflate (compression) using libz 1.2.8
LogInit:  - other features:
LogInit:      CURL_VERSION_SSL
LogInit:      CURL_VERSION_LIBZ
LogInit:      CURL_VERSION_IPV6
LogInit:      CURL_VERSION_ASYNCHDNS
LogInit:      CURL_VERSION_LARGEFILE
LogInit:      CURL_VERSION_IDN
LogInit:  CurlRequestOptions (configurable via config and command line):
LogInit:  - bVerifyPeer = false  - Libcurl will NOT verify peer certificate
LogInit:  - bUseHttpProxy = false  - Libcurl will NOT use HTTP proxy
LogInit:  - bDontReuseConnections = false  - Libcurl will reuse connections
LogInit:  - CertBundlePath = nullptr  - Libcurl will use whatever was configured at build time.
LogInit: Build: ++UE4+Release-4.15-CL-3450819
LogInit: Engine Version: 4.15.3-3450819+++UE4+Release-4.15
LogInit: Compatible Engine Version: 4.15.0-3299760+++UE4+Release-4.15
LogInit: Net CL: 3299760
LogDevObjectVersion: Number of dev versions registered: 14
LogDevObjectVersion:   Dev-Blueprints (B0D832E4-1F89-4F0D-ACCF-7EB736FD4AA2): 8
LogDevObjectVersion:   Dev-Build (E1C64328-A22C-4D53-A36C-8E866417BD8C): 0
LogDevObjectVersion:   Dev-Core (375EC13C-06E4-48FB-B500-84F0262A717E): 2
LogDevObjectVersion:   Dev-Editor (E4B068ED-F494-42E9-A231-DA0B2E46BB41): 14
LogDevObjectVersion:   Dev-Framework (CFFC743F-43B0-4480-9391-14DF171D2073): 22
LogDevObjectVersion:   Dev-Mobile (B02B49B5-BB20-44E9-A304-32B752E40360): 0
LogDevObjectVersion:   Dev-Networking (A4E4105C-59A1-49B5-A7C5-40C4547EDFEE): 0
LogDevObjectVersion:   Dev-Online (39C831C9-5AE6-47DC-9A44-9C173E1C8E7C): 0
LogDevObjectVersion:   Dev-Physics (78F01B33-EBEA-4F98-B9B4-84EACCB95AA2): 0
LogDevObjectVersion:   Dev-Platform (6631380F-2D4D-43E0-8009-CF276956A95A): 0
LogDevObjectVersion:   Dev-Rendering (12F88B9F-8875-4AFC-A67C-D90C383ABD29): 12
LogDevObjectVersion:   Dev-Sequencer (7B5AE74C-D270-4C10-A958-57980B212A5A): 3
LogDevObjectVersion:   Dev-VR (D7296918-1DD6-4BDD-9DE2-64A83CC13884): 0
LogDevObjectVersion:   Dev-LoadTimes (C2A15278-BFE7-4AFE-6C17-90FF531DF755): 1
LogInit: Compiled (64-bit): May 21 2017 11:02:34
LogInit: Compiled with Visual C++: 19.00.23026.00
LogInit: Build Configuration: Development
LogInit: Branch Name: ++UE4+Release-4.15
LogInit: Command line:  
LogInit: Base directory: D:/Programs/Epic Games/UE_4.15/Engine/Binaries/Win64/
LogInit: Installed Engine Build: 1
LogInit: Presizing for max 8388607 objects, including 0 objects not considered by GC, pre-allocating 0 bytes for permanent pool.
LogInit: Object subsystem initialized
[2017.07.15-01.49.46:612][  0]LogInit: Selected Device Profile: [Windows]
[2017.07.15-01.49.46:612][  0]LogInit: Applying CVar settings loaded from the selected device profile: [Windows]
[2017.07.15-01.49.46:638][  0]LogInit: Computer: SOYLENTGREEN
[2017.07.15-01.49.46:638][  0]LogInit: User: RayHaleblian
[2017.07.15-01.49.46:638][  0]LogInit: CPU Page size=65536, Cores=4
[2017.07.15-01.49.46:638][  0]LogInit: High frequency timer resolution =2.605753 MHz
[2017.07.15-01.49.46:639][  0]LogMemory: Memory total: Physical=12.0GB (12GB approx)
[2017.07.15-01.49.46:639][  0]LogMemory: Platform Memory Stats for Windows
[2017.07.15-01.49.46:639][  0]LogMemory: Process Physical Memory: 262.92 MB used, 262.92 MB peak
[2017.07.15-01.49.46:639][  0]LogMemory: Process Virtual Memory: 262.58 MB used, 262.58 MB peak
[2017.07.15-01.49.46:639][  0]LogMemory: Physical Memory: 5260.71 MB used,  7018.35 MB free, 12279.06 MB total
[2017.07.15-01.49.46:639][  0]LogMemory: Virtual Memory: 644.37 MB used,  7018.35 MB free, 134217728.00 MB total
[2017.07.15-01.49.46:754][  0]LogTextLocalizationManager: No specific translations for ('en-US') exist, so ('en') translations will be used.
[2017.07.15-01.49.48:076][  0]LogD3D11RHI: D3D11 adapters:
[2017.07.15-01.49.48:165][  0]LogD3D11RHI:    0. 'NVIDIA GeForce GTX 960' (Feature Level 11_0)
[2017.07.15-01.49.48:165][  0]LogD3D11RHI:       2016/0/6139 MB DedicatedVideo/DedicatedSystem/SharedSystem, Outputs:2, VendorId:0x10de
[2017.07.15-01.49.48:167][  0]LogD3D11RHI:    1. 'Microsoft Basic Render Driver' (Feature Level 11_0)
[2017.07.15-01.49.48:167][  0]LogD3D11RHI:       0/0/6139 MB DedicatedVideo/DedicatedSystem/SharedSystem, Outputs:0, VendorId:0x1414
[2017.07.15-01.49.48:167][  0]LogD3D11RHI: Chosen D3D11 Adapter: 0
[2017.07.15-01.49.48:174][  0]LogD3D11RHI: Creating new Direct3DDevice
[2017.07.15-01.49.48:174][  0]LogD3D11RHI:     GPU DeviceId: 0x1401 (for the marketing name, search the web for "GPU Device Id")
[2017.07.15-01.49.48:174][  0]LogWindows: EnumDisplayDevices:
[2017.07.15-01.49.48:174][  0]LogWindows:    0. 'NVIDIA GeForce GTX 960' (P:1 D:1)
[2017.07.15-01.49.48:174][  0]LogWindows:    1. 'NVIDIA GeForce GTX 960' (P:0 D:1)
[2017.07.15-01.49.48:174][  0]LogWindows:    2. 'NVIDIA GeForce GTX 960' (P:0 D:0)
[2017.07.15-01.49.48:174][  0]LogWindows:    3. 'NVIDIA GeForce GTX 960' (P:0 D:0)
[2017.07.15-01.49.48:175][  0]LogWindows: DebugString: FoundDriverCount:4 
[2017.07.15-01.49.48:175][  0]LogD3D11RHI:     Adapter Name: NVIDIA GeForce GTX 960
[2017.07.15-01.49.48:175][  0]LogD3D11RHI:   Driver Version: 382.53 (internal:22.21.13.8253, unified:382.53)
[2017.07.15-01.49.48:175][  0]LogD3D11RHI:      Driver Date: 6-7-2017
[2017.07.15-01.49.48:175][  0]LogRHI: Texture pool is 1361 MB (70% of 1945 MB)
[2017.07.15-01.49.48:208][  0]LogD3D11RHI: Async texture creation enabled
[2017.07.15-01.49.48:223][  0]LogD3D11RHI: GPU Timing Frequency: 1000.000000 (Debug: 2 1)
[2017.07.15-01.49.48:309][  0]LogShaderCompilers: Guid format shader working directory is 8 characters bigger than the processId version (../../../../../../Documents/Unreal Projects/asp/Intermediate/Shaders/WorkingDirectory/860/).
[2017.07.15-01.49.48:309][  0]LogShaderCompilers: Cleaned the shader compiler working directory 'C:/Users/Ray Haleblian/AppData/Local/Temp/UnrealShaderWorkingDir/E569B90E4B28F641EF591ABE6D560780/'.
[2017.07.15-01.49.48:309][  0]LogShaderCompilers:Display: Using Local Shader Compiler.
[2017.07.15-01.49.52:276][  0]LogTemp:Display: Loaded TP AllDesktopTargetPlatform
[2017.07.15-01.49.52:389][  0]LogTemp:Display: Loaded TP MacClientTargetPlatform
[2017.07.15-01.49.52:507][  0]LogTemp:Display: Loaded TP MacNoEditorTargetPlatform
[2017.07.15-01.49.52:642][  0]LogTemp:Display: Loaded TP MacServerTargetPlatform
[2017.07.15-01.49.52:760][  0]LogTemp:Display: Loaded TP MacTargetPlatform
[2017.07.15-01.49.52:905][  0]LogTemp:Display: Loaded TP WindowsClientTargetPlatform
[2017.07.15-01.49.53:075][  0]LogTemp:Display: Loaded TP WindowsNoEditorTargetPlatform
[2017.07.15-01.49.53:204][  0]LogTemp:Display: Loaded TP WindowsServerTargetPlatform
[2017.07.15-01.49.53:313][  0]LogTemp:Display: Loaded TP WindowsTargetPlatform
[2017.07.15-01.49.53:469][  0]LogTemp:Display: Loaded TP AndroidTargetPlatform
[2017.07.15-01.49.53:591][  0]LogTemp:Display: Loaded TP Android_ASTCTargetPlatform
[2017.07.15-01.49.53:705][  0]LogTemp:Display: Loaded TP Android_ATCTargetPlatform
[2017.07.15-01.49.53:815][  0]LogTemp:Display: Loaded TP Android_DXTTargetPlatform
[2017.07.15-01.49.53:930][  0]LogTemp:Display: Loaded TP Android_ETC1TargetPlatform
[2017.07.15-01.49.54:048][  0]LogTemp:Display: Loaded TP Android_ETC2TargetPlatform
[2017.07.15-01.49.54:299][  0]LogTemp:Display: Loaded TP Android_MultiTargetPlatform
[2017.07.15-01.49.54:299][  0]LogTemp:Display: Loaded TP Android_PVRTCTargetPlatform
[2017.07.15-01.49.54:393][  0]LogTemp:Display: Loaded TP HTML5TargetPlatform
[2017.07.15-01.49.54:666][  0]LogTemp:Display: Loaded TP IOSTargetPlatform
[2017.07.15-01.49.54:742][  0]LogTemp:Display: Loaded TP TVOSTargetPlatform
[2017.07.15-01.49.54:863][  0]LogTemp:Display: Loaded TP LinuxClientTargetPlatform
[2017.07.15-01.49.54:994][  0]LogTemp:Display: Loaded TP LinuxNoEditorTargetPlatform
[2017.07.15-01.49.55:133][  0]LogTemp:Display: Loaded TP LinuxServerTargetPlatform
[2017.07.15-01.49.55:293][  0]LogTemp:Display: Loaded TP LinuxTargetPlatform
[2017.07.15-01.49.55:293][  0]LogTargetPlatformManager:Display: Building Assets For Windows
[2017.07.15-01.49.56:135][  0]LogDerivedDataCache:Display: Max Cache Size: 512 MB
[2017.07.15-01.49.56:286][  0]LogDerivedDataCache: Loaded boot cache 0.15s 60MB C:/Users/Ray Haleblian/AppData/Local/UnrealEngine/4.15/DerivedDataCache/Boot.ddc.
[2017.07.15-01.49.56:286][  0]LogDerivedDataCache:Display: Loaded Boot cache: C:/Users/Ray Haleblian/AppData/Local/UnrealEngine/4.15/DerivedDataCache/Boot.ddc
[2017.07.15-01.49.56:286][  0]LogDerivedDataCache: FDerivedDataBackendGraph:  Pak pak cache file ../../../../../../Documents/Unreal Projects/asp/DerivedDataCache/DDC.ddp not found, will not use a pak cache.
[2017.07.15-01.49.56:286][  0]LogDerivedDataCache: Unable to find inner node Pak for hierarchical cache Hierarchy.
[2017.07.15-01.49.56:286][  0]LogDerivedDataCache: FDerivedDataBackendGraph:  CompressedPak pak cache file ../../../../../../Documents/Unreal Projects/asp/DerivedDataCache/Compressed.ddp not found, will not use a pak cache.
[2017.07.15-01.49.56:286][  0]LogDerivedDataCache: Unable to find inner node CompressedPak for hierarchical cache Hierarchy.
[2017.07.15-01.49.56:326][  0]LogDerivedDataCache:Display: Pak cache opened for reading ../../../Engine/DerivedDataCache/Compressed.ddp.
[2017.07.15-01.49.56:338][  0]LogDerivedDataCache: Using Local data cache path C:/Users/Ray Haleblian/AppData/Local/UnrealEngine/Common/DerivedDataCache: Writable
[2017.07.15-01.49.56:353][  0]LogSlate: Using Freetype 2.6.0
[2017.07.15-01.49.56:355][  0]LogSlate: SlateFontCache - WITH_FREETYPE: 1, WITH_HARFBUZZ: 1
[2017.07.15-01.49.56:355][  0]LogSlate: SlateFontCache - WITH_FREETYPE: 1, WITH_HARFBUZZ: 1
[2017.07.15-01.49.57:082][  0]LogInit: Selected Device Profile: [Windows]
[2017.07.15-01.49.57:088][  0]LogContentStreaming: Texture pool size is 0.00 MB
[2017.07.15-01.49.57:585][  0]LogMeshUtilities: Using QuadricMeshReduction for automatic static mesh reduction
[2017.07.15-01.49.57:685][  0]LogSimplygon: Simplygon DLL not present - disabling.
[2017.07.15-01.49.57:799][  0]LogMeshUtilities: Using SimplygonSwarm for distributed automatic mesh merging
[2017.07.15-01.49.57:799][  0]LogMeshUtilities: No automatic skeletal mesh reduction module available
[2017.07.15-01.49.57:799][  0]LogMeshUtilities: No automatic mesh merging module available
[2017.07.15-01.49.59:766][  0]LogNetVersion: GetLocalNetworkVersion: CL: 3299760, ProjectName: asp, ProjectVersion: , EngineNetworkVersion: 2, GameNetworkVersion: 0, NetworkChecksum: 2995040226
[2017.07.15-01.49.59:968][  0]LogAssetRegistry: FAssetRegistry took 0.1232 seconds to start up
[2017.07.15-01.50.00:136][  0]LogPackageLocalizationCache: Processed 3 localized package path(s) for 2 prioritized culture(s) in 0.133615 seconds
[2017.07.15-01.50.00:146][  0]LogUObjectArray: 32493 objects as part of root set at end of initial load.
[2017.07.15-01.50.00:146][  0]LogUObjectAllocator: 7077032 out of 0 bytes used by permanent object pool.
[2017.07.15-01.50.00:146][  0]LogUObjectArray: CloseDisregardForGC: 0/0 objects in disregard for GC pool
[2017.07.15-01.50.00:328][  0]LogInit: WinSock: version 1.1 (2.2), MaxSocks=32767, MaxUdp=65467
[2017.07.15-01.50.04:745][  0]LogTcpMessaging: Initializing TcpMessaging bridge
[2017.07.15-01.50.04:823][  0]LogUdpMessaging: Initializing bridge on interface 0.0.0.0:0 to multicast group 230.0.0.1:6666.
[2017.07.15-01.50.05:826][  0]LogMaterial: Uniform references updated for custom material expression Custom.
[2017.07.15-01.50.06:755][  0]SourceControl: Info Source control is disabled
[2017.07.15-01.50.06:893][  0]SourceControl: Info Source control is disabled
[2017.07.15-01.50.07:037][  0]SourceControl: Info Source control is disabled
[2017.07.15-01.50.07:162][  0]SourceControl: Info Source control is disabled
[2017.07.15-01.50.10:139][  0]LogEngine: Initializing Engine...
[2017.07.15-01.50.10:716][  0]LogHMD: SteamVR initialized.  Driver: lighthouse  Display: LHR-78285A3A
[2017.07.15-01.50.10:910][  0]LogStats: UGameplayTagsManager::ConstructGameplayTagTree: Construct from data asset -  0.000 s
[2017.07.15-01.50.10:910][  0]LogStats: UGameplayTagsManager::ConstructGameplayTagTree: GameplayTagTreeChangedEvent.Broadcast -  0.000 s
[2017.07.15-01.50.11:100][  0]LogAIModule: Creating AISystem for world Untitled
[2017.07.15-01.50.11:139][  0]LogInit: XAudio2 using 'HTC-VIVE-4 (NVIDIA High Definition Audio)' : 2 channels at 48 kHz using 16 bits per sample (channel mask 0x3)
[2017.07.15-01.50.11:156][  0]LogInit: FAudioDevice initialized.
[2017.07.15-01.50.11:205][  0]LogDerivedDataCache: Saved boot cache 0.05s 60MB C:/Users/Ray Haleblian/AppData/Local/UnrealEngine/4.15/DerivedDataCache/Boot.ddc.
[2017.07.15-01.50.11:226][  0]LogInit: Texture streaming: Enabled
[2017.07.15-01.50.11:370][  0]LogEngineSessionManager: EngineSessionManager initialized
[2017.07.15-01.50.11:507][  0]LogInit: Transaction tracking system initialized
[2017.07.15-01.50.12:024][  0]BlueprintLog: New page: Editor Load
[2017.07.15-01.50.13:311][  0]LocalizationService: Info Localization service is disabled
[2017.07.15-01.50.14:277][  0]LogConsoleResponse:Display: 
[2017.07.15-01.50.14:475][  0]LogCook:Display: Max memory allowance for cook 16384mb min free memory 0mb
[2017.07.15-01.50.14:476][  0]LogCook:Display: Mobile HDR setting 1
[2017.07.15-01.50.14:558][  0]LogFileCache: Scanning file cache for directory 'D:/Documents/Unreal Projects/asp/Content/' took 0.01s
[2017.07.15-01.50.16:052][  0]SourceControl: Info Source control is disabled
[2017.07.15-01.50.16:052][  0]Cmd: MAP LOAD FILE="../../../Engine/Content/Maps/Templates/Template_Default.umap" TEMPLATE=1 SHOWPROGRESS=1 FEATURELEVEL=3
[2017.07.15-01.50.16:053][  0]LightingResults: New page: Lighting Build
[2017.07.15-01.50.16:110][  0]MapCheck: New page: Map Check
[2017.07.15-01.50.16:110][  0]LightingResults: New page: Lighting Build
[2017.07.15-01.50.16:497][  0]LogAIModule: Creating AISystem for world Untitled_1
[2017.07.15-01.50.16:527][  0]LogActorComponent: RegisterComponentWithWorld: (/Temp/Untitled_1.Untitled_1:PersistentLevel.WorldSettings_1.StaticMeshComponent0) Trying to register component with IsPendingKill() == true. Aborting.
[2017.07.15-01.50.16:535][  0]LogEditorServer: Finished looking for orphan Actors (0.000 secs)
[2017.07.15-01.50.16:540][  0]Cmd: MAP CHECKDEP NOCLEARLOG
[2017.07.15-01.50.16:615][  0]MapCheck: Info Map check complete: 0 Error(s), 0 Warning(s), took 75.683ms to complete.
[2017.07.15-01.50.16:615][  0]LogFileHelpers: Loading map 'Template_Default' took 0.563
[2017.07.15-01.50.16:875][  0]LogCollectionManager: Loaded 0 collections in 0.001580 seconds
[2017.07.15-01.50.16:991][  0]LogFileCache: Scanning file cache for directory 'D:/Documents/Unreal Projects/asp/Saved/Collections/' took 0.01s
[2017.07.15-01.50.16:991][  0]LogFileCache: Scanning file cache for directory 'D:/Documents/Unreal Projects/asp/Content/Developers/RayHaleblian/Collections/' took 0.01s
[2017.07.15-01.50.16:991][  0]LogFileCache: Scanning file cache for directory 'D:/Documents/Unreal Projects/asp/Content/Collections/' took 0.01s
[2017.07.15-01.50.16:991][  0]LogCollectionManager: Rebuilt the GUID cache for 0 collections in 0.000002 seconds
[2017.07.15-01.50.17:006][  0]LogContentBrowser: Native class hierarchy populated in 0.0148 seconds. Added 2245 classes and 453 folders.
[2017.07.15-01.50.17:106][  0]LogContentBrowser: Native class hierarchy updated for 'WidgetCarousel' in 0.0012 seconds. Added 0 classes and 0 folders.
[2017.07.15-01.50.17:202][  0]LogContentBrowser: Native class hierarchy updated for 'AddContentDialog' in 0.0010 seconds. Added 0 classes and 0 folders.
[2017.07.15-01.50.17:268][  0]LogContentBrowser: Native class hierarchy updated for 'SceneOutliner' in 0.0012 seconds. Added 1 classes and 2 folders.
[2017.07.15-01.50.17:341][  0]LogCrashTracker: Crashtracker disabled due to settings.
[2017.07.15-01.50.17:355][  0]LogUObjectGlobals:Warning: Failed to find object 'Class None.'
[2017.07.15-01.50.17:440][  0]LogContentBrowser: Native class hierarchy updated for 'HierarchicalLODOutliner' in 0.0014 seconds. Added 1 classes and 2 folders.
[2017.07.15-01.50.17:441][  0]LogLoad: (Engine Initialization) Total time: 34.65 seconds
[2017.07.15-01.50.17:441][  0]LogLoad: (Engine Initialization) Total Blueprint compile time: 0.30 seconds
[2017.07.15-01.50.17:441][  0]LogExternalProfiler: Found external profiler: VSPerf
[2017.07.15-01.50.17:441][  0]LogExternalProfiler: Using external profiler: VSPerf
[2017.07.15-01.50.17:451][  0]LogOcInput: OculusInput pre-init called
[2017.07.15-01.50.17:475][  0]LogContentStreaming: Texture pool size now 1000 MB
[2017.07.15-01.50.17:477][  0]LogSlate: Took 0.000631 seconds to synchronously load lazily loaded font '../../../Engine/Content/Slate/Fonts/Roboto-Regular.ttf' (155K)
[2017.07.15-01.50.17:482][  0]LogSlate: Took 0.000399 seconds to synchronously load lazily loaded font '../../../Engine/Content/Slate/Fonts/Roboto-Bold.ttf' (160K)
[2017.07.15-01.50.17:492][  0]LogSlate: Took 0.000385 seconds to synchronously load lazily loaded font '../../../Engine/Content/Editor/Slate/Fonts/FontAwesome.ttf' (139K)
[2017.07.15-01.50.17:671][  0]LogSlate: Took 0.000359 seconds to synchronously load lazily loaded font '../../../Engine/Content/Slate/Fonts/Roboto-Light.ttf' (159K)
[2017.07.15-01.50.17:769][  0]LogRenderer: Reallocating scene render targets to support 1208x704 NumSamples 1 (Frame:2).
[2017.07.15-01.50.17:933][  2]LogAssetRegistry: Asset discovery search completed in 18.0876 seconds
[2017.07.15-01.50.17:933][  2]LogCollectionManager: Rebuilt the object cache for 0 collections in 0.000010 seconds (found 0 objects)
[2017.07.15-01.50.17:933][  2]LogCollectionManager: Fixed up redirectors for 0 collections in 0.000033 seconds (updated 0 objects)
[2017.07.15-01.50.27:179][894]LogSlate: Took 0.000333 seconds to synchronously load lazily loaded font '../../../Engine/Content/Slate/Fonts/Roboto-Light.ttf' (159K)
[2017.07.15-01.50.28:157][894]LogSlate: Took 0.000427 seconds to synchronously load lazily loaded font '../../../Engine/Content/Slate/Fonts/Roboto-Regular.ttf' (155K)
[2017.07.15-01.50.28:440][894]LogTexture:Display: Building textures: UE4Man_Logo_N (BC5, 512X512) - 76 MB total VRAM
[2017.07.15-01.50.28:580][894]LogTexture:Display: Building textures: T_ML_Rubber_Blue_01_D (DXT1, 512X512) - 76 MB total VRAM
[2017.07.15-01.50.29:114][894]LogTexture:Display: Building textures: T_ML_Rubber_Blue_01_N (BC5, 512X512) - 76 MB total VRAM
[2017.07.15-01.50.29:236][894]LogTexture:Display: Building textures: T_ML_Aluminum01 (DXT1, 512X512) - 76 MB total VRAM
[2017.07.15-01.50.29:634][894]LogTexture:Display: Building textures: T_ML_Aluminum01_N (BC5, 512X512) - 76 MB total VRAM
[2017.07.15-01.50.29:761][894]LogTexture:Display: Building textures: UE4_Mannequin_MAT_MASKA (AutoDXT, 1024X1024) - 76 MB total VRAM
[2017.07.15-01.50.30:220][894]LogTexture:Display: Building textures: UE4_Mannequin__normals (BC5, 2048X2048) - 76 MB total VRAM
[2017.07.15-01.50.31:215][894]LogTexture:Display: Building textures: UE4_Mannequin_occlusion_Mobile (DXT1, 512X512) - 76 MB total VRAM
[2017.07.15-01.50.31:508][894]LogMaterial: Missing cached shader map for material M_UE4Man_Body, compiling. 
[2017.07.15-01.50.31:563][894]LogTemp:Display: Added material ShaderMap 0x000001D983585280 with Material 0x000001D98359CD00 to ShaderMapsBeingCompiled
[2017.07.15-01.50.31:782][894]LogTemp:Display: Kicking off shader compilation for M_UE4Man_Body, GameThreadShaderMap 0x000001D983585280
[2017.07.15-01.50.31:786][894]LogMaterial: Missing cached shader map for material M_UE4Man_Body, compiling. 
[2017.07.15-01.50.31:789][894]LogTemp:Display: Added material ShaderMap 0x000001D997369600 with Material 0x000001D99ADB8100 to ShaderMapsBeingCompiled
[2017.07.15-01.50.31:925][894]LogTemp:Display: Kicking off shader compilation for M_UE4Man_Body, GameThreadShaderMap 0x000001D997369600
[2017.07.15-01.50.31:979][894]LogAIModule: Creating AISystem for world Death_1
[2017.07.15-01.50.32:319][894]Cmd: MAP LOAD FILE="../../../../../../Documents/Unreal Projects/asp/Content/Death_1.umap" TEMPLATE=0 SHOWPROGRESS=1 FEATURELEVEL=3
[2017.07.15-01.50.32:319][894]LightingResults: New page: Lighting Build
[2017.07.15-01.50.32:321][894]LoadErrors: New page: Loading map: Death_1.umap
[2017.07.15-01.50.32:322][894]MapCheck: New page: Map Check
[2017.07.15-01.50.32:322][894]LightingResults: New page: Lighting Build
[2017.07.15-01.50.32:494][894]LogEditorServer: Finished looking for orphan Actors (0.000 secs)
[2017.07.15-01.50.32:546][894]Cmd: MAP CHECKDEP NOCLEARLOG
[2017.07.15-01.50.32:643][894]MapCheck: Info Map check complete: 0 Error(s), 0 Warning(s), took 97.161ms to complete.
[2017.07.15-01.50.32:643][894]LogFileHelpers: Loading map 'Death_1' took 0.336
[2017.07.15-01.50.36:660][187]LogTemp: Repeting last play command: Selected Viewport
[2017.07.15-01.50.36:754][187]LogPlayLevel: PlayLevel: No blueprints needed recompiling
[2017.07.15-01.50.36:854][187]PIE: New page: PIE session: Death_1 (Jul 14, 2017, 11:50:36 AM)
[2017.07.15-01.50.36:877][187]LogPlayLevel: Creating play world package: /Game/UEDPIE_0_Death_1
[2017.07.15-01.50.36:952][187]LogPlayLevel: PIE: StaticDuplicateObject took: (0.075126s)
[2017.07.15-01.50.36:952][187]LogAIModule: Creating AISystem for world Death_1
[2017.07.15-01.50.36:953][187]LogPlayLevel: PIE: World Init took: (0.000890s)
[2017.07.15-01.50.36:960][187]LogPlayLevel: PIE: Created PIE world by copying editor world from /Game/Death_1.Death_1 to /Game/UEDPIE_0_Death_1.Death_1 (0.091615s)
[2017.07.15-01.50.37:057][187]LogInit: XAudio2 using 'HTC-VIVE-4 (NVIDIA High Definition Audio)' : 2 channels at 48 kHz using 16 bits per sample (channel mask 0x3)
[2017.07.15-01.50.37:068][187]LogInit: FAudioDevice initialized.
[2017.07.15-01.50.37:290][187]LogLoad: Game class is 'GameModeBase'
[2017.07.15-01.50.37:405][187]LogWorld: Bringing World /Game/UEDPIE_0_Death_1.Death_1 up for play (max tick rate 0) at 2017.07.14-18.50.37
[2017.07.15-01.50.37:439][187]LogWorld: Bringing up level for play took: 0.040772
[2017.07.15-01.50.37:734][187]LogContentBrowser: Native class hierarchy updated for 'MovieSceneCapture' in 0.0012 seconds. Added 11 classes and 0 folders.
[2017.07.15-01.50.37:891][187]PIE: Info Play in editor start time for /Game/UEDPIE_0_Death_1 1.763
[2017.07.15-01.50.38:175][188]LogRenderer: Reallocating scene render targets to support 1692x988 NumSamples 1 (Frame:1173).
[2017.07.15-01.50.53:350][263]LogWindowsTextInputMethodSystem:Display: IME system now deactivated.
[2017.07.15-01.50.53:601][264]Cmd: QUIT_EDITOR
[2017.07.15-01.50.54:802][264]LogExit: Preparing to exit.
[2017.07.15-01.50.56:064][264]LogDirectoryWatcher: A directory notification for 'D:/Documents/Unreal Projects/asp/Content/' was aborted.
[2017.07.15-01.50.56:410][264]LogExit: Editor shut down
[2017.07.15-01.50.56:410][264]LogExit: Transaction tracking system shut down
[2017.07.15-01.50.56:416][264]LogTemp:Display: Removed shader map 0x000001D983585280 from material 0x000001D98359CD00
[2017.07.15-01.50.56:416][264]LogTemp:Display: Removed shader map 0x000001D997369600 from material 0x000001D99ADB8100
[2017.07.15-01.50.56:583][264]LogObj: Freed 0b from 0 cluster array pools.
[2017.07.15-01.50.56:584][264]LogExit: Object subsystem successfully closed.
[2017.07.15-01.50.56:600][264]LogD3D11RHI: Shutdown
[2017.07.15-01.50.56:600][264]LogD3D11RHI: CleanupD3DDevice
[2017.07.15-01.50.56:828][264]LogD3D11RHI: ~FD3D11DynamicRHI
[2017.07.15-01.50.56:845][264]LogModuleManager: Shutting down and abandoning module MovieSceneCapture (500)
[2017.07.15-01.50.56:845][264]LogModuleManager: Shutting down and abandoning module HierarchicalLODOutliner (498)
[2017.07.15-01.50.56:845][264]LogModuleManager: Shutting down and abandoning module CrashTracker (496)
[2017.07.15-01.50.56:846][264]LogModuleManager: Shutting down and abandoning module SceneOutliner (494)
[2017.07.15-01.50.56:846][264]LogModuleManager: Shutting down and abandoning module AddContentDialog (492)
[2017.07.15-01.50.56:846][264]LogDirectoryWatcher: A directory notification for 'D:/Programs/Epic Games/UE_4.15/FeaturePacks/' was aborted.
[2017.07.15-01.50.56:848][264]LogModuleManager: Shutting down and abandoning module WidgetCarousel (491)
[2017.07.15-01.50.56:849][264]LogModuleManager: Shutting down and abandoning module EditorWidgets (488)
[2017.07.15-01.50.56:849][264]LogModuleManager: Shutting down and abandoning module CollectionManager (486)
[2017.07.15-01.50.56:849][264]LogDirectoryWatcher: A directory notification for 'D:/Documents/Unreal Projects/asp/Content/Collections/' was aborted.
[2017.07.15-01.50.56:849][264]LogDirectoryWatcher: A directory notification for 'D:/Documents/Unreal Projects/asp/Content/Developers/RayHaleblian/Collections/' was aborted.
[2017.07.15-01.50.56:849][264]LogDirectoryWatcher: A directory notification for 'D:/Documents/Unreal Projects/asp/Saved/Collections/' was aborted.
[2017.07.15-01.50.56:849][264]LogModuleManager: Shutting down and abandoning module StatsViewer (484)
[2017.07.15-01.50.56:849][264]LogModuleManager: Shutting down and abandoning module FoliageEdit (482)
[2017.07.15-01.50.56:849][264]LogModuleManager: Shutting down and abandoning module LandscapeEditor (480)
[2017.07.15-01.50.56:849][264]LogModuleManager: Shutting down and abandoning module SceneDepthPickerMode (478)
[2017.07.15-01.50.56:849][264]LogModuleManager: Shutting down and abandoning module ActorPickerMode (476)
[2017.07.15-01.50.56:849][264]LogModuleManager: Shutting down and abandoning module GeometryMode (474)
[2017.07.15-01.50.56:849][264]LogModuleManager: Shutting down and abandoning module TextureAlignMode (472)
[2017.07.15-01.50.56:849][264]LogModuleManager: Shutting down and abandoning module BspMode (470)
[2017.07.15-01.50.56:849][264]LogModuleManager: Shutting down and abandoning module HardwareSurvey (468)
[2017.07.15-01.50.56:849][264]LogModuleManager: Shutting down and abandoning module SequenceRecorderSections (466)
[2017.07.15-01.50.56:849][264]LogModuleManager: Shutting down and abandoning module AutomationWorker (464)
[2017.07.15-01.50.56:849][264]LogModuleManager: Shutting down and abandoning module MatineeToLevelSequence (462)
[2017.07.15-01.50.56:849][264]LogModuleManager: Shutting down and abandoning module LevelSequenceEditor (460)
[2017.07.15-01.50.56:850][264]LogModuleManager: Shutting down and abandoning module PlacementMode (459)
[2017.07.15-01.50.56:850][264]LogModuleManager: Shutting down and abandoning module WmfMediaFactory (456)
[2017.07.15-01.50.56:850][264]LogModuleManager: Shutting down and abandoning module WmfMediaEditor (454)
[2017.07.15-01.50.56:850][264]LogModuleManager: Shutting down and abandoning module MfMediaFactory (452)
[2017.07.15-01.50.56:850][264]LogModuleManager: Shutting down and abandoning module MfMediaEditor (450)
[2017.07.15-01.50.56:850][264]LogModuleManager: Shutting down and abandoning module AvfMediaFactory (448)
[2017.07.15-01.50.56:850][264]LogModuleManager: Shutting down and abandoning module AvfMediaEditor (446)
[2017.07.15-01.50.56:850][264]LogModuleManager: Shutting down and abandoning module AndroidMediaFactory (444)
[2017.07.15-01.50.56:850][264]LogModuleManager: Shutting down and abandoning module Media (443)
[2017.07.15-01.50.56:850][264]LogModuleManager: Shutting down and abandoning module AndroidMediaEditor (440)
[2017.07.15-01.50.56:850][264]LogModuleManager: Shutting down and abandoning module CharacterAI (438)
[2017.07.15-01.50.56:850][264]LogModuleManager: Shutting down and abandoning module AudioCapture (436)
[2017.07.15-01.50.56:850][264]LogModuleManager: Shutting down and abandoning module SequenceRecorder (435)
[2017.07.15-01.50.56:850][264]LogModuleManager: Shutting down and abandoning module SmartSnapping (432)
[2017.07.15-01.50.56:850][264]LogModuleManager: Shutting down and abandoning module SessionServices (430)
[2017.07.15-01.50.56:850][264]LogModuleManager: Shutting down and abandoning module ViewportSnapping (428)
[2017.07.15-01.50.56:850][264]LogModuleManager: Shutting down and abandoning module ViewportInteraction (426)
[2017.07.15-01.50.56:850][264]LogModuleManager: Shutting down and abandoning module LogVisualizer (424)
[2017.07.15-01.50.56:850][264]LogModuleManager: Shutting down and abandoning module IntroTutorials (422)
[2017.07.15-01.50.56:850][264]LogModuleManager: Shutting down and abandoning module GameProjectGeneration (421)
[2017.07.15-01.50.56:850][264]LogModuleManager: Shutting down and abandoning module EditorLiveStreaming (418)
[2017.07.15-01.50.56:850][264]LogModuleManager: Shutting down and abandoning module IOSPlatformEditor (416)
[2017.07.15-01.50.56:850][264]LogModuleManager: Shutting down and abandoning module HTML5PlatformEditor (414)
[2017.07.15-01.50.56:850][264]LogModuleManager: Shutting down and abandoning module AndroidPlatformEditor (412)
[2017.07.15-01.50.56:850][264]LogModuleManager: Shutting down and abandoning module AndroidDeviceDetection (411)
[2017.07.15-01.50.56:885][264]LogModuleManager: Shutting down and abandoning module IOSRuntimeSettings (408)
[2017.07.15-01.50.56:885][264]LogModuleManager: Shutting down and abandoning module AndroidRuntimeSettings (406)
[2017.07.15-01.50.56:885][264]LogModuleManager: Shutting down and abandoning module InputBindingEditor (404)
[2017.07.15-01.50.56:885][264]LogModuleManager: Shutting down and abandoning module NiagaraEditor (402)
[2017.07.15-01.50.56:885][264]LogModuleManager: Shutting down and abandoning module MergeActors (400)
[2017.07.15-01.50.56:885][264]LogModuleManager: Shutting down and abandoning module SizeMap (398)
[2017.07.15-01.50.56:885][264]LogModuleManager: Shutting down and abandoning module TreeMap (396)
[2017.07.15-01.50.56:885][264]LogModuleManager: Shutting down and abandoning module ReferenceViewer (394)
[2017.07.15-01.50.56:885][264]LogModuleManager: Shutting down and abandoning module LocalizationDashboard (392)
[2017.07.15-01.50.56:885][264]LogModuleManager: Shutting down and abandoning module LocalizationService (391)
[2017.07.15-01.50.56:885][264]LogModuleManager: Shutting down and abandoning module HardwareTargeting (388)
[2017.07.15-01.50.56:885][264]LogModuleManager: Shutting down and abandoning module DeviceProfileEditor (386)
[2017.07.15-01.50.56:885][264]LogModuleManager: Shutting down and abandoning module UndoHistory (384)
[2017.07.15-01.50.56:885][264]LogModuleManager: Shutting down and abandoning module UserFeedback (382)
[2017.07.15-01.50.56:885][264]LogModuleManager: Shutting down and abandoning module XmlParser (380)
[2017.07.15-01.50.56:885][264]LogModuleManager: Shutting down and abandoning module Blutility (378)
[2017.07.15-01.50.56:885][264]LogModuleManager: Shutting down and abandoning module ProjectSettingsViewer (376)
[2017.07.15-01.50.56:890][264]LogModuleManager: Shutting down and abandoning module ProjectTargetPlatformEditor (375)
[2017.07.15-01.50.56:890][264]LogModuleManager: Shutting down and abandoning module EditorSettingsViewer (372)
[2017.07.15-01.50.56:891][264]LogModuleManager: Shutting down and abandoning module SettingsEditor (370)
[2017.07.15-01.50.56:891][264]LogModuleManager: Shutting down and abandoning module ProjectLauncher (368)
[2017.07.15-01.50.56:891][264]LogModuleManager: Shutting down and abandoning module SessionFrontend (366)
[2017.07.15-01.50.56:891][264]LogModuleManager: Shutting down and abandoning module ProfilerClient (364)
[2017.07.15-01.50.56:891][264]LogModuleManager: Shutting down and abandoning module DeviceManager (362)
[2017.07.15-01.50.56:891][264]LogModuleManager: Shutting down and abandoning module TargetDeviceServices (361)
[2017.07.15-01.50.56:934][264]LogModuleManager: Shutting down and abandoning module AutomationController (358)
[2017.07.15-01.50.56:934][264]LogModuleManager: Shutting down and abandoning module AutomationWindow (356)
[2017.07.15-01.50.56:934][264]LogModuleManager: Shutting down and abandoning module Layers (354)
[2017.07.15-01.50.56:934][264]LogModuleManager: Shutting down and abandoning module ComponentVisualizers (352)
[2017.07.15-01.50.56:934][264]LogModuleManager: Shutting down and abandoning module DetailCustomizations (350)
[2017.07.15-01.50.56:934][264]LogModuleManager: Shutting down and abandoning module PackagesDialog (348)
[2017.07.15-01.50.56:934][264]LogModuleManager: Shutting down and abandoning module Persona (346)
[2017.07.15-01.50.56:934][264]LogModuleManager: Shutting down and abandoning module AnimGraph (345)
[2017.07.15-01.50.56:934][264]LogModuleManager: Shutting down and abandoning module Kismet (342)
[2017.07.15-01.50.56:934][264]LogModuleManager: Shutting down and abandoning module GraphEditor (340)
[2017.07.15-01.50.56:935][264]LogModuleManager: Shutting down and abandoning module ClassViewer (338)
[2017.07.15-01.50.56:935][264]LogModuleManager: Shutting down and abandoning module Toolbox (336)
[2017.07.15-01.50.56:935][264]LogModuleManager: Shutting down and abandoning module ModuleUI (334)
[2017.07.15-01.50.56:935][264]LogModuleManager: Shutting down and abandoning module MovieSceneTools (332)
[2017.07.15-01.50.56:935][264]LogModuleManager: Shutting down and abandoning module OutputLog (330)
[2017.07.15-01.50.56:935][264]LogModuleManager: Shutting down and abandoning module GammaUI (328)
[2017.07.15-01.50.56:935][264]LogModuleManager: Shutting down and abandoning module Documentation (326)
[2017.07.15-01.50.56:935][264]LogModuleManager: Shutting down and abandoning module Niagara (324)
[2017.07.15-01.50.56:935][264]LogModuleManager: Shutting down and abandoning module StreamingPauseRendering (322)
[2017.07.15-01.50.56:935][264]LogModuleManager: Shutting down and abandoning module AnalyticsET (320)
[2017.07.15-01.50.56:935][264]LogModuleManager: Shutting down and abandoning module PortalServices (318)
[2017.07.15-01.50.56:935][264]LogModuleManager: Shutting down and abandoning module PortalRpc (316)
[2017.07.15-01.50.56:935][264]LogModuleManager: Shutting down and abandoning module MessagingRpc (314)
[2017.07.15-01.50.56:935][264]LogModuleManager: Shutting down and abandoning module AIModule (312)
[2017.07.15-01.50.56:935][264]LogModuleManager: Shutting down and abandoning module GameplayDebugger (311)
[2017.07.15-01.50.56:935][264]LogModuleManager: Shutting down and abandoning module AITestSuite (309)
[2017.07.15-01.50.56:935][264]LogModuleManager: Shutting down and abandoning module ProfilerService (306)
[2017.07.15-01.50.57:151][264]LogModuleManager: Shutting down and abandoning module TaskGraph (304)
[2017.07.15-01.50.57:151][264]LogModuleManager: Shutting down and abandoning module SteamVRController (302)
[2017.07.15-01.50.57:151][264]LogModuleManager: Shutting down and abandoning module SteamVR (300)
[2017.07.15-01.50.57:151][264]LogModuleManager: Shutting down and abandoning module ProceduralMeshComponentEditor (298)
[2017.07.15-01.50.57:151][264]LogModuleManager: Shutting down and abandoning module ProceduralMeshComponent (296)
[2017.07.15-01.50.57:151][264]LogModuleManager: Shutting down and abandoning module OculusLibrary (294)
[2017.07.15-01.50.57:151][264]LogModuleManager: Shutting down and abandoning module OculusInput (292)
[2017.07.15-01.50.57:151][264]LogModuleManager: Shutting down and abandoning module MobilePatchingUtils (290)
[2017.07.15-01.50.57:151][264]LogModuleManager: Shutting down and abandoning module CustomMeshComponent (288)
[2017.07.15-01.50.57:151][264]LogModuleManager: Shutting down and abandoning module CableComponent (286)
[2017.07.15-01.50.57:151][264]LogModuleManager: Shutting down and abandoning module ArchVisCharacter (284)
[2017.07.15-01.50.57:151][264]LogModuleManager: Shutting down and abandoning module MediaPlayerEditor (280)
[2017.07.15-01.50.57:151][264]LogModuleManager: Shutting down and abandoning module HTML5Networking (278)
[2017.07.15-01.50.57:151][264]LogModuleManager: Shutting down and abandoning module AlembicImporter (276)
[2017.07.15-01.50.57:151][264]LogModuleManager: Shutting down and abandoning module AlembicLibrary (275)
[2017.07.15-01.50.57:151][264]LogModuleManager: Shutting down and abandoning module GeometryCache (274)
[2017.07.15-01.50.57:151][264]LogModuleManager: Shutting down and abandoning module GeometryCacheEd (273)
[2017.07.15-01.50.57:151][264]LogModuleManager: Shutting down and abandoning module SuperSearchEditor (268)
[2017.07.15-01.50.57:151][264]LogModuleManager: Shutting down and abandoning module SuperSearch (267)
[2017.07.15-01.50.57:151][264]LogModuleManager: Shutting down and abandoning module SpeedTreeImporter (264)
[2017.07.15-01.50.57:151][264]LogModuleManager: Shutting down and abandoning module PluginBrowser (262)
[2017.07.15-01.50.57:151][264]LogModuleManager: Shutting down and abandoning module MobileLauncherProfileWizard (260)
[2017.07.15-01.50.57:151][264]LogModuleManager: Shutting down and abandoning module EpicSurvey (258)
[2017.07.15-01.50.57:151][264]LogModuleManager: Shutting down and abandoning module VisualStudioSourceCodeAccess (256)
[2017.07.15-01.50.57:151][264]LogModuleManager: Shutting down and abandoning module DesktopPlatform (255)
[2017.07.15-01.50.57:151][264]LogModuleManager: Shutting down and abandoning module UObjectPlugin (252)
[2017.07.15-01.50.57:151][264]LogModuleManager: Shutting down and abandoning module SubversionSourceControl (250)
[2017.07.15-01.50.57:151][264]LogModuleManager: Shutting down and abandoning module PerforceSourceControl (248)
[2017.07.15-01.50.57:151][264]LogModuleManager: Shutting down and abandoning module GitSourceControl (246)
[2017.07.15-01.50.57:151][264]LogModuleManager: Shutting down and abandoning module SourceControl (245)
[2017.07.15-01.50.57:152][264]LogModuleManager: Shutting down and abandoning module LightPropagationVolumeEditor (242)
[2017.07.15-01.50.57:152][264]LogModuleManager: Shutting down and abandoning module PaperTiledImporter (240)
[2017.07.15-01.50.57:152][264]LogModuleManager: Shutting down and abandoning module PaperSpriteSheetImporter (238)
[2017.07.15-01.50.57:152][264]LogModuleManager: Shutting down and abandoning module Paper2DEditor (236)
[2017.07.15-01.50.57:152][264]LogModuleManager: Shutting down and abandoning module MeshPaint (235)
[2017.07.15-01.50.57:152][264]LogModuleManager: Shutting down and abandoning module LevelEditor (233)
[2017.07.15-01.50.57:153][264]LogModuleManager: Shutting down and abandoning module PixelInspectorModule (232)
[2017.07.15-01.50.57:153][264]LogModuleManager: Shutting down and abandoning module MainFrame (230)
[2017.07.15-01.50.57:153][264]LogModuleManager: Shutting down and abandoning module HotReload (229)
[2017.07.15-01.50.57:153][264]LogModuleManager: Shutting down and abandoning module ContentBrowser (225)
[2017.07.15-01.50.57:154][264]LogModuleManager: Shutting down and abandoning module PhysXVehiclesEditor (222)
[2017.07.15-01.50.57:154][264]LogModuleManager: Shutting down and abandoning module PhysXVehicles (220)
[2017.07.15-01.50.57:154][264]LogModuleManager: Shutting down and abandoning module LocationServicesBPLibrary (218)
[2017.07.15-01.50.57:154][264]LogModuleManager: Shutting down and abandoning module UdpMessaging (216)
[2017.07.15-01.50.57:255][264]LogModuleManager: Shutting down and abandoning module TcpMessaging (214)
[2017.07.15-01.50.57:356][264]LogModuleManager: Shutting down and abandoning module GameplayTagsEditor (212)
[2017.07.15-01.50.57:356][264]LogModuleManager: Shutting down and abandoning module FacialAnimationEditor (210)
[2017.07.15-01.50.57:356][264]LogModuleManager: Shutting down and abandoning module FacialAnimation (208)
[2017.07.15-01.50.57:356][264]LogModuleManager: Shutting down and abandoning module LightPropagationVolumeRuntime (206)
[2017.07.15-01.50.57:356][264]LogModuleManager: Shutting down and abandoning module Paper2D (204)
[2017.07.15-01.50.57:356][264]LogModuleManager: Shutting down and abandoning module WindowsMoviePlayer (202)
[2017.07.15-01.50.57:356][264]LogModuleManager: Shutting down and abandoning module WmfMedia (200)
[2017.07.15-01.50.57:356][264]LogModuleManager: Shutting down and abandoning module MfMedia (198)
[2017.07.15-01.50.57:356][264]LogModuleManager: Shutting down and abandoning module MediaAssets (196)
[2017.07.15-01.50.57:356][264]LogModuleManager: Shutting down and abandoning module GameLiveStreaming (194)
[2017.07.15-01.50.57:356][264]LogModuleManager: Shutting down and abandoning module VREditor (192)
[2017.07.15-01.50.57:356][264]LogModuleManager: Shutting down and abandoning module GameplayTasksEditor (190)
[2017.07.15-01.50.57:356][264]LogModuleManager: Shutting down and abandoning module BehaviorTreeEditor (188)
[2017.07.15-01.50.57:356][264]LogModuleManager: Shutting down and abandoning module FunctionalTesting (186)
[2017.07.15-01.50.57:356][264]LogModuleManager: Shutting down and abandoning module CollisionAnalyzer (184)
[2017.07.15-01.50.57:356][264]LogModuleManager: Shutting down and abandoning module UMG (182)
[2017.07.15-01.50.57:356][264]LogModuleManager: Shutting down and abandoning module UMGEditor (181)
[2017.07.15-01.50.57:356][264]LogModuleManager: Shutting down and abandoning module Sequencer (180)
[2017.07.15-01.50.57:356][264]LogModuleManager: Shutting down and abandoning module AssetTools (178)
[2017.07.15-01.50.57:357][264]LogModuleManager: Shutting down and abandoning module MessageLog (177)
[2017.07.15-01.50.57:357][264]LogModuleManager: Shutting down and abandoning module WorkspaceMenuStructure (176)
[2017.07.15-01.50.57:357][264]LogModuleManager: Shutting down and abandoning module SlateReflector (170)
[2017.07.15-01.50.57:357][264]LogModuleManager: Shutting down and abandoning module Slate (168)
[2017.07.15-01.50.57:357][264]LogModuleManager: Shutting down and abandoning module EditorStyle (166)
[2017.07.15-01.50.57:360][264]LogModuleManager: Shutting down and abandoning module SourceCodeAccess (164)
[2017.07.15-01.50.57:360][264]LogModuleManager: Shutting down and abandoning module HeadMountedDisplay (162)
[2017.07.15-01.50.57:360][264]LogModuleManager: Shutting down and abandoning module XAudio2 (160)
[2017.07.15-01.50.57:360][264]LogModuleManager: Shutting down and abandoning module Networking (158)
[2017.07.15-01.50.57:360][264]LogModuleManager: Shutting down and abandoning module Core (154)
[2017.07.15-01.50.57:360][264]LogModuleManager: Shutting down and abandoning module AssetRegistry (152)
[2017.07.15-01.50.57:560][264]LogDirectoryWatcher: A directory notification for '../../../Engine/Content/' was aborted.
[2017.07.15-01.50.57:560][264]LogDirectoryWatcher: A directory notification for '../../../../../../Documents/Unreal Projects/asp/Content/' was aborted.
[2017.07.15-01.50.57:560][264]LogDirectoryWatcher: A directory notification for '../../../Engine/Plugins/2D/Paper2D/Content/' was aborted.
[2017.07.15-01.50.57:560][264]LogModuleManager: Shutting down and abandoning module DirectoryWatcher (151)
[2017.07.15-01.50.57:561][264]LogModuleManager: Shutting down and abandoning module KismetCompiler (148)
[2017.07.15-01.50.57:561][264]LogModuleManager: Shutting down and abandoning module PhysXFormats (146)
[2017.07.15-01.50.57:561][264]LogModuleManager: Shutting down and abandoning module MeshUtilities (144)
[2017.07.15-01.50.57:561][264]LogModuleManager: Shutting down and abandoning module SimplygonSwarm (143)
[2017.07.15-01.50.57:561][264]LogModuleManager: Shutting down and abandoning module SimplygonMeshReduction (141)
[2017.07.15-01.50.57:561][264]LogModuleManager: Shutting down and abandoning module QuadricMeshReduction (139)
[2017.07.15-01.50.57:561][264]LogModuleManager: Shutting down and abandoning module PropertyEditor (137)
[2017.07.15-01.50.57:561][264]LogModuleManager: Shutting down and abandoning module DerivedDataCache (134)
[2017.07.15-01.50.57:643][264]LogDerivedDataCache: Shutdown
[2017.07.15-01.50.57:643][264]LogModuleManager: Shutting down and abandoning module TargetPlatform (132)
[2017.07.15-01.50.57:643][264]LogModuleManager: Shutting down and abandoning module VulkanShaderFormat (131)
[2017.07.15-01.50.57:643][264]LogModuleManager: Shutting down and abandoning module ShaderFormatOpenGL (129)
[2017.07.15-01.50.57:643][264]LogModuleManager: Shutting down and abandoning module ShaderFormatD3D (127)
[2017.07.15-01.50.57:643][264]LogModuleManager: Shutting down and abandoning module MetalShaderFormat (125)
[2017.07.15-01.50.57:643][264]LogModuleManager: Shutting down and abandoning module TextureFormatUncompressed (123)
[2017.07.15-01.50.57:643][264]LogModuleManager: Shutting down and abandoning module TextureFormatPVR (121)
[2017.07.15-01.50.57:643][264]LogModuleManager: Shutting down and abandoning module TextureFormatDXT (119)
[2017.07.15-01.50.57:643][264]LogModuleManager: Shutting down and abandoning module TextureFormatIntelISPCTexComp (117)
[2017.07.15-01.50.57:643][264]LogModuleManager: Shutting down and abandoning module TextureFormatASTC (115)
[2017.07.15-01.50.57:643][264]LogModuleManager: Shutting down and abandoning module ImageWrapper (114)
[2017.07.15-01.50.57:643][264]LogModuleManager: Shutting down and abandoning module TextureFormatAndroid (111)
[2017.07.15-01.50.57:644][264]LogModuleManager: Shutting down and abandoning module AudioFormatOpus (109)
[2017.07.15-01.50.57:644][264]LogModuleManager: Shutting down and abandoning module AudioFormatOgg (107)
[2017.07.15-01.50.57:644][264]LogModuleManager: Shutting down and abandoning module AudioFormatADPCM (105)
[2017.07.15-01.50.57:644][264]LogModuleManager: Shutting down and abandoning module LinuxTargetPlatform (103)
[2017.07.15-01.50.57:644][264]LogModuleManager: Shutting down and abandoning module LinuxServerTargetPlatform (101)
[2017.07.15-01.50.57:644][264]LogModuleManager: Shutting down and abandoning module LinuxNoEditorTargetPlatform (99)
[2017.07.15-01.50.57:644][264]LogModuleManager: Shutting down and abandoning module LinuxClientTargetPlatform (97)
[2017.07.15-01.50.57:644][264]LogModuleManager: Shutting down and abandoning module TVOSTargetPlatform (95)
[2017.07.15-01.50.57:644][264]LogModuleManager: Shutting down and abandoning module Messaging (93)
[2017.07.15-01.50.57:644][264]LogModuleManager: Shutting down and abandoning module IOSTargetPlatform (91)
[2017.07.15-01.50.57:644][264]LogModuleManager: Shutting down and abandoning module HTML5TargetPlatform (89)
[2017.07.15-01.50.57:644][264]LogModuleManager: Shutting down and abandoning module Android_PVRTCTargetPlatform (87)
[2017.07.15-01.50.57:644][264]LogModuleManager: Shutting down and abandoning module Android_MultiTargetPlatform (85)
[2017.07.15-01.50.57:644][264]LogModuleManager: Shutting down and abandoning module Android_ETC2TargetPlatform (83)
[2017.07.15-01.50.57:644][264]LogModuleManager: Shutting down and abandoning module Android_ETC1TargetPlatform (81)
[2017.07.15-01.50.57:644][264]LogModuleManager: Shutting down and abandoning module Android_DXTTargetPlatform (79)
[2017.07.15-01.50.57:644][264]LogModuleManager: Shutting down and abandoning module Android_ATCTargetPlatform (77)
[2017.07.15-01.50.57:644][264]LogModuleManager: Shutting down and abandoning module Android_ASTCTargetPlatform (75)
[2017.07.15-01.50.57:644][264]LogModuleManager: Shutting down and abandoning module AndroidTargetPlatform (73)
[2017.07.15-01.50.57:644][264]LogModuleManager: Shutting down and abandoning module WindowsTargetPlatform (71)
[2017.07.15-01.50.57:644][264]LogModuleManager: Shutting down and abandoning module WindowsServerTargetPlatform (69)
[2017.07.15-01.50.57:644][264]LogModuleManager: Shutting down and abandoning module WindowsNoEditorTargetPlatform (67)
[2017.07.15-01.50.57:644][264]LogModuleManager: Shutting down and abandoning module WindowsClientTargetPlatform (65)
[2017.07.15-01.50.57:644][264]LogModuleManager: Shutting down and abandoning module MacTargetPlatform (63)
[2017.07.15-01.50.57:644][264]LogModuleManager: Shutting down and abandoning module MacServerTargetPlatform (61)
[2017.07.15-01.50.57:644][264]LogModuleManager: Shutting down and abandoning module MacNoEditorTargetPlatform (59)
[2017.07.15-01.50.57:644][264]LogModuleManager: Shutting down and abandoning module MacClientTargetPlatform (57)
[2017.07.15-01.50.57:644][264]LogModuleManager: Shutting down and abandoning module AllDesktopTargetPlatform (55)
[2017.07.15-01.50.57:644][264]LogModuleManager: Shutting down and abandoning module InputCore (52)
[2017.07.15-01.50.57:644][264]LogModuleManager: Shutting down and abandoning module Settings (50)
[2017.07.15-01.50.57:644][264]LogModuleManager: Shutting down and abandoning module OculusRift (48)
[2017.07.15-01.50.57:644][264]LogModuleManager: Shutting down and abandoning module GearVR (46)
[2017.07.15-01.50.57:644][264]LogModuleManager: Shutting down and abandoning module ExampleDeviceProfileSelector (44)
[2017.07.15-01.50.57:644][264]LogModuleManager: Shutting down and abandoning module OnlineBlueprintSupport (42)
[2017.07.15-01.50.57:644][264]LogModuleManager: Shutting down and abandoning module OnlineSubsystem (38)
[2017.07.15-01.50.57:644][264]LogOnline:Display: Unloading online subsystem: NULL
[2017.07.15-01.50.57:644][264]LogModuleManager: Shutting down and abandoning module XMPP (37)
[2017.07.15-01.50.57:644][264]LogModuleManager: Shutting down and abandoning module HTTP (35)
[2017.07.15-01.50.57:644][264]LogHttp:Display: Http module shutting down, but needs to wait on 1 outstanding Http requests:
[2017.07.15-01.50.57:644][264]LogHttp:Display: 	verb=[POST] url=[https://datarouter.ol.epicgames.com/datarouter/api/v1/public/data?SessionID=%7B17CA52A3-45A4-02E3-17C8-56A41FF959DE%7D&AppID=UEEditor.Rocket.Release&AppVersion=4.15.3-3450819%2B%2B%2BUE4%2BRelease-4.15&UserID=e9f0db1a496018195ebba2ac57a0aa8f%7C4d046dc6070d4d409d33fb4ecc42f9fe%7C3d66dab1-4835-4a0b-b552-b508fd261915&AppEnvironment=datacollector-binary&UploadType=eteventstream] status=Processing
[2017.07.15-01.50.57:665][264]LogModuleManager: Shutting down and abandoning module SSL (34)
[2017.07.15-01.50.57:667][264]LogModuleManager: Shutting down and abandoning module AudioEditor (30)
[2017.07.15-01.50.57:667][264]LogModuleManager: Shutting down and abandoning module TextureCompressor (28)
[2017.07.15-01.50.57:667][264]LogModuleManager: Shutting down and abandoning module ShaderCore (26)
[2017.07.15-01.50.57:667][264]LogModuleManager: Shutting down and abandoning module Landscape (24)
[2017.07.15-01.50.57:667][264]LogModuleManager: Shutting down and abandoning module SlateRHIRenderer (22)
[2017.07.15-01.50.57:669][264]LogModuleManager: Shutting down and abandoning module OpenGLDrv (20)
[2017.07.15-01.50.57:669][264]LogModuleManager: Shutting down and abandoning module D3D11RHI (18)
[2017.07.15-01.50.57:669][264]LogModuleManager: Shutting down and abandoning module AnimGraphRuntime (16)
[2017.07.15-01.50.57:669][264]LogModuleManager: Shutting down and abandoning module Renderer (14)
[2017.07.15-01.50.57:669][264]LogModuleManager: Shutting down and abandoning module Engine (12)
[2017.07.15-01.50.57:669][264]LogModuleManager: Shutting down and abandoning module CoreUObject (10)
[2017.07.15-01.50.57:669][264]LogModuleManager: Shutting down and abandoning module NetworkFile (8)
[2017.07.15-01.50.57:669][264]LogModuleManager: Shutting down and abandoning module StreamingFile (6)
[2017.07.15-01.50.57:669][264]LogModuleManager: Shutting down and abandoning module SandboxFile (4)
[2017.07.15-01.50.57:669][264]LogModuleManager: Shutting down and abandoning module PakFile (2)
[2017.07.15-01.50.57:671][264]LogExit: Exiting.
[2017.07.15-01.50.57:692][264]Log file closed, 07/14/17 18:50:57
