Log file open, 02/26/20 19:00:51
LogWindows: Failed to load 'aqProf.dll' (GetLastError=126)
LogWindows: File 'aqProf.dll' does not exist
LogWindows: Failed to load 'VtuneApi.dll' (GetLastError=126)
LogWindows: File 'VtuneApi.dll' does not exist
LogWindows: Failed to load 'VtuneApi32e.dll' (GetLastError=126)
LogWindows: File 'VtuneApi32e.dll' does not exist
LogConsoleResponse: Display: Failed to find resolution value strings in scalability ini. Falling back to default.
LogInit: Display: Running engine for game: asp
LogPlatformFile: Not using cached read wrapper
LogTaskGraph: Started task graph with 5 named threads and 35 total threads with 3 sets of task threads.
LogStats: Stats thread started at 0.367996
LogD3D11RHI: Loaded GFSDK_Aftermath_Lib.x64.dll
LogICUInternationalization: ICU TimeZone Detection - Raw Offset: -8:00, Platform Override: ''
LogPluginManager: Mounting plugin Paper2D
LogPluginManager: Mounting plugin AISupport
LogPluginManager: Mounting plugin LightPropagationVolume
LogPluginManager: Mounting plugin ActorLayerUtilities
LogPluginManager: Mounting plugin AnimationSharing
LogPluginManager: Mounting plugin CLionSourceCodeAccess
LogPluginManager: Mounting plugin CodeLiteSourceCodeAccess
LogPluginManager: Mounting plugin GitSourceControl
LogPluginManager: Mounting plugin KDevelopSourceCodeAccess
LogPluginManager: Mounting plugin NullSourceCodeAccess
LogPluginManager: Mounting plugin PerforceSourceControl
LogPluginManager: Mounting plugin PlasticSourceControl
LogPluginManager: Mounting plugin SubversionSourceControl
LogPluginManager: Mounting plugin UObjectPlugin
LogPluginManager: Mounting plugin VisualStudioCodeSourceCodeAccess
LogPluginManager: Mounting plugin VisualStudioSourceCodeAccess
LogPluginManager: Mounting plugin XCodeSourceCodeAccess
LogPluginManager: Mounting plugin AssetManagerEditor
LogPluginManager: Mounting plugin CryptoKeys
LogPluginManager: Mounting plugin CurveEditorTools
LogPluginManager: Mounting plugin DataValidation
LogPluginManager: Mounting plugin FacialAnimation
LogPluginManager: Mounting plugin GameplayTagsEditor
LogPluginManager: Mounting plugin MacGraphicsSwitching
LogPluginManager: Mounting plugin MaterialAnalyzer
LogPluginManager: Mounting plugin MobileLauncherProfileWizard
LogPluginManager: Mounting plugin PluginBrowser
LogPluginManager: Mounting plugin SpeedTreeImporter
LogPluginManager: Mounting plugin DatasmithContent
LogPluginManager: Mounting plugin VariantManagerContent
LogPluginManager: Mounting plugin AlembicImporter
LogPluginManager: Mounting plugin AutomationUtils
LogPluginManager: Mounting plugin BackChannel
LogPluginManager: Mounting plugin CharacterAI
LogPluginManager: Mounting plugin GeometryCache
LogPluginManager: Mounting plugin PlatformCrypto
LogPluginManager: Mounting plugin ProxyLODPlugin
LogPluginManager: Mounting plugin SkeletalReduction
LogPluginManager: Mounting plugin MagicLeap
LogPluginManager: Mounting plugin MagicLeapMedia
LogPluginManager: Mounting plugin MLSDK
LogPluginManager: Mounting plugin AndroidMedia
LogPluginManager: Mounting plugin AvfMedia
LogPluginManager: Mounting plugin ImgMedia
LogPluginManager: Mounting plugin MediaCompositing
LogPluginManager: Mounting plugin MediaPlayerEditor
LogPluginManager: Mounting plugin WebMMedia
LogPluginManager: Mounting plugin WmfMedia
LogPluginManager: Mounting plugin TcpMessaging
LogPluginManager: Mounting plugin UdpMessaging
LogPluginManager: Mounting plugin ActorSequence
LogPluginManager: Mounting plugin LevelSequenceEditor
LogPluginManager: Mounting plugin MatineeToLevelSequence
LogPluginManager: Mounting plugin NetcodeUnitTest
LogPluginManager: Mounting plugin NUTUnrealEngine4
LogPluginManager: Mounting plugin OnlineSubsystemGooglePlay
LogPluginManager: Mounting plugin OnlineSubsystemIOS
LogPluginManager: Mounting plugin OnlineSubsystem
LogPluginManager: Mounting plugin OnlineSubsystemNull
LogPluginManager: Mounting plugin OnlineSubsystemUtils
LogPluginManager: Mounting plugin LauncherChunkInstaller
LogPluginManager: Mounting plugin AndroidDeviceProfileSelector
LogPluginManager: Mounting plugin AndroidMoviePlayer
LogPluginManager: Mounting plugin AndroidPermission
LogPluginManager: Mounting plugin AppleImageUtils
LogPluginManager: Mounting plugin AppleMoviePlayer
LogPluginManager: Mounting plugin ArchVisCharacter
LogPluginManager: Mounting plugin AssetTags
LogPluginManager: Mounting plugin AudioCapture
LogPluginManager: Mounting plugin CableComponent
LogPluginManager: Mounting plugin CustomMeshComponent
LogPluginManager: Mounting plugin EditableMesh
LogPluginManager: Mounting plugin ExampleDeviceProfileSelector
LogPluginManager: Mounting plugin GoogleCloudMessaging
LogPluginManager: Mounting plugin IOSDeviceProfileSelector
LogPluginManager: Mounting plugin LinuxDeviceProfileSelector
LogPluginManager: Mounting plugin LocationServicesBPLibrary
LogPluginManager: Mounting plugin MobilePatchingUtils
LogPluginManager: Mounting plugin OculusVR
LogPluginManager: Mounting plugin PhysXVehicles
LogPluginManager: Mounting plugin PostSplashScreen
LogPluginManager: Mounting plugin ProceduralMeshComponent
LogPluginManager: Mounting plugin RuntimePhysXCooking
LogPluginManager: Mounting plugin SignificanceManager
LogPluginManager: Mounting plugin SteamVR
LogPluginManager: Mounting plugin WebMMoviePlayer
LogPluginManager: Mounting plugin WindowsMoviePlayer
LogPluginManager: Mounting plugin ScreenshotTools
LogInit: Using libcurl 7.55.1-DEV
LogInit:  - built for x86_64-pc-win32
LogInit:  - supports SSL with OpenSSL/1.1.1
LogInit:  - supports HTTP deflate (compression) using libz 1.2.8
LogInit:  - other features:
LogInit:      CURL_VERSION_SSL
LogInit:      CURL_VERSION_LIBZ
LogInit:      CURL_VERSION_IPV6
LogInit:      CURL_VERSION_ASYNCHDNS
LogInit:      CURL_VERSION_LARGEFILE
LogInit:      CURL_VERSION_IDN
LogInit:  CurlRequestOptions (configurable via config and command line):
LogInit:  - bVerifyPeer = true  - Libcurl will verify peer certificate
LogInit:  - bUseHttpProxy = false  - Libcurl will NOT use HTTP proxy
LogInit:  - bDontReuseConnections = false  - Libcurl will reuse connections
LogInit:  - MaxHostConnections = 16  - Libcurl will limit the number of connections to a host
LogInit:  - LocalHostAddr = Default
LogInit:  - BufferSize = 65536
LogOnline: OSS: Creating online subsystem instance for: NULL
LogInit: WinSock: version 1.1 (2.2), MaxSocks=32767, MaxUdp=65467
LogOnline: OSS: TryLoadSubsystemAndSetDefault: Loaded subsystem for module [NULL]
LogInit: Build: ++UE4+Release-4.24-CL-10757647
LogInit: Engine Version: 4.24.1-10757647+++UE4+Release-4.24
LogInit: Compatible Engine Version: 4.24.0-10570792+++UE4+Release-4.24
LogInit: Net CL: 10570792
LogInit: OS: Windows 10 (Release 1903) (), CPU: Intel(R) Core(TM) i7-9750H CPU @ 2.60GHz, GPU: Intel(R) UHD Graphics 630
LogInit: Compiled (64-bit): Dec 17 2019 02:08:03
LogInit: Compiled with Visual C++: 19.16.27032.01
LogInit: Build Configuration: Development
LogInit: Branch Name: ++UE4+Release-4.24
LogInit: Command Line: 
LogInit: Base Directory: C:/Program Files/Epic Games/UE_4.24/Engine/Binaries/Win64/
LogInit: Installed Engine Build: 1
LogDevObjectVersion: Number of dev versions registered: 25
LogDevObjectVersion:   Dev-Blueprints (B0D832E4-1F89-4F0D-ACCF-7EB736FD4AA2): 10
LogDevObjectVersion:   Dev-Build (E1C64328-A22C-4D53-A36C-8E866417BD8C): 0
LogDevObjectVersion:   Dev-Core (375EC13C-06E4-48FB-B500-84F0262A717E): 3
LogDevObjectVersion:   Dev-Editor (E4B068ED-F494-42E9-A231-DA0B2E46BB41): 37
LogDevObjectVersion:   Dev-Framework (CFFC743F-43B0-4480-9391-14DF171D2073): 36
LogDevObjectVersion:   Dev-Mobile (B02B49B5-BB20-44E9-A304-32B752E40360): 2
LogDevObjectVersion:   Dev-Networking (A4E4105C-59A1-49B5-A7C5-40C4547EDFEE): 0
LogDevObjectVersion:   Dev-Online (39C831C9-5AE6-47DC-9A44-9C173E1C8E7C): 0
LogDevObjectVersion:   Dev-Physics (78F01B33-EBEA-4F98-B9B4-84EACCB95AA2): 2
LogDevObjectVersion:   Dev-Platform (6631380F-2D4D-43E0-8009-CF276956A95A): 0
LogDevObjectVersion:   Dev-Rendering (12F88B9F-8875-4AFC-A67C-D90C383ABD29): 36
LogDevObjectVersion:   Dev-Sequencer (7B5AE74C-D270-4C10-A958-57980B212A5A): 11
LogDevObjectVersion:   Dev-VR (D7296918-1DD6-4BDD-9DE2-64A83CC13884): 2
LogDevObjectVersion:   Dev-LoadTimes (C2A15278-BFE7-4AFE-6C17-90FF531DF755): 1
LogDevObjectVersion:   Private-Geometry (6EACA3D4-40EC-4CC1-B786-8BED09428FC5): 3
LogDevObjectVersion:   Dev-AnimPhys (29E575DD-E0A3-4627-9D10-D276232CDCEA): 17
LogDevObjectVersion:   Dev-Anim (AF43A65D-7FD3-4947-9873-3E8ED9C1BB05): 2
LogDevObjectVersion:   Dev-ReflectionCapture (6B266CEC-1EC7-4B8F-A30B-E4D90942FC07): 1
LogDevObjectVersion:   Dev-Automation (0DF73D61-A23F-47EA-B727-89E90C41499A): 1
LogDevObjectVersion:   FortniteMain (601D1886-AC64-4F84-AA16-D3DE0DEAC7D6): 31
LogDevObjectVersion:   Dev-Enterprise (9DFFBCD6-494F-0158-E221-12823C92A888): 8
LogDevObjectVersion:   Dev-Niagara (F2AED0AC-9AFE-416F-8664-AA7FFA26D6FC): 1
LogDevObjectVersion:   Dev-Destruction (174F1F0B-B4C6-45A5-B13F-2EE8D0FB917D): 9
LogDevObjectVersion:   Dev-Physics-Ext (35F94A83-E258-406C-A318-09F59610247C): 8
LogDevObjectVersion:   Dev-CineCamera (B2E18506-4273-CFC2-A54E-F4BB758BBA07): 1
LogInit: Presizing for max 25165824 objects, including 0 objects not considered by GC, pre-allocating 0 bytes for permanent pool.
LogInit: Object subsystem initialized
LogConfig: Setting CVar [[con.DebugEarlyDefault:1]]
LogConfig: Setting CVar [[r.setres:1280x720]]
[2020.02.27-03.00.52:669][  0]LogConfig: Setting CVar [[r.VSync:0]]
[2020.02.27-03.00.52:669][  0]LogConfig: Setting CVar [[r.RHICmdBypass:0]]
[2020.02.27-03.00.52:669][  0]LogConfig: Applying CVar settings from Section [/Script/Engine.RendererSettings] File [C:/Users/ray/OneDrive/Documents/GitHub/ue4-project-asp/Saved/Config/Windows/Engine.ini]
[2020.02.27-03.00.52:670][  0]LogConfig: Setting CVar [[r.GPUCrashDebugging:0]]
[2020.02.27-03.00.52:670][  0]LogConfig: Applying CVar settings from Section [/Script/Engine.RendererOverrideSettings] File [C:/Users/ray/OneDrive/Documents/GitHub/ue4-project-asp/Saved/Config/Windows/Engine.ini]
[2020.02.27-03.00.52:670][  0]LogConfig: Applying CVar settings from Section [/Script/Engine.StreamingSettings] File [C:/Users/ray/OneDrive/Documents/GitHub/ue4-project-asp/Saved/Config/Windows/Engine.ini]
[2020.02.27-03.00.52:670][  0]LogConfig: Setting CVar [[s.MinBulkDataSizeForAsyncLoading:131072]]
[2020.02.27-03.00.52:670][  0]LogConfig: Setting CVar [[s.AsyncLoadingThreadEnabled:0]]
[2020.02.27-03.00.52:670][  0]LogConfig: Setting CVar [[s.EventDrivenLoaderEnabled:1]]
[2020.02.27-03.00.52:670][  0]LogConfig: Setting CVar [[s.WarnIfTimeLimitExceeded:0]]
[2020.02.27-03.00.52:670][  0]LogConfig: Setting CVar [[s.TimeLimitExceededMultiplier:1.5]]
[2020.02.27-03.00.52:670][  0]LogConfig: Setting CVar [[s.TimeLimitExceededMinTime:0.005]]
[2020.02.27-03.00.52:670][  0]LogConfig: Setting CVar [[s.UseBackgroundLevelStreaming:1]]
[2020.02.27-03.00.52:670][  0]LogConfig: Setting CVar [[s.PriorityAsyncLoadingExtraTime:15.0]]
[2020.02.27-03.00.52:670][  0]LogConfig: Setting CVar [[s.LevelStreamingActorsUpdateTimeLimit:5.0]]
[2020.02.27-03.00.52:670][  0]LogConfig: Setting CVar [[s.PriorityLevelStreamingActorsUpdateExtraTime:5.0]]
[2020.02.27-03.00.52:670][  0]LogConfig: Setting CVar [[s.LevelStreamingComponentsRegistrationGranularity:10]]
[2020.02.27-03.00.52:670][  0]LogConfig: Setting CVar [[s.UnregisterComponentsTimeLimit:1.0]]
[2020.02.27-03.00.52:670][  0]LogConfig: Setting CVar [[s.LevelStreamingComponentsUnregistrationGranularity:5]]
[2020.02.27-03.00.52:670][  0]LogConfig: Setting CVar [[s.FlushStreamingOnExit:1]]
[2020.02.27-03.00.52:670][  0]LogConfig: Applying CVar settings from Section [/Script/Engine.GarbageCollectionSettings] File [C:/Users/ray/OneDrive/Documents/GitHub/ue4-project-asp/Saved/Config/Windows/Engine.ini]
[2020.02.27-03.00.52:670][  0]LogConfig: Setting CVar [[gc.MaxObjectsNotConsideredByGC:1]]
[2020.02.27-03.00.52:670][  0]LogConfig: Setting CVar [[gc.SizeOfPermanentObjectPool:0]]
[2020.02.27-03.00.52:670][  0]LogConfig: Setting CVar [[gc.FlushStreamingOnGC:0]]
[2020.02.27-03.00.52:670][  0]LogConfig: Setting CVar [[gc.NumRetriesBeforeForcingGC:10]]
[2020.02.27-03.00.52:670][  0]LogConfig: Setting CVar [[gc.AllowParallelGC:1]]
[2020.02.27-03.00.52:670][  0]LogConfig: Setting CVar [[gc.TimeBetweenPurgingPendingKillObjects:61.1]]
[2020.02.27-03.00.52:670][  0]LogConfig: Setting CVar [[gc.MaxObjectsInEditor:25165824]]
[2020.02.27-03.00.52:670][  0]LogConfig: Setting CVar [[gc.IncrementalBeginDestroyEnabled:1]]
[2020.02.27-03.00.52:670][  0]LogConfig: Setting CVar [[gc.CreateGCClusters:1]]
[2020.02.27-03.00.52:670][  0]LogConfig: Setting CVar [[gc.MinGCClusterSize:5]]
[2020.02.27-03.00.52:670][  0]LogConfig: Setting CVar [[gc.ActorClusteringEnabled:0]]
[2020.02.27-03.00.52:670][  0]LogConfig: Setting CVar [[gc.BlueprintClusteringEnabled:0]]
[2020.02.27-03.00.52:670][  0]LogConfig: Setting CVar [[gc.UseDisregardForGCOnDedicatedServers:0]]
[2020.02.27-03.00.52:670][  0]LogConfig: Applying CVar settings from Section [/Script/Engine.NetworkSettings] File [C:/Users/ray/OneDrive/Documents/GitHub/ue4-project-asp/Saved/Config/Windows/Engine.ini]
[2020.02.27-03.00.52:670][  0]LogConfig: Applying CVar settings from Section [/Script/UnrealEd.CookerSettings] File [C:/Users/ray/OneDrive/Documents/GitHub/ue4-project-asp/Saved/Config/Windows/Engine.ini]
[2020.02.27-03.00.52:681][  0]LogConfig: Applying CVar settings from Section [ViewDistanceQuality@3] File [C:/Users/ray/OneDrive/Documents/GitHub/ue4-project-asp/Saved/Config/Windows/Scalability.ini]
[2020.02.27-03.00.52:681][  0]LogConfig: Setting CVar [[r.SkeletalMeshLODBias:0]]
[2020.02.27-03.00.52:681][  0]LogConfig: Setting CVar [[r.ViewDistanceScale:1.0]]
[2020.02.27-03.00.52:681][  0]LogConfig: Applying CVar settings from Section [AntiAliasingQuality@3] File [C:/Users/ray/OneDrive/Documents/GitHub/ue4-project-asp/Saved/Config/Windows/Scalability.ini]
[2020.02.27-03.00.52:681][  0]LogConfig: Setting CVar [[r.PostProcessAAQuality:4]]
[2020.02.27-03.00.52:681][  0]LogConfig: Applying CVar settings from Section [ShadowQuality@3] File [C:/Users/ray/OneDrive/Documents/GitHub/ue4-project-asp/Saved/Config/Windows/Scalability.ini]
[2020.02.27-03.00.52:681][  0]LogConfig: Setting CVar [[r.LightFunctionQuality:1]]
[2020.02.27-03.00.52:681][  0]LogConfig: Setting CVar [[r.ShadowQuality:5]]
[2020.02.27-03.00.52:681][  0]LogConfig: Setting CVar [[r.Shadow.CSM.MaxCascades:10]]
[2020.02.27-03.00.52:681][  0]LogConfig: Setting CVar [[r.Shadow.MaxResolution:2048]]
[2020.02.27-03.00.52:682][  0]LogConfig: Setting CVar [[r.Shadow.MaxCSMResolution:2048]]
[2020.02.27-03.00.52:682][  0]LogConfig: Setting CVar [[r.Shadow.RadiusThreshold:0.01]]
[2020.02.27-03.00.52:682][  0]LogConfig: Setting CVar [[r.Shadow.DistanceScale:1.0]]
[2020.02.27-03.00.52:682][  0]LogConfig: Setting CVar [[r.Shadow.CSM.TransitionScale:1.0]]
[2020.02.27-03.00.52:682][  0]LogConfig: Setting CVar [[r.Shadow.PreShadowResolutionFactor:1.0]]
[2020.02.27-03.00.52:682][  0]LogConfig: Setting CVar [[r.DistanceFieldShadowing:1]]
[2020.02.27-03.00.52:682][  0]LogConfig: Setting CVar [[r.DistanceFieldAO:1]]
[2020.02.27-03.00.52:682][  0]LogConfig: Setting CVar [[r.AOQuality:2]]
[2020.02.27-03.00.52:682][  0]LogConfig: Setting CVar [[r.VolumetricFog:1]]
[2020.02.27-03.00.52:682][  0]LogConfig: Setting CVar [[r.VolumetricFog.GridPixelSize:8]]
[2020.02.27-03.00.52:682][  0]LogConfig: Setting CVar [[r.VolumetricFog.GridSizeZ:128]]
[2020.02.27-03.00.52:682][  0]LogConfig: Setting CVar [[r.VolumetricFog.HistoryMissSupersampleCount:4]]
[2020.02.27-03.00.52:682][  0]LogConfig: Setting CVar [[r.LightMaxDrawDistanceScale:1]]
[2020.02.27-03.00.52:682][  0]LogConfig: Setting CVar [[r.CapsuleShadows:1]]
[2020.02.27-03.00.52:682][  0]LogConfig: Applying CVar settings from Section [PostProcessQuality@3] File [C:/Users/ray/OneDrive/Documents/GitHub/ue4-project-asp/Saved/Config/Windows/Scalability.ini]
[2020.02.27-03.00.52:682][  0]LogConfig: Setting CVar [[r.MotionBlurQuality:4]]
[2020.02.27-03.00.52:682][  0]LogConfig: Setting CVar [[r.AmbientOcclusionMipLevelFactor:0.4]]
[2020.02.27-03.00.52:682][  0]LogConfig: Setting CVar [[r.AmbientOcclusionMaxQuality:100]]
[2020.02.27-03.00.52:682][  0]LogConfig: Setting CVar [[r.AmbientOcclusionLevels:-1]]
[2020.02.27-03.00.52:682][  0]LogConfig: Setting CVar [[r.AmbientOcclusionRadiusScale:1.0]]
[2020.02.27-03.00.52:682][  0]LogConfig: Setting CVar [[r.DepthOfFieldQuality:2]]
[2020.02.27-03.00.52:682][  0]LogConfig: Setting CVar [[r.RenderTargetPoolMin:400]]
[2020.02.27-03.00.52:682][  0]LogConfig: Setting CVar [[r.LensFlareQuality:2]]
[2020.02.27-03.00.52:682][  0]LogConfig: Setting CVar [[r.SceneColorFringeQuality:1]]
[2020.02.27-03.00.52:682][  0]LogConfig: Setting CVar [[r.EyeAdaptationQuality:2]]
[2020.02.27-03.00.52:682][  0]LogConfig: Setting CVar [[r.BloomQuality:5]]
[2020.02.27-03.00.52:682][  0]LogConfig: Setting CVar [[r.FastBlurThreshold:100]]
[2020.02.27-03.00.52:682][  0]LogConfig: Setting CVar [[r.Upscale.Quality:3]]
[2020.02.27-03.00.52:682][  0]LogConfig: Setting CVar [[r.Tonemapper.GrainQuantization:1]]
[2020.02.27-03.00.52:682][  0]LogConfig: Setting CVar [[r.LightShaftQuality:1]]
[2020.02.27-03.00.52:682][  0]LogConfig: Setting CVar [[r.Filter.SizeScale:1]]
[2020.02.27-03.00.52:682][  0]LogConfig: Setting CVar [[r.Tonemapper.Quality:5]]
[2020.02.27-03.00.52:682][  0]LogConfig: Setting CVar [[r.DOF.Gather.AccumulatorQuality:1        ; higher gathering accumulator quality]]
[2020.02.27-03.00.52:682][  0]LogConfig: Setting CVar [[r.DOF.Gather.PostfilterMethod:1          ; Median3x3 postfilering method]]
[2020.02.27-03.00.52:682][  0]LogConfig: Setting CVar [[r.DOF.Gather.EnableBokehSettings:0       ; no bokeh simulation when gathering]]
[2020.02.27-03.00.52:682][  0]LogConfig: Setting CVar [[r.DOF.Gather.RingCount:4                 ; medium number of samples when gathering]]
[2020.02.27-03.00.52:682][  0]LogConfig: Setting CVar [[r.DOF.Scatter.ForegroundCompositing:1    ; additive foreground scattering]]
[2020.02.27-03.00.52:682][  0]LogConfig: Setting CVar [[r.DOF.Scatter.BackgroundCompositing:2    ; additive background scattering]]
[2020.02.27-03.00.52:682][  0]LogConfig: Setting CVar [[r.DOF.Scatter.EnableBokehSettings:1      ; bokeh simulation when scattering]]
[2020.02.27-03.00.52:682][  0]LogConfig: Setting CVar [[r.DOF.Scatter.MaxSpriteRatio:0.1         ; only a maximum of 10% of scattered bokeh]]
[2020.02.27-03.00.52:682][  0]LogConfig: Setting CVar [[r.DOF.Recombine.Quality:1                ; cheap slight out of focus]]
[2020.02.27-03.00.52:682][  0]LogConfig: Setting CVar [[r.DOF.Recombine.EnableBokehSettings:0    ; no bokeh simulation on slight out of focus]]
[2020.02.27-03.00.52:682][  0]LogConfig: Setting CVar [[r.DOF.TemporalAAQuality:1                ; more stable temporal accumulation]]
[2020.02.27-03.00.52:682][  0]LogConfig: Setting CVar [[r.DOF.Kernel.MaxForegroundRadius:0.025]]
[2020.02.27-03.00.52:682][  0]LogConfig: Setting CVar [[r.DOF.Kernel.MaxBackgroundRadius:0.025]]
[2020.02.27-03.00.52:682][  0]LogConfig: Applying CVar settings from Section [TextureQuality@3] File [C:/Users/ray/OneDrive/Documents/GitHub/ue4-project-asp/Saved/Config/Windows/Scalability.ini]
[2020.02.27-03.00.52:682][  0]LogConfig: Setting CVar [[r.Streaming.MipBias:0]]
[2020.02.27-03.00.52:682][  0]LogConfig: Setting CVar [[r.Streaming.AmortizeCPUToGPUCopy:0]]
[2020.02.27-03.00.52:682][  0]LogConfig: Setting CVar [[r.Streaming.MaxNumTexturesToStreamPerFrame:0]]
[2020.02.27-03.00.52:682][  0]LogConfig: Setting CVar [[r.Streaming.Boost:1]]
[2020.02.27-03.00.52:682][  0]LogConfig: Setting CVar [[r.MaxAnisotropy:8]]
[2020.02.27-03.00.52:682][  0]LogConfig: Setting CVar [[r.VT.MaxAnisotropy:8]]
[2020.02.27-03.00.52:682][  0]LogConfig: Setting CVar [[r.Streaming.LimitPoolSizeToVRAM:0]]
[2020.02.27-03.00.52:682][  0]LogConfig: Setting CVar [[r.Streaming.PoolSize:1000]]
[2020.02.27-03.00.52:682][  0]LogConfig: Setting CVar [[r.Streaming.MaxEffectiveScreenSize:0]]
[2020.02.27-03.00.52:682][  0]LogConfig: Applying CVar settings from Section [EffectsQuality@3] File [C:/Users/ray/OneDrive/Documents/GitHub/ue4-project-asp/Saved/Config/Windows/Scalability.ini]
[2020.02.27-03.00.52:682][  0]LogConfig: Setting CVar [[r.TranslucencyLightingVolumeDim:64]]
[2020.02.27-03.00.52:682][  0]LogConfig: Setting CVar [[r.RefractionQuality:2]]
[2020.02.27-03.00.52:682][  0]LogConfig: Setting CVar [[r.SSR.Quality:3]]
[2020.02.27-03.00.52:682][  0]LogConfig: Setting CVar [[r.SSR.HalfResSceneColor:0]]
[2020.02.27-03.00.52:682][  0]LogConfig: Setting CVar [[r.SceneColorFormat:4]]
[2020.02.27-03.00.52:682][  0]LogConfig: Setting CVar [[r.DetailMode:2]]
[2020.02.27-03.00.52:682][  0]LogConfig: Setting CVar [[r.TranslucencyVolumeBlur:1]]
[2020.02.27-03.00.52:682][  0]LogConfig: Setting CVar [[r.MaterialQualityLevel:1 ; High quality]]
[2020.02.27-03.00.52:682][  0]LogConfig: Setting CVar [[r.SSS.Scale:1]]
[2020.02.27-03.00.52:682][  0]LogConfig: Setting CVar [[r.SSS.SampleSet:2]]
[2020.02.27-03.00.52:682][  0]LogConfig: Setting CVar [[r.SSS.Quality:1]]
[2020.02.27-03.00.52:682][  0]LogConfig: Setting CVar [[r.SSS.HalfRes:1]]
[2020.02.27-03.00.52:682][  0]LogConfig: Setting CVar [[r.SSGI.Quality:3]]
[2020.02.27-03.00.52:682][  0]LogConfig: Setting CVar [[r.EmitterSpawnRateScale:1.0]]
[2020.02.27-03.00.52:682][  0]LogConfig: Setting CVar [[r.ParticleLightQuality:2]]
[2020.02.27-03.00.52:682][  0]LogConfig: Setting CVar [[r.SkyAtmosphere.AerialPerspectiveLUT.FastApplyOnOpaque:1 ; Always have FastSkyLUT 1 in this case to avoid wrong sky]]
[2020.02.27-03.00.52:682][  0]LogConfig: Setting CVar [[r.SkyAtmosphere.AerialPerspectiveLUT.SampleCountPerSlice:1]]
[2020.02.27-03.00.52:682][  0]LogConfig: Setting CVar [[r.SkyAtmosphere.AerialPerspectiveLUT.DepthResolution:16.0]]
[2020.02.27-03.00.52:682][  0]LogConfig: Setting CVar [[r.SkyAtmosphere.FastSkyLUT:1]]
[2020.02.27-03.00.52:682][  0]LogConfig: Setting CVar [[r.SkyAtmosphere.FastSkyLUT.SampleCountMin:4.0]]
[2020.02.27-03.00.52:682][  0]LogConfig: Setting CVar [[r.SkyAtmosphere.FastSkyLUT.SampleCountMax:32.0]]
[2020.02.27-03.00.52:682][  0]LogConfig: Setting CVar [[r.SkyAtmosphere.SampleCountMin:4.0]]
[2020.02.27-03.00.52:682][  0]LogConfig: Setting CVar [[r.SkyAtmosphere.SampleCountMax:32.0]]
[2020.02.27-03.00.52:682][  0]LogConfig: Setting CVar [[r.SkyAtmosphere.TransmittanceLUT.UseSmallFormat:0]]
[2020.02.27-03.00.52:683][  0]LogConfig: Setting CVar [[r.SkyAtmosphere.TransmittanceLUT.SampleCount:10.0]]
[2020.02.27-03.00.52:683][  0]LogConfig: Setting CVar [[r.SkyAtmosphere.MultiScatteringLUT.SampleCount:15.0]]
[2020.02.27-03.00.52:683][  0]LogConfig: Applying CVar settings from Section [FoliageQuality@3] File [C:/Users/ray/OneDrive/Documents/GitHub/ue4-project-asp/Saved/Config/Windows/Scalability.ini]
[2020.02.27-03.00.52:683][  0]LogConfig: Setting CVar [[foliage.DensityScale:1.0]]
[2020.02.27-03.00.52:683][  0]LogConfig: Setting CVar [[grass.DensityScale:1.0]]
[2020.02.27-03.00.52:683][  0]LogConfig: Applying CVar settings from Section [ShadingQuality@3] File [C:/Users/ray/OneDrive/Documents/GitHub/ue4-project-asp/Saved/Config/Windows/Scalability.ini]
[2020.02.27-03.00.52:683][  0]LogConfig: Setting CVar [[r.HairStrands.SkyLighting.SampleCount:16]]
[2020.02.27-03.00.52:683][  0]LogConfig: Setting CVar [[r.HairStrands.SkyLighting.JitterIntegration:0]]
[2020.02.27-03.00.52:683][  0]LogConfig: Setting CVar [[r.HairStrands.SkyAO.SampleCount:16]]
[2020.02.27-03.00.52:683][  0]LogInit: Selected Device Profile: [Windows]
[2020.02.27-03.00.52:683][  0]LogInit: Applying CVar settings loaded from the selected device profile: [Windows]
[2020.02.27-03.00.52:689][  0]LogHAL: Display: Platform has ~ 32 GB [34073808896 / 34359738368 / 32], which maps to Largest [LargestMinGB=32, LargerMinGB=12, DefaultMinGB=8, SmallerMinGB=6, SmallestMinGB=0)
[2020.02.27-03.00.52:689][  0]LogInit: Going up to parent DeviceProfile []
[2020.02.27-03.00.52:690][  0]LogConfig: Applying CVar settings from Section [ViewDistanceQuality@3] File [C:/Users/ray/OneDrive/Documents/GitHub/ue4-project-asp/Saved/Config/Windows/Scalability.ini]
[2020.02.27-03.00.52:690][  0]LogConfig: Setting CVar [[r.SkeletalMeshLODBias:0]]
[2020.02.27-03.00.52:690][  0]LogConfig: Setting CVar [[r.ViewDistanceScale:1.0]]
[2020.02.27-03.00.52:690][  0]LogConfig: Applying CVar settings from Section [AntiAliasingQuality@3] File [C:/Users/ray/OneDrive/Documents/GitHub/ue4-project-asp/Saved/Config/Windows/Scalability.ini]
[2020.02.27-03.00.52:690][  0]LogConfig: Setting CVar [[r.PostProcessAAQuality:4]]
[2020.02.27-03.00.52:690][  0]LogConfig: Applying CVar settings from Section [ShadowQuality@3] File [C:/Users/ray/OneDrive/Documents/GitHub/ue4-project-asp/Saved/Config/Windows/Scalability.ini]
[2020.02.27-03.00.52:690][  0]LogConfig: Setting CVar [[r.LightFunctionQuality:1]]
[2020.02.27-03.00.52:690][  0]LogConfig: Setting CVar [[r.ShadowQuality:5]]
[2020.02.27-03.00.52:690][  0]LogConfig: Setting CVar [[r.Shadow.CSM.MaxCascades:10]]
[2020.02.27-03.00.52:690][  0]LogConfig: Setting CVar [[r.Shadow.MaxResolution:2048]]
[2020.02.27-03.00.52:690][  0]LogConfig: Setting CVar [[r.Shadow.MaxCSMResolution:2048]]
[2020.02.27-03.00.52:690][  0]LogConfig: Setting CVar [[r.Shadow.RadiusThreshold:0.01]]
[2020.02.27-03.00.52:690][  0]LogConfig: Setting CVar [[r.Shadow.DistanceScale:1.0]]
[2020.02.27-03.00.52:690][  0]LogConfig: Setting CVar [[r.Shadow.CSM.TransitionScale:1.0]]
[2020.02.27-03.00.52:690][  0]LogConfig: Setting CVar [[r.Shadow.PreShadowResolutionFactor:1.0]]
[2020.02.27-03.00.52:690][  0]LogConfig: Setting CVar [[r.DistanceFieldShadowing:1]]
[2020.02.27-03.00.52:690][  0]LogConfig: Setting CVar [[r.DistanceFieldAO:1]]
[2020.02.27-03.00.52:690][  0]LogConfig: Setting CVar [[r.AOQuality:2]]
[2020.02.27-03.00.52:690][  0]LogConfig: Setting CVar [[r.VolumetricFog:1]]
[2020.02.27-03.00.52:690][  0]LogConfig: Setting CVar [[r.VolumetricFog.GridPixelSize:8]]
[2020.02.27-03.00.52:690][  0]LogConfig: Setting CVar [[r.VolumetricFog.GridSizeZ:128]]
[2020.02.27-03.00.52:690][  0]LogConfig: Setting CVar [[r.VolumetricFog.HistoryMissSupersampleCount:4]]
[2020.02.27-03.00.52:690][  0]LogConfig: Setting CVar [[r.LightMaxDrawDistanceScale:1]]
[2020.02.27-03.00.52:690][  0]LogConfig: Setting CVar [[r.CapsuleShadows:1]]
[2020.02.27-03.00.52:690][  0]LogConfig: Applying CVar settings from Section [PostProcessQuality@3] File [C:/Users/ray/OneDrive/Documents/GitHub/ue4-project-asp/Saved/Config/Windows/Scalability.ini]
[2020.02.27-03.00.52:690][  0]LogConfig: Setting CVar [[r.MotionBlurQuality:4]]
[2020.02.27-03.00.52:690][  0]LogConfig: Setting CVar [[r.AmbientOcclusionMipLevelFactor:0.4]]
[2020.02.27-03.00.52:690][  0]LogConfig: Setting CVar [[r.AmbientOcclusionMaxQuality:100]]
[2020.02.27-03.00.52:690][  0]LogConfig: Setting CVar [[r.AmbientOcclusionLevels:-1]]
[2020.02.27-03.00.52:690][  0]LogConfig: Setting CVar [[r.AmbientOcclusionRadiusScale:1.0]]
[2020.02.27-03.00.52:690][  0]LogConfig: Setting CVar [[r.DepthOfFieldQuality:2]]
[2020.02.27-03.00.52:690][  0]LogConfig: Setting CVar [[r.RenderTargetPoolMin:400]]
[2020.02.27-03.00.52:690][  0]LogConfig: Setting CVar [[r.LensFlareQuality:2]]
[2020.02.27-03.00.52:690][  0]LogConfig: Setting CVar [[r.SceneColorFringeQuality:1]]
[2020.02.27-03.00.52:690][  0]LogConfig: Setting CVar [[r.EyeAdaptationQuality:2]]
[2020.02.27-03.00.52:690][  0]LogConfig: Setting CVar [[r.BloomQuality:5]]
[2020.02.27-03.00.52:690][  0]LogConfig: Setting CVar [[r.FastBlurThreshold:100]]
[2020.02.27-03.00.52:690][  0]LogConfig: Setting CVar [[r.Upscale.Quality:3]]
[2020.02.27-03.00.52:690][  0]LogConfig: Setting CVar [[r.Tonemapper.GrainQuantization:1]]
[2020.02.27-03.00.52:690][  0]LogConfig: Setting CVar [[r.LightShaftQuality:1]]
[2020.02.27-03.00.52:690][  0]LogConfig: Setting CVar [[r.Filter.SizeScale:1]]
[2020.02.27-03.00.52:690][  0]LogConfig: Setting CVar [[r.Tonemapper.Quality:5]]
[2020.02.27-03.00.52:690][  0]LogConfig: Setting CVar [[r.DOF.Gather.AccumulatorQuality:1        ; higher gathering accumulator quality]]
[2020.02.27-03.00.52:690][  0]LogConfig: Setting CVar [[r.DOF.Gather.PostfilterMethod:1          ; Median3x3 postfilering method]]
[2020.02.27-03.00.52:690][  0]LogConfig: Setting CVar [[r.DOF.Gather.EnableBokehSettings:0       ; no bokeh simulation when gathering]]
[2020.02.27-03.00.52:690][  0]LogConfig: Setting CVar [[r.DOF.Gather.RingCount:4                 ; medium number of samples when gathering]]
[2020.02.27-03.00.52:690][  0]LogConfig: Setting CVar [[r.DOF.Scatter.ForegroundCompositing:1    ; additive foreground scattering]]
[2020.02.27-03.00.52:690][  0]LogConfig: Setting CVar [[r.DOF.Scatter.BackgroundCompositing:2    ; additive background scattering]]
[2020.02.27-03.00.52:690][  0]LogConfig: Setting CVar [[r.DOF.Scatter.EnableBokehSettings:1      ; bokeh simulation when scattering]]
[2020.02.27-03.00.52:690][  0]LogConfig: Setting CVar [[r.DOF.Scatter.MaxSpriteRatio:0.1         ; only a maximum of 10% of scattered bokeh]]
[2020.02.27-03.00.52:690][  0]LogConfig: Setting CVar [[r.DOF.Recombine.Quality:1                ; cheap slight out of focus]]
[2020.02.27-03.00.52:690][  0]LogConfig: Setting CVar [[r.DOF.Recombine.EnableBokehSettings:0    ; no bokeh simulation on slight out of focus]]
[2020.02.27-03.00.52:690][  0]LogConfig: Setting CVar [[r.DOF.TemporalAAQuality:1                ; more stable temporal accumulation]]
[2020.02.27-03.00.52:690][  0]LogConfig: Setting CVar [[r.DOF.Kernel.MaxForegroundRadius:0.025]]
[2020.02.27-03.00.52:690][  0]LogConfig: Setting CVar [[r.DOF.Kernel.MaxBackgroundRadius:0.025]]
[2020.02.27-03.00.52:690][  0]LogConfig: Applying CVar settings from Section [TextureQuality@3] File [C:/Users/ray/OneDrive/Documents/GitHub/ue4-project-asp/Saved/Config/Windows/Scalability.ini]
[2020.02.27-03.00.52:690][  0]LogConfig: Setting CVar [[r.Streaming.MipBias:0]]
[2020.02.27-03.00.52:690][  0]LogConfig: Setting CVar [[r.Streaming.AmortizeCPUToGPUCopy:0]]
[2020.02.27-03.00.52:690][  0]LogConfig: Setting CVar [[r.Streaming.MaxNumTexturesToStreamPerFrame:0]]
[2020.02.27-03.00.52:690][  0]LogConfig: Setting CVar [[r.Streaming.Boost:1]]
[2020.02.27-03.00.52:690][  0]LogConfig: Setting CVar [[r.MaxAnisotropy:8]]
[2020.02.27-03.00.52:690][  0]LogConfig: Setting CVar [[r.VT.MaxAnisotropy:8]]
[2020.02.27-03.00.52:690][  0]LogConfig: Setting CVar [[r.Streaming.LimitPoolSizeToVRAM:0]]
[2020.02.27-03.00.52:690][  0]LogConfig: Setting CVar [[r.Streaming.PoolSize:1000]]
[2020.02.27-03.00.52:690][  0]LogConfig: Setting CVar [[r.Streaming.MaxEffectiveScreenSize:0]]
[2020.02.27-03.00.52:690][  0]LogConfig: Applying CVar settings from Section [EffectsQuality@3] File [C:/Users/ray/OneDrive/Documents/GitHub/ue4-project-asp/Saved/Config/Windows/Scalability.ini]
[2020.02.27-03.00.52:690][  0]LogConfig: Setting CVar [[r.TranslucencyLightingVolumeDim:64]]
[2020.02.27-03.00.52:690][  0]LogConfig: Setting CVar [[r.RefractionQuality:2]]
[2020.02.27-03.00.52:690][  0]LogConfig: Setting CVar [[r.SSR.Quality:3]]
[2020.02.27-03.00.52:690][  0]LogConfig: Setting CVar [[r.SSR.HalfResSceneColor:0]]
[2020.02.27-03.00.52:690][  0]LogConfig: Setting CVar [[r.SceneColorFormat:4]]
[2020.02.27-03.00.52:690][  0]LogConfig: Setting CVar [[r.DetailMode:2]]
[2020.02.27-03.00.52:690][  0]LogConfig: Setting CVar [[r.TranslucencyVolumeBlur:1]]
[2020.02.27-03.00.52:690][  0]LogConfig: Setting CVar [[r.MaterialQualityLevel:1 ; High quality]]
[2020.02.27-03.00.52:690][  0]LogConfig: Setting CVar [[r.SSS.Scale:1]]
[2020.02.27-03.00.52:690][  0]LogConfig: Setting CVar [[r.SSS.SampleSet:2]]
[2020.02.27-03.00.52:690][  0]LogConfig: Setting CVar [[r.SSS.Quality:1]]
[2020.02.27-03.00.52:690][  0]LogConfig: Setting CVar [[r.SSS.HalfRes:1]]
[2020.02.27-03.00.52:690][  0]LogConfig: Setting CVar [[r.SSGI.Quality:3]]
[2020.02.27-03.00.52:691][  0]LogConfig: Setting CVar [[r.EmitterSpawnRateScale:1.0]]
[2020.02.27-03.00.52:691][  0]LogConfig: Setting CVar [[r.ParticleLightQuality:2]]
[2020.02.27-03.00.52:691][  0]LogConfig: Setting CVar [[r.SkyAtmosphere.AerialPerspectiveLUT.FastApplyOnOpaque:1 ; Always have FastSkyLUT 1 in this case to avoid wrong sky]]
[2020.02.27-03.00.52:691][  0]LogConfig: Setting CVar [[r.SkyAtmosphere.AerialPerspectiveLUT.SampleCountPerSlice:1]]
[2020.02.27-03.00.52:691][  0]LogConfig: Setting CVar [[r.SkyAtmosphere.AerialPerspectiveLUT.DepthResolution:16.0]]
[2020.02.27-03.00.52:691][  0]LogConfig: Setting CVar [[r.SkyAtmosphere.FastSkyLUT:1]]
[2020.02.27-03.00.52:691][  0]LogConfig: Setting CVar [[r.SkyAtmosphere.FastSkyLUT.SampleCountMin:4.0]]
[2020.02.27-03.00.52:691][  0]LogConfig: Setting CVar [[r.SkyAtmosphere.FastSkyLUT.SampleCountMax:32.0]]
[2020.02.27-03.00.52:691][  0]LogConfig: Setting CVar [[r.SkyAtmosphere.SampleCountMin:4.0]]
[2020.02.27-03.00.52:691][  0]LogConfig: Setting CVar [[r.SkyAtmosphere.SampleCountMax:32.0]]
[2020.02.27-03.00.52:691][  0]LogConfig: Setting CVar [[r.SkyAtmosphere.TransmittanceLUT.UseSmallFormat:0]]
[2020.02.27-03.00.52:691][  0]LogConfig: Setting CVar [[r.SkyAtmosphere.TransmittanceLUT.SampleCount:10.0]]
[2020.02.27-03.00.52:691][  0]LogConfig: Setting CVar [[r.SkyAtmosphere.MultiScatteringLUT.SampleCount:15.0]]
[2020.02.27-03.00.52:691][  0]LogConfig: Applying CVar settings from Section [FoliageQuality@3] File [C:/Users/ray/OneDrive/Documents/GitHub/ue4-project-asp/Saved/Config/Windows/Scalability.ini]
[2020.02.27-03.00.52:691][  0]LogConfig: Setting CVar [[foliage.DensityScale:1.0]]
[2020.02.27-03.00.52:691][  0]LogConfig: Setting CVar [[grass.DensityScale:1.0]]
[2020.02.27-03.00.52:691][  0]LogConfig: Applying CVar settings from Section [ShadingQuality@3] File [C:/Users/ray/OneDrive/Documents/GitHub/ue4-project-asp/Saved/Config/Windows/Scalability.ini]
[2020.02.27-03.00.52:691][  0]LogConfig: Setting CVar [[r.HairStrands.SkyLighting.SampleCount:16]]
[2020.02.27-03.00.52:691][  0]LogConfig: Setting CVar [[r.HairStrands.SkyLighting.JitterIntegration:0]]
[2020.02.27-03.00.52:691][  0]LogConfig: Setting CVar [[r.HairStrands.SkyAO.SampleCount:16]]
[2020.02.27-03.00.52:691][  0]LogConfig: Applying CVar settings from Section [Startup] File [../../../Engine/Config/ConsoleVariables.ini]
[2020.02.27-03.00.52:694][  0]LogConfig: Setting CVar [[net.UseAdaptiveNetUpdateFrequency:0]]
[2020.02.27-03.00.52:694][  0]LogConfig: Setting CVar [[p.chaos.AllowCreatePhysxBodies:1]]
[2020.02.27-03.00.52:694][  0]LogConfig: Applying CVar settings from Section [ConsoleVariables] File [C:/Users/ray/OneDrive/Documents/GitHub/ue4-project-asp/Saved/Config/Windows/Engine.ini]
[2020.02.27-03.00.52:694][  0]LogInit: Computer: CARBON-14
[2020.02.27-03.00.52:694][  0]LogInit: User: ray
[2020.02.27-03.00.52:694][  0]LogInit: CPU Page size=4096, Cores=6
[2020.02.27-03.00.52:694][  0]LogInit: High frequency timer resolution =10.000000 MHz
[2020.02.27-03.00.52:695][  0]LogMemory: Memory total: Physical=31.7GB (32GB approx)
[2020.02.27-03.00.52:695][  0]LogMemory: Platform Memory Stats for Windows
[2020.02.27-03.00.52:695][  0]LogMemory: Process Physical Memory: 109.36 MB used, 109.37 MB peak
[2020.02.27-03.00.52:695][  0]LogMemory: Process Virtual Memory: 102.48 MB used, 102.48 MB peak
[2020.02.27-03.00.52:695][  0]LogMemory: Physical Memory: 9826.67 MB used,  22668.64 MB free, 32495.32 MB total
[2020.02.27-03.00.52:695][  0]LogMemory: Virtual Memory: 5159.98 MB used,  134212568.00 MB free, 134217728.00 MB total
[2020.02.27-03.00.52:700][  0]LogWindows: WindowsPlatformFeatures enabled
[2020.02.27-03.00.52:954][  0]LogInit: Using OS detected language (en-US).
[2020.02.27-03.00.52:954][  0]LogInit: Using OS detected locale (en-US).
[2020.02.27-03.00.52:954][  0]LogTextLocalizationManager: No specific localization for 'en-US' exists, so the 'en' localization will be used.
[2020.02.27-03.00.53:259][  0]LogInit: Setting process to per monitor DPI aware
[2020.02.27-03.00.53:340][  0]LogSlate: New Slate User Created.  User Index 0, Is Virtual User: 0
[2020.02.27-03.00.53:340][  0]LogSlate: Slate User Registered.  User Index 0, Is Virtual User: 0
[2020.02.27-03.00.55:882][  0]LogHMD: Failed to initialize OpenVR with code 126
[2020.02.27-03.00.55:882][  0]LogD3D11RHI: D3D11 min allowed feature level: 11_0
[2020.02.27-03.00.55:882][  0]LogD3D11RHI: D3D11 max allowed feature level: 11_0
[2020.02.27-03.00.55:882][  0]LogD3D11RHI: D3D11 adapters:
[2020.02.27-03.00.55:952][  0]LogD3D11RHI:    0. 'NVIDIA GeForce GTX 1080' (Feature Level 11_0)
[2020.02.27-03.00.55:952][  0]LogD3D11RHI:       8079/0/16247 MB DedicatedVideo/DedicatedSystem/SharedSystem, Outputs:2, VendorId:0x10de
[2020.02.27-03.00.55:987][  0]LogD3D11RHI:    1. 'Intel(R) UHD Graphics 630' (Feature Level 11_0)
[2020.02.27-03.00.55:987][  0]LogD3D11RHI:       128/0/16247 MB DedicatedVideo/DedicatedSystem/SharedSystem, Outputs:1, VendorId:0x8086
[2020.02.27-03.00.56:755][  0]LogD3D11RHI:    2. 'NVIDIA GeForce GTX 1650' (Feature Level 11_0)
[2020.02.27-03.00.56:755][  0]LogD3D11RHI:       3964/0/16247 MB DedicatedVideo/DedicatedSystem/SharedSystem, Outputs:0, VendorId:0x10de
[2020.02.27-03.00.56:760][  0]LogD3D11RHI:    3. 'Microsoft Basic Render Driver' (Feature Level 11_0)
[2020.02.27-03.00.56:760][  0]LogD3D11RHI:       0/0/16247 MB DedicatedVideo/DedicatedSystem/SharedSystem, Outputs:0, VendorId:0x1414
[2020.02.27-03.00.56:760][  0]LogD3D11RHI: Chosen D3D11 Adapter: 0
[2020.02.27-03.00.56:769][  0]LogD3D11RHI: Creating new Direct3DDevice
[2020.02.27-03.00.56:769][  0]LogD3D11RHI:     GPU DeviceId: 0x1b80 (for the marketing name, search the web for "GPU Device Id")
[2020.02.27-03.00.56:769][  0]LogWindows: EnumDisplayDevices:
[2020.02.27-03.00.56:769][  0]LogWindows:    0. 'Intel(R) UHD Graphics 630' (P:0 D:1)
[2020.02.27-03.00.56:770][  0]LogWindows:    1. 'Intel(R) UHD Graphics 630' (P:0 D:0)
[2020.02.27-03.00.56:770][  0]LogWindows:    2. 'Intel(R) UHD Graphics 630' (P:0 D:0)
[2020.02.27-03.00.56:770][  0]LogWindows:    3. 'NVIDIA GeForce GTX 1080' (P:1 D:1)
[2020.02.27-03.00.56:771][  0]LogWindows:    4. 'NVIDIA GeForce GTX 1080' (P:0 D:1)
[2020.02.27-03.00.56:771][  0]LogWindows:    5. 'NVIDIA GeForce GTX 1080' (P:0 D:0)
[2020.02.27-03.00.56:771][  0]LogWindows:    6. 'NVIDIA GeForce GTX 1080' (P:0 D:0)
[2020.02.27-03.00.56:771][  0]LogWindows: DebugString: PrimaryIsNotTheChoosenAdapter PrimaryIsNotTheChoosenAdapter PrimaryIsNotTheChoosenAdapter FoundDriverCount:4 
[2020.02.27-03.00.56:771][  0]LogD3D11RHI:     Adapter Name: NVIDIA GeForce GTX 1080
[2020.02.27-03.00.56:771][  0]LogD3D11RHI:   Driver Version: 442.19 (internal:26.21.14.4219, unified:442.19)
[2020.02.27-03.00.56:772][  0]LogD3D11RHI:      Driver Date: 1-29-2020
[2020.02.27-03.00.56:772][  0]LogRHI: Texture pool is 5655 MB (70% of 8079 MB)
[2020.02.27-03.00.56:828][  0]LogD3D11RHI: RHI has support for 64 bit atomics
[2020.02.27-03.00.56:829][  0]LogD3D11RHI: Async texture creation enabled
[2020.02.27-03.00.56:855][  0]LogD3D11RHI: GPU Timing Frequency: 1000.000000 (Debug: 2 2)
[2020.02.27-03.00.57:594][  0]LogTargetPlatformManager: Display: Loaded TargetPlatform 'AllDesktop'
[2020.02.27-03.00.57:641][  0]LogTargetPlatformManager: Display: Loaded TargetPlatform 'Android'
[2020.02.27-03.00.57:641][  0]LogTargetPlatformManager: Display: Loaded TargetPlatform 'Android_ASTC'
[2020.02.27-03.00.57:641][  0]LogTargetPlatformManager: Display: Loaded TargetPlatform 'Android_ATC'
[2020.02.27-03.00.57:641][  0]LogTargetPlatformManager: Display: Loaded TargetPlatform 'Android_DXT'
[2020.02.27-03.00.57:641][  0]LogTargetPlatformManager: Display: Loaded TargetPlatform 'Android_ETC1'
[2020.02.27-03.00.57:641][  0]LogTargetPlatformManager: Display: Loaded TargetPlatform 'Android_ETC1a'
[2020.02.27-03.00.57:641][  0]LogTargetPlatformManager: Display: Loaded TargetPlatform 'Android_ETC2'
[2020.02.27-03.00.57:641][  0]LogTargetPlatformManager: Display: Loaded TargetPlatform 'Android_PVRTC'
[2020.02.27-03.00.57:641][  0]LogTargetPlatformManager: Display: Loaded TargetPlatform 'AndroidClient'
[2020.02.27-03.00.57:641][  0]LogTargetPlatformManager: Display: Loaded TargetPlatform 'Android_ASTCClient'
[2020.02.27-03.00.57:641][  0]LogTargetPlatformManager: Display: Loaded TargetPlatform 'Android_ATCClient'
[2020.02.27-03.00.57:641][  0]LogTargetPlatformManager: Display: Loaded TargetPlatform 'Android_DXTClient'
[2020.02.27-03.00.57:641][  0]LogTargetPlatformManager: Display: Loaded TargetPlatform 'Android_ETC1Client'
[2020.02.27-03.00.57:641][  0]LogTargetPlatformManager: Display: Loaded TargetPlatform 'Android_ETC1aClient'
[2020.02.27-03.00.57:641][  0]LogTargetPlatformManager: Display: Loaded TargetPlatform 'Android_ETC2Client'
[2020.02.27-03.00.57:641][  0]LogTargetPlatformManager: Display: Loaded TargetPlatform 'Android_PVRTCClient'
[2020.02.27-03.00.57:641][  0]LogTargetPlatformManager: Display: Loaded TargetPlatform 'Android_Multi'
[2020.02.27-03.00.57:641][  0]LogTargetPlatformManager: Display: Loaded TargetPlatform 'Android_MultiClient'
[2020.02.27-03.00.57:702][  0]LogTargetPlatformManager: Display: Loaded TargetPlatform 'IOSClient'
[2020.02.27-03.00.57:702][  0]LogTargetPlatformManager: Display: Loaded TargetPlatform 'IOS'
[2020.02.27-03.00.57:720][  0]LogTargetPlatformManager: Display: Loaded TargetPlatform 'LinuxNoEditor'
[2020.02.27-03.00.57:738][  0]LogTargetPlatformManager: Display: Loaded TargetPlatform 'LinuxClient'
[2020.02.27-03.00.57:756][  0]LogTargetPlatformManager: Display: Loaded TargetPlatform 'LinuxServer'
[2020.02.27-03.00.57:775][  0]LogTargetPlatformManager: Display: Loaded TargetPlatform 'LinuxAArch64NoEditor'
[2020.02.27-03.00.57:792][  0]LogTargetPlatformManager: Display: Loaded TargetPlatform 'LinuxAArch64Client'
[2020.02.27-03.00.57:811][  0]LogTargetPlatformManager: Display: Loaded TargetPlatform 'LinuxAArch64Server'
[2020.02.27-03.00.57:846][  0]LogTargetPlatformManager: Display: Loaded TargetPlatform 'Lumin'
[2020.02.27-03.00.57:846][  0]LogTargetPlatformManager: Display: Loaded TargetPlatform 'LuminClient'
[2020.02.27-03.00.57:869][  0]LogTargetPlatformManager: Display: Loaded TargetPlatform 'TVOSClient'
[2020.02.27-03.00.57:869][  0]LogTargetPlatformManager: Display: Loaded TargetPlatform 'TVOS'
[2020.02.27-03.00.57:887][  0]LogTargetPlatformManager: Display: Loaded TargetPlatform 'WindowsNoEditor'
[2020.02.27-03.00.57:907][  0]LogTargetPlatformManager: Display: Loaded TargetPlatform 'Windows'
[2020.02.27-03.00.57:925][  0]LogTargetPlatformManager: Display: Loaded TargetPlatform 'WindowsClient'
[2020.02.27-03.00.57:943][  0]LogTargetPlatformManager: Display: Loaded TargetPlatform 'WindowsServer'
[2020.02.27-03.00.57:943][  0]LogTargetPlatformManager: Display: Building Assets For Windows
[2020.02.27-03.00.58:001][  0]LogAudioDebug: Display: Lib vorbis DLL was dynamically loaded.
[2020.02.27-03.00.58:352][  0]LogShaderCompilers: Guid format shader working directory is -26 characters bigger than the processId version (../../../../../../Users/ray/OneDrive/Documents/GitHub/ue4-project-asp/Intermediate/Shaders/WorkingDirectory/11688/).
[2020.02.27-03.00.58:352][  0]LogShaderCompilers: Cleaned the shader compiler working directory 'C:/Users/ray/AppData/Local/Temp/UnrealShaderWorkingDir/CE023637405F5B122A5D1EB48150D8E9/'.
[2020.02.27-03.00.58:352][  0]LogXGEController: Cleaning working directory: C:/Users/ray/AppData/Local/Temp/UnrealXGEWorkingDir/
[2020.02.27-03.00.58:353][  0]LogXGEController: Cannot use XGE Controller as Incredibuild is not installed on this machine.
[2020.02.27-03.00.58:353][  0]LogShaderCompilers: Cannot use XGE Shader Compiler as Incredibuild is not installed on this machine.
[2020.02.27-03.00.58:353][  0]LogShaderCompilers: Display: Using Local Shader Compiler.
[2020.02.27-03.01.00:764][  0]LogDerivedDataCache: Display: Max Cache Size: 512 MB
[2020.02.27-03.01.00:844][  0]LogDerivedDataCache: Loaded boot cache 0.08s 79MB C:/Users/ray/AppData/Local/UnrealEngine/4.24/DerivedDataCache/Boot.ddc.
[2020.02.27-03.01.00:844][  0]LogDerivedDataCache: Display: Loaded Boot cache: C:/Users/ray/AppData/Local/UnrealEngine/4.24/DerivedDataCache/Boot.ddc
[2020.02.27-03.01.00:844][  0]LogDerivedDataCache: FDerivedDataBackendGraph:  Pak pak cache file ../../../../../../Users/ray/OneDrive/Documents/GitHub/ue4-project-asp/DerivedDataCache/DDC.ddp not found, will not use a pak cache.
[2020.02.27-03.01.00:844][  0]LogDerivedDataCache: Unable to find inner node Pak for hierarchical cache Hierarchy.
[2020.02.27-03.01.00:844][  0]LogDerivedDataCache: FDerivedDataBackendGraph:  CompressedPak pak cache file ../../../../../../Users/ray/OneDrive/Documents/GitHub/ue4-project-asp/DerivedDataCache/Compressed.ddp not found, will not use a pak cache.
[2020.02.27-03.01.00:844][  0]LogDerivedDataCache: Unable to find inner node CompressedPak for hierarchical cache Hierarchy.
[2020.02.27-03.01.00:862][  0]LogDerivedDataCache: Display: Pak cache opened for reading ../../../Engine/DerivedDataCache/Compressed.ddp.
[2020.02.27-03.01.00:862][  0]LogDerivedDataCache: FDerivedDataBackendGraph:  EnterprisePak pak cache file ../../../Enterprise/DerivedDataCache/Compressed.ddp not found, will not use a pak cache.
[2020.02.27-03.01.00:862][  0]LogDerivedDataCache: Unable to find inner node EnterprisePak for hierarchical cache Hierarchy.
[2020.02.27-03.01.00:863][  0]LogDerivedDataCache: Using Local data cache path C:/Users/ray/AppData/Local/UnrealEngine/Common/DerivedDataCache: Writable
[2020.02.27-03.01.00:863][  0]LogDerivedDataCache: Shared data cache path not found in *engine.ini, will not use an Shared cache.
[2020.02.27-03.01.00:863][  0]LogDerivedDataCache: Unable to find inner node Shared for hierarchical cache Hierarchy.
[2020.02.27-03.01.00:885][  0]LogMaterial: Verifying Global Shaders for PCD3D_SM5
[2020.02.27-03.01.00:887][  0]LogSlate: Using FreeType 2.10.0
[2020.02.27-03.01.00:902][  0]LogSlate: SlateFontServices - WITH_FREETYPE: 1, WITH_HARFBUZZ: 1
[2020.02.27-03.01.01:104][  0]LogAssetRegistry: FAssetRegistry took 0.0023 seconds to start up
[2020.02.27-03.01.01:356][  0]LogInit: Selected Device Profile: [Windows]
[2020.02.27-03.01.01:899][  0]LogMeshReduction: Using QuadricMeshReduction for automatic static mesh reduction
[2020.02.27-03.01.01:899][  0]LogMeshReduction: Using SimplygonMeshReduction for automatic skeletal mesh reduction
[2020.02.27-03.01.01:899][  0]LogMeshReduction: Using ProxyLODMeshReduction for automatic mesh merging
[2020.02.27-03.01.01:899][  0]LogMeshReduction: No distributed automatic mesh merging module available
[2020.02.27-03.01.01:899][  0]LogMeshMerging: No distributed automatic mesh merging module available
[2020.02.27-03.01.01:937][  0]LogNetVersion: asp 1.0.0, NetCL: 10570792, EngineNetVer: 13, GameNetVer: 0 (Checksum: 790028843)
[2020.02.27-03.01.04:702][  0]LogPackageLocalizationCache: Processed 10 localized package path(s) for 1 prioritized culture(s) in 0.031558 seconds
[2020.02.27-03.01.04:708][  0]LogUObjectArray: 46750 objects as part of root set at end of initial load.
[2020.02.27-03.01.04:708][  0]LogUObjectAllocator: 8137160 out of 0 bytes used by permanent object pool.
[2020.02.27-03.01.04:708][  0]LogUObjectArray: CloseDisregardForGC: 0/0 objects in disregard for GC pool
[2020.02.27-03.01.06:378][  0]LogTcpMessaging: Initializing TcpMessaging bridge
[2020.02.27-03.01.06:397][  0]LogUdpMessaging: Initializing bridge on interface 0.0.0.0:0 to multicast group 230.0.0.1:6666.
[2020.02.27-03.01.06:700][  0]SourceControl: Source control is disabled
[2020.02.27-03.01.06:700][  0]SourceControl: Source control is disabled
[2020.02.27-03.01.06:749][  0]SourceControl: Source control is disabled
[2020.02.27-03.01.06:766][  0]SourceControl: Source control is disabled
[2020.02.27-03.01.06:783][  0]SourceControl: Source control is disabled
[2020.02.27-03.01.07:503][  0]LogAndroidPermission: UAndroidPermissionCallbackProxy::GetInstance
[2020.02.27-03.01.07:600][  0]LogAudioCaptureCore: Display: No Audio Capture implementations found. Audio input will be silent.
[2020.02.27-03.01.07:600][  0]LogAudioCaptureCore: Display: No Audio Capture implementations found. Audio input will be silent.
[2020.02.27-03.01.07:851][  0]LogOcInput: OculusInput pre-init called
[2020.02.27-03.01.07:896][  0]LogWindows: Failed to load 'OVRPlugin.dll' (GetLastError=126)
[2020.02.27-03.01.07:896][  0]LogWindows: File 'OVRPlugin.dll' does not exist
[2020.02.27-03.01.08:038][  0]LogEngine: Initializing Engine...
[2020.02.27-03.01.08:069][  0]LogHMD: Failed to initialize OpenVR with code 126
[2020.02.27-03.01.08:070][  0]LogStats: UGameplayTagsManager::InitializeManager -  0.000 s
[2020.02.27-03.01.08:368][  0]LogInit: Initializing FReadOnlyCVARCache
[2020.02.27-03.01.08:401][  0]LogAIModule: Creating AISystem for world Untitled
[2020.02.27-03.01.08:416][  0]LogAudioMixer: Display: Audio Mixer Platform Settings:
[2020.02.27-03.01.08:416][  0]LogAudioMixer: Display: 	Sample Rate:						  48000
[2020.02.27-03.01.08:416][  0]LogAudioMixer: Display: 	Callback Buffer Frame Size Requested: 1024
[2020.02.27-03.01.08:416][  0]LogAudioMixer: Display: 	Callback Buffer Frame Size To Use:	  1024
[2020.02.27-03.01.08:416][  0]LogAudioMixer: Display: 	Number of buffers to queue:			  2
[2020.02.27-03.01.08:416][  0]LogAudioMixer: Display: 	Max Channels (voices):				  32
[2020.02.27-03.01.08:416][  0]LogAudioMixer: Display: 	Number of Async Source Workers:		  0
[2020.02.27-03.01.08:416][  0]LogAudio: Display: AudioDevice MaxSources: 32
[2020.02.27-03.01.08:416][  0]LogAudio: Display: Using built-in audio occlusion.
[2020.02.27-03.01.08:416][  0]LogAudioMixer: Display: Initializing audio mixer.
[2020.02.27-03.01.08:479][  0]LogAudioMixer: Display: Audio Device Output Speaker Info:
[2020.02.27-03.01.08:479][  0]LogAudioMixer: Display: Name: Speakers/Headphones (Realtek(R) Audio)
[2020.02.27-03.01.08:479][  0]LogAudioMixer: Display: Is Default: Yes
[2020.02.27-03.01.08:479][  0]LogAudioMixer: Display: Sample Rate: 48000
[2020.02.27-03.01.08:479][  0]LogAudioMixer: Display: Channel Count Used: 2
[2020.02.27-03.01.08:479][  0]LogAudioMixer: Display: Device Channel Count: 2
[2020.02.27-03.01.08:479][  0]LogAudioMixer: Display: Channel Order:
[2020.02.27-03.01.08:479][  0]LogAudioMixer: Display: 0: FrontLeft
[2020.02.27-03.01.08:479][  0]LogAudioMixer: Display: 1: FrontRight
[2020.02.27-03.01.08:943][  0]LogAudioMixer: Display: Using Audio Device Speakers/Headphones (Realtek(R) Audio)
[2020.02.27-03.01.08:946][  0]LogInit: FAudioDevice initialized.
[2020.02.27-03.01.08:946][  0]LogNetVersion: Set ProjectVersion to 1.0.0.0. Version Checksum will be recalculated on next use.
[2020.02.27-03.01.08:994][  0]LogDerivedDataCache: Saved boot cache 0.05s 79MB C:/Users/ray/AppData/Local/UnrealEngine/4.24/DerivedDataCache/Boot.ddc.
[2020.02.27-03.01.08:999][  0]LogInit: Texture streaming: Enabled
[2020.02.27-03.01.09:061][  0]LogEngineSessionManager: EngineSessionManager initialized
[2020.02.27-03.01.09:061][  0]LogEditorSessionSummary: Verbose: Initializing EditorSessionSummaryWriter for editor session tracking
[2020.02.27-03.01.09:062][  0]LogEditorSessionSummary: EditorSessionSummaryWriter initialized
[2020.02.27-03.01.09:307][  0]LogInit: Transaction tracking system initialized
[2020.02.27-03.01.09:433][  0]BlueprintLog: New page: Editor Load
[2020.02.27-03.01.09:819][  0]LocalizationService: Localization service is disabled
[2020.02.27-03.01.10:464][  0]LogFileCache: Scanning file cache for directory 'C:/Users/ray/OneDrive/Documents/GitHub/ue4-project-asp/Content/' took 0.00s
[2020.02.27-03.01.10:464][  0]LogCook: Display: Max memory allowance for cook 16384mb min free memory 0mb
[2020.02.27-03.01.10:464][  0]LogCook: Display: Mobile HDR setting 1
[2020.02.27-03.01.12:012][  0]SourceControl: Source control is disabled
[2020.02.27-03.01.12:012][  0]Cmd: MAP LOAD FILE="../../../../../../Users/ray/OneDrive/Documents/GitHub/ue4-project-asp/Content/Death_1.umap" TEMPLATE=0 SHOWPROGRESS=1 FEATURELEVEL=3
[2020.02.27-03.01.12:012][  0]LightingResults: New page: Lighting Build
[2020.02.27-03.01.12:013][  0]LogWorld: UWorld::CleanupWorld for Untitled, bSessionEnded=true, bCleanupResources=true
[2020.02.27-03.01.12:013][  0]LogSlate: InvalidateAllWidgets triggered.  All widgets were invalidated
[2020.02.27-03.01.12:013][  0]MapCheck: New page: Map Check
[2020.02.27-03.01.12:013][  0]LightingResults: New page: Lighting Build
[2020.02.27-03.01.12:046][  0]LogUObjectHash: Compacting FUObjectHashTables data took   1.77ms
[2020.02.27-03.01.12:300][  0]LogTexture: Display: Building textures: HQ_Lightmap0_2 (AutoDXT, 64X64)
[2020.02.27-03.01.12:300][  0]LogTexture: Display: Building textures: LQ_Lightmap_0_2 (DXT1, 64X64)
[2020.02.27-03.01.12:300][  0]LogTexture: Display: Building textures: LQ_Lightmap_1_1 (DXT1, 256X256)
[2020.02.27-03.01.12:300][  0]LogTexture: Display: Building textures: HQ_Lightmap1_1 (AutoDXT, 256X256)
[2020.02.27-03.01.12:300][  0]LogTexture: Display: Building textures: ShadowMapTexture2D_1 (BGRA8, 256X128)
[2020.02.27-03.01.12:300][  0]LogTexture: Display: Building textures: ShadowMapTexture2D_2 (BGRA8, 64X32)
[2020.02.27-03.01.12:300][  0]LogTexture: Display: Building textures: UE4Man_Logo_N (BC5, 512X512)
[2020.02.27-03.01.12:300][  0]LogTexture: Display: Building textures: T_ML_Aluminum01_N (BC5, 512X512)
[2020.02.27-03.01.12:300][  0]LogTexture: Display: Building textures: UE4_Mannequin_occlusion_Mobile (DXT1, 512X512)
[2020.02.27-03.01.12:300][  0]LogTexture: Display: Building textures: T_ML_Aluminum01 (DXT1, 512X512)
[2020.02.27-03.01.12:300][  0]LogTexture: Display: Building textures: UE4_Mannequin_MAT_MASKA (AutoDXT, 1024X1024)
[2020.02.27-03.01.12:300][  0]LogTexture: Display: Building textures: T_ML_Rubber_Blue_01_D (DXT1, 512X512)
[2020.02.27-03.01.12:300][  0]LogTexture: Display: Building textures: T_ML_Rubber_Blue_01_N (BC5, 512X512)
[2020.02.27-03.01.12:567][  0]LogTexture: Display: Building textures: UE4_Mannequin__normals (BC5, 2048X2048)
[2020.02.27-03.01.12:567][  0]LogMaterial: Display: Missing cached shader map for material M_UE4Man_Body, compiling. 
[2020.02.27-03.01.12:675][  0]LogMaterial: Display: Missing cached shader map for material M_UE4Man_Body, compiling. 
[2020.02.27-03.01.12:725][  0]LogShaderCompilers: Display: Worker (1/9): shaders left to compile 98
[2020.02.27-03.01.12:725][  0]LogShaderCompilers: Display: Worker (2/9): shaders left to compile 88
[2020.02.27-03.01.12:725][  0]LogShaderCompilers: Display: Worker (3/9): shaders left to compile 78
[2020.02.27-03.01.12:725][  0]LogShaderCompilers: Display: Worker (4/9): shaders left to compile 68
[2020.02.27-03.01.12:725][  0]LogShaderCompilers: Display: Worker (5/9): shaders left to compile 58
[2020.02.27-03.01.12:725][  0]LogShaderCompilers: Display: Worker (6/9): shaders left to compile 48
[2020.02.27-03.01.12:725][  0]LogShaderCompilers: Display: Worker (7/9): shaders left to compile 38
[2020.02.27-03.01.12:725][  0]LogShaderCompilers: Display: Worker (8/9): shaders left to compile 28
[2020.02.27-03.01.12:725][  0]LogShaderCompilers: Display: Worker (9/9): shaders left to compile 18
[2020.02.27-03.01.12:725][  0]LogAnimationCompression: Building Anim DDC data for AnimSequence /Game/AnimStarterPack/Death_1.Death_1
[2020.02.27-03.01.12:725][  0]LogAnimationCompression: Recompressing (AnimSequence /Game/AnimStarterPack/Death_1.Death_1) using current/default (AnimCompress_BitwiseCompressOnly_14) bFirstRecompressUsingCurrentOrDefault(1) bTryAlternateCompressor(0) IsCompressedDataValid(0)
[2020.02.27-03.01.12:738][  0]LogSkeletalMesh: Building Skeletal Mesh SK_Mannequin...
[2020.02.27-03.01.12:843][  0]LogSkeletalMesh: Built Skeletal Mesh [0.10s] /Game/AnimStarterPack/UE4_Mannequin/Mesh/SK_Mannequin.SK_Mannequin
[2020.02.27-03.01.12:857][  0]LogAIModule: Creating AISystem for world Death_1
[2020.02.27-03.01.12:867][  0]LogEditorServer: Finished looking for orphan Actors (0.000 secs)
[2020.02.27-03.01.12:896][  0]LogUObjectHash: Compacting FUObjectHashTables data took   2.44ms
[2020.02.27-03.01.12:902][  0]Cmd: MAP CHECKDEP NOCLEARLOG
[2020.02.27-03.01.12:902][  0]MapCheck: Map check complete: 0 Error(s), 0 Warning(s), took 0.196ms to complete.
[2020.02.27-03.01.12:903][  0]LogFileHelpers: Loading map 'Death_1' took 0.891
[2020.02.27-03.01.13:119][  0]LogSlate: Updating window title bar state: overlay mode, drag disabled, window buttons hidden, title bar hidden
[2020.02.27-03.01.13:128][  0]LogSlate: Updating window title bar state: overlay mode, drag disabled, window buttons hidden, title bar hidden
[2020.02.27-03.01.13:140][  0]LogSlate: Updating window title bar state: overlay mode, drag disabled, window buttons hidden, title bar hidden
[2020.02.27-03.01.13:154][  0]LogSlate: Updating window title bar state: overlay mode, drag disabled, window buttons hidden, title bar hidden
[2020.02.27-03.01.13:186][  0]LogCollectionManager: Loaded 0 collections in 0.002434 seconds
[2020.02.27-03.01.13:205][  0]LogFileCache: Scanning file cache for directory 'C:/Users/ray/OneDrive/Documents/GitHub/ue4-project-asp/Saved/Collections/' took 0.00s
[2020.02.27-03.01.13:206][  0]LogFileCache: Scanning file cache for directory 'C:/Users/ray/OneDrive/Documents/GitHub/ue4-project-asp/Content/Developers/ray/Collections/' took 0.00s
[2020.02.27-03.01.13:206][  0]LogFileCache: Scanning file cache for directory 'C:/Users/ray/OneDrive/Documents/GitHub/ue4-project-asp/Content/Collections/' took 0.00s
[2020.02.27-03.01.13:206][  0]LogContentBrowser: Native class hierarchy populated in 0.0108 seconds. Added 3015 classes and 717 folders.
[2020.02.27-03.01.13:210][  0]LogContentBrowser: Native class hierarchy updated for 'WidgetCarousel' in 0.0006 seconds. Added 0 classes and 0 folders.
[2020.02.27-03.01.13:679][  0]LogContentBrowser: Native class hierarchy updated for 'AddContentDialog' in 0.0004 seconds. Added 0 classes and 0 folders.
[2020.02.27-03.01.13:734][  0]LogContentBrowser: Native class hierarchy updated for 'SceneOutliner' in 0.0004 seconds. Added 2 classes and 3 folders.
[2020.02.27-03.01.13:803][  0]LogSlate: Took 0.010067 seconds to synchronously load lazily loaded font '../../../Engine/Content/Slate/Fonts/Roboto-Regular.ttf' (155K)
[2020.02.27-03.01.13:815][  0]LogSlate: Took 0.009463 seconds to synchronously load lazily loaded font '../../../Engine/Content/Slate/Fonts/Roboto-Bold.ttf' (160K)
[2020.02.27-03.01.13:832][  0]LogSlate: Took 0.009428 seconds to synchronously load lazily loaded font '../../../Engine/Content/Editor/Slate/Fonts/FontAwesome.ttf' (139K)
[2020.02.27-03.01.14:064][  0]LogRenderer: Reallocating scene render targets to support 1208x572 Format 10 NumSamples 1 (Frame:1).
[2020.02.27-03.01.14:180][  0]LogSlate: Took 0.008247 seconds to synchronously load lazily loaded font '../../../Engine/Content/Slate/Fonts/Roboto-Light.ttf' (167K)
[2020.02.27-03.01.21:950][  0]LogShaderCompilers: Display: Worker (2/9): shaders left to compile 106
[2020.02.27-03.01.21:950][  0]LogShaderCompilers: Display: Worker (1/9): shaders left to compile 96
[2020.02.27-03.01.21:950][  0]LogShaderCompilers: Display: Worker (5/9): shaders left to compile 86
[2020.02.27-03.01.21:950][  0]LogShaderCompilers: Display: Worker (8/9): shaders left to compile 76
[2020.02.27-03.01.21:951][  0]LogShaderCompilers: Display: Worker (7/9): shaders left to compile 67
[2020.02.27-03.01.21:951][  0]LogShaderCompilers: Display: Worker (9/9): shaders left to compile 59
[2020.02.27-03.01.21:951][  0]LogShaderCompilers: Display: Worker (6/9): shaders left to compile 52
[2020.02.27-03.01.21:951][  0]LogShaderCompilers: Display: Worker (4/9): shaders left to compile 46
[2020.02.27-03.01.21:951][  0]LogShaderCompilers: Display: Worker (1/9): shaders left to compile 40
[2020.02.27-03.01.21:951][  0]LogShaderCompilers: Display: Worker (9/9): shaders left to compile 35
[2020.02.27-03.01.21:951][  0]LogShaderCompilers: Display: Worker (6/9): shaders left to compile 31
[2020.02.27-03.01.21:951][  0]LogShaderCompilers: Display: Worker (5/9): shaders left to compile 27
[2020.02.27-03.01.21:951][  0]LogShaderCompilers: Display: Worker (3/9): shaders left to compile 23
[2020.02.27-03.01.21:951][  0]LogShaderCompilers: Display: Worker (7/9): shaders left to compile 20
[2020.02.27-03.01.21:951][  0]LogSlate: Window 'Tutorials' being destroyed
[2020.02.27-03.01.22:009][  0]LogContentBrowser: Native class hierarchy updated for 'HierarchicalLODOutliner' in 0.0004 seconds. Added 0 classes and 0 folders.
[2020.02.27-03.01.22:009][  0]LogLoad: (Engine Initialization) Total time: 34.58 seconds
[2020.02.27-03.01.22:009][  0]LogLoad: (Engine Initialization) Total Blueprint compile time: 0.00 seconds
[2020.02.27-03.01.22:112][  0]LogShaderCompilers: Display: Worker (6/9): shaders left to compile 17
[2020.02.27-03.01.22:113][  0]LogContentStreaming: Texture pool size now 1000 MB
[2020.02.27-03.01.22:220][  2]LogAssetRegistry: Asset discovery search completed in 21.1172 seconds
[2020.02.27-03.01.22:227][  2]LogCollectionManager: Fixed up redirectors for 0 collections in 0.000036 seconds (updated 0 objects)
[2020.02.27-03.01.22:633][ 24]LogShaderCompilers: Display: Worker (8/9): shaders left to compile 15
[2020.02.27-03.01.22:633][ 24]LogShaderCompilers: Display: Worker (7/9): shaders left to compile 13
[2020.02.27-03.01.22:669][ 26]LogShaderCompilers: Display: Worker (4/9): shaders left to compile 11
[2020.02.27-03.01.22:806][ 34]LogShaderCompilers: Display: Worker (3/9): shaders left to compile 9
[2020.02.27-03.01.22:855][ 37]LogShaderCompilers: Display: Worker (5/9): shaders left to compile 7
[2020.02.27-03.01.22:939][ 42]LogShaderCompilers: Display: Worker (1/9): shaders left to compile 6
[2020.02.27-03.01.22:972][ 44]LogShaderCompilers: Display: Worker (6/9): shaders left to compile 5
[2020.02.27-03.01.23:314][ 63]LogShaderCompilers: Display: Worker (2/9): shaders left to compile 4
[2020.02.27-03.01.23:384][ 65]LogShaderCompilers: Display: Worker (5/9): shaders left to compile 3
[2020.02.27-03.01.23:399][ 66]LogShaderCompilers: Display: Worker (6/9): shaders left to compile 2
[2020.02.27-03.01.23:535][ 74]LogShaderCompilers: Display: Worker (1/9): shaders left to compile 1
[2020.02.27-03.03.22:714][850]MapCheck: New page: Map Check
[2020.02.27-03.03.22:731][850]Cmd: MAP REBUILD ALLVISIBLE
[2020.02.27-03.03.22:731][850]LogEditorServer: Rebuildmap Clear paths rebuilt
[2020.02.27-03.03.22:740][850]LogWorld: UWorld::CleanupWorld for Death_1, bSessionEnded=true, bCleanupResources=false
[2020.02.27-03.03.22:778][850]LogUObjectHash: Compacting FUObjectHashTables data took   1.56ms
[2020.02.27-03.03.22:790][850]LogMaterial: Display: Missing cached shader map for material DebugViewMode MaterialTexCoordScale, compiling. 
[2020.02.27-03.03.22:803][850]LogShaderCompilers: Display: Worker (1/9): shaders left to compile 2
[2020.02.27-03.03.22:803][850]LogShaderCompilers: Display: Worker (2/9): shaders left to compile 1
[2020.02.27-03.03.22:803][850]LogMaterial: Display: Missing cached shader map for material DebugViewMode MaterialTexCoordScale, compiling. 
[2020.02.27-03.03.22:816][850]LogMaterial: Display: Missing cached shader map for material DebugViewMode MaterialTexCoordScale, compiling. 
[2020.02.27-03.03.22:837][850]LogShaderCompilers: Display: Worker (3/9): shaders left to compile 2
[2020.02.27-03.03.22:837][850]LogShaderCompilers: Display: Worker (4/9): shaders left to compile 1
[2020.02.27-03.03.22:837][850]LogMaterial: Display: Missing cached shader map for material DebugViewMode MaterialTexCoordScale, compiling. 
[2020.02.27-03.03.23:266][850]LogShaderCompilers: Display: Worker (5/9): shaders left to compile 2
[2020.02.27-03.03.23:266][850]LogShaderCompilers: Display: Worker (6/9): shaders left to compile 1
[2020.02.27-03.03.23:266][850]LogShaderCompilers: Display: Worker (7/9): shaders left to compile 2
[2020.02.27-03.03.23:267][850]LogShaderCompilers: Display: Worker (8/9): shaders left to compile 1
[2020.02.27-03.03.23:267][850]TextureStreamingBuild: Display: Compiling optional shaders took 0.487 seconds.
[2020.02.27-03.03.23:295][850]LogLevel: Display: Export Material TexCoord Scales took 0.028 seconds.
[2020.02.27-03.03.23:297][850]TextureStreamingBuild: Display: Build Texture Streaming took 0.002 seconds.
[2020.02.27-03.03.23:324][850]LogUObjectHash: Compacting FUObjectHashTables data took   0.61ms
[2020.02.27-03.03.23:326][850]LightingResults: New page: Lighting Build - Feb 26, 2020, 11:03:23 AM
[2020.02.27-03.03.23:414][850]LogSwarmInterface: [OpenConnection] Registering TCP channel ...
[2020.02.27-03.03.23:520][850]LogSwarmInterface: [OpenConnection] Connecting to agent ...
[2020.02.27-03.03.23:532][850]LogSwarmInterface: [TryOpenConnection] Testing the Agent
[2020.02.27-03.03.24:039][850]LogSwarmInterface: [TryOpenConnection] Opening Connection to Agent
[2020.02.27-03.03.24:039][850]LogSwarmInterface: [TryOpenConnection] Local Process ID is 11688
[2020.02.27-03.03.26:499][850]LogStaticLightingSystem: Warning: No importance volume found, so the scene bounding box was used.  You can optimize your scene's quality and lighting build times by adding importance volumes.
[2020.02.27-03.03.26:500][850]LogStaticLightingSystem: Running Lightmass w/ ImmediateImport mode ENABLED
[2020.02.27-03.03.26:500][850]LogStaticLightingSystem: Running Lightmass w/ ImmediateProcess mode ENABLED
[2020.02.27-03.03.26:500][850]LogStaticLightingSystem: Running Lightmass w/ Sorting mode ENABLED
[2020.02.27-03.03.26:500][850]LogStaticLightingSystem: Running Lightmass w/ Mapping paddings ENABLED
[2020.02.27-03.03.26:500][850]LogStaticLightingSystem: Running Lightmass w/ Mapping debug paddings DISABLED
[2020.02.27-03.03.26:614][850]Cmd: MAP CHECK DONTDISPLAYDIALOG
[2020.02.27-03.03.26:614][850]MapCheck: New page: Death_1 - Feb 26, 2020, 11:03:26 AM
[2020.02.27-03.03.26:615][850]MapCheck: Map check complete: 0 Error(s), 0 Warning(s), took 0.802ms to complete.
[2020.02.27-03.03.26:617][850]LogEditorBuildUtils: Build time 0:03
[2020.02.27-03.03.26:634][850]LogMaterial: Display: Missing cached shader map for material FLightmassMaterialRenderer DefaultMaterial, compiling. 
[2020.02.27-03.03.26:647][850]LogMaterial: Display: Missing cached shader map for material FLightmassMaterialRenderer DefaultMaterial, compiling. 
[2020.02.27-03.03.26:716][851]LogShaderCompilers: Display: Worker (1/9): shaders left to compile 2
[2020.02.27-03.03.26:716][851]LogShaderCompilers: Display: Worker (2/9): shaders left to compile 1
[2020.02.27-03.03.26:716][851]LogShaderCompilers: Display: Worker (3/9): shaders left to compile 2
[2020.02.27-03.03.26:716][851]LogShaderCompilers: Display: Worker (4/9): shaders left to compile 1
[2020.02.27-03.03.26:729][851]LogMaterial: Display: Missing cached shader map for material FLightmassMaterialRenderer MaterialInstanceDynamic_0, compiling. 
[2020.02.27-03.03.26:748][851]LogShaderCompilers: Display: Worker (5/9): shaders left to compile 2
[2020.02.27-03.03.26:748][851]LogShaderCompilers: Display: Worker (6/9): shaders left to compile 1
[2020.02.27-03.03.26:748][851]LogMaterial: Display: Missing cached shader map for material FLightmassMaterialRenderer MaterialInstanceDynamic_0, compiling. 
[2020.02.27-03.03.26:758][851]LogShaderCompilers: Display: Worker (7/9): shaders left to compile 2
[2020.02.27-03.03.26:758][851]LogShaderCompilers: Display: Worker (8/9): shaders left to compile 1
[2020.02.27-03.03.26:861][852]LogMaterial: Display: Missing cached shader map for material FLightmassMaterialRenderer WorldGridMaterial, compiling. Is special engine material.
[2020.02.27-03.03.26:883][852]LogMaterial: Display: Missing cached shader map for material FLightmassMaterialRenderer WorldGridMaterial, compiling. Is special engine material.
[2020.02.27-03.03.27:529][853]LogShaderCompilers: Display: Worker (2/9): shaders left to compile 4
[2020.02.27-03.03.27:529][853]LogShaderCompilers: Display: Worker (4/9): shaders left to compile 3
[2020.02.27-03.03.27:529][853]LogShaderCompilers: Display: Worker (1/9): shaders left to compile 2
[2020.02.27-03.03.27:529][853]LogShaderCompilers: Display: Worker (3/9): shaders left to compile 1
[2020.02.27-03.03.27:663][858]LogUObjectHash: Compacting FUObjectHashTables data took   0.71ms
[2020.02.27-03.03.29:145][895]Job is a success!
[2020.02.27-03.03.29:173][896]LogSlate: Took 0.000122 seconds to synchronously load lazily loaded font '../../../Engine/Content/Slate/Fonts/Roboto-Light.ttf' (167K)
[2020.02.27-03.03.29:304][896]LogVolumetricLightmapImport: Imported Volumetric Lightmap in 0.008s
[2020.02.27-03.03.29:304][896]LogVolumetricLightmapImport:      Indirection Texture 16x16x16 = 0.0Mb
[2020.02.27-03.03.29:304][896]LogVolumetricLightmapImport:      BrickData (all levels) 0.0Mb (trimmed 0.0Mb due to 0.010000 MinBrickError)
[2020.02.27-03.03.29:304][896]LogVolumetricLightmapImport:      Bricks at depth
[2020.02.27-03.03.29:304][896]LogVolumetricLightmapImport:          0: 33.3% covering 100.0% of volume
[2020.02.27-03.03.29:304][896]LogVolumetricLightmapImport:          1: 33.3% covering 1.6% of volume
[2020.02.27-03.03.29:304][896]LogVolumetricLightmapImport:          2: 33.3% covering 0.0% of volume
[2020.02.27-03.03.29:304][896]LogVolumetricLightmapImport:      Bricks in each level
[2020.02.27-03.03.29:304][896]LogVolumetricLightmapImport:          Death_1 			 3 bricks 	 100.0% (Persistent Level)
[2020.02.27-03.03.29:331][896]LogTexture: Display: Building textures: LQ_Lightmap_0_1 (DXT1, 256X256)
[2020.02.27-03.03.29:332][896]LogTexture: Display: Building textures: HQ_Lightmap0_2 (AutoDXT, 64X64)
[2020.02.27-03.03.29:332][896]LogTexture: Display: Building textures: HQ_Lightmap0_1 (AutoDXT, 256X256)
[2020.02.27-03.03.29:332][896]LogTexture: Display: Building textures: LQ_Lightmap_0_2 (DXT1, 64X64)
[2020.02.27-03.03.29:332][896]LogTexture: Display: Building textures: ShadowMapTexture2D_1 (G8, 32X32)
[2020.02.27-03.03.29:332][896]LogTexture: Display: Building textures: ShadowMapTexture2D_0 (G8, 128X128)
[2020.02.27-03.03.29:332][896]LogStaticLightingSystem: Death_1_BuiltData storing lightmap data for 2 meshes in 2 LightmapResourceClusters (1.0 Meshes per cluster).
[2020.02.27-03.03.29:358][896]Lightmass on CARBON-14: 644 ms total, 102 ms importing, 16 ms setup, 73 ms photons, 404 ms processing, 0 ms extra exporting [2/2 mappings]. Threads: 4.43 sec total, 144 ms processing.
[2020.02.27-03.03.29:359][896]LogUObjectHash: Compacting FUObjectHashTables data took   1.41ms
[2020.02.27-03.03.29:433][896]LogStaticLightingSystem: Illumination: 6.01 sec (5 ms encoding lightmaps, 4 ms encoding shadowmaps)
[2020.02.27-03.03.29:433][896]LogStaticLightingSystem: Lightmap texture memory:  0.1 MB (0.1 MB streaming, 0.0 MB non-streaming), 4 textures
[2020.02.27-03.03.29:433][896]LogStaticLightingSystem: Shadowmap texture memory: 0.0 MB (0.0 MB streaming, 0.0 MB non-streaming), 2 textures
[2020.02.27-03.03.29:507][896]DumpUnbuiltLightIteractions
[2020.02.27-03.03.29:507][896]Lights with unbuilt interactions: 0
[2020.02.27-03.03.29:507][896]
[2020.02.27-03.03.29:507][896]Primitives with unbuilt interactions: 0
[2020.02.27-03.03.29:665][897]Cmd: MAP CHECK NOTIFYRESULTS
[2020.02.27-03.03.29:665][897]MapCheck: New page: Death_1 - Feb 26, 2020, 11:03:29 AM
[2020.02.27-03.03.29:665][897]MapCheck: Map check complete: 0 Error(s), 0 Warning(s), took 0.219ms to complete.
[2020.02.27-03.03.39:890][507]Cmd: OBJ SAVEPACKAGE PACKAGE="/Game/Death_1" FILE="../../../../../../Users/ray/OneDrive/Documents/GitHub/ue4-project-asp/Content/Death_1.umap" SILENT=true AUTOSAVING=false KEEPDIRTY=false
[2020.02.27-03.03.39:917][507]LogUObjectHash: Compacting FUObjectHashTables data took   1.46ms
[2020.02.27-03.03.39:934][507]LogSavePackage: Moving '../../../../../../Users/ray/OneDrive/Documents/GitHub/ue4-project-asp/Saved/Death_109BD5D234ECC466E5F4CCEBF5C228F05.tmp' to '../../../../../../Users/ray/OneDrive/Documents/GitHub/ue4-project-asp/Content/Death_1.umap'
[2020.02.27-03.03.39:962][507]Cmd: OBJ SAVEPACKAGE PACKAGE="/Game/Death_1_BuiltData" FILE="../../../../../../Users/ray/OneDrive/Documents/GitHub/ue4-project-asp/Content/Death_1_BuiltData.uasset" SILENT=true
[2020.02.27-03.03.39:971][507]LogSavePackage: Moving '../../../../../../Users/ray/OneDrive/Documents/GitHub/ue4-project-asp/Saved/Death_1_BuiltData8D5914654C6D17ED9663F6A38EC4D91B.tmp' to '../../../../../../Users/ray/OneDrive/Documents/GitHub/ue4-project-asp/Content/Death_1_BuiltData.uasset'
[2020.02.27-03.03.39:986][507]AssetCheck: New page: Asset Save: multiple assets
[2020.02.27-03.03.39:986][507]LogContentValidation: Display: Validating World /Game/Death_1.Death_1
[2020.02.27-03.03.39:986][507]LogContentValidation: Display: Validating MapBuildDataRegistry /Game/Death_1_BuiltData.Death_1_BuiltData
